Bokogi

Level 1 of the Dungeon
(0, 0, D:1)
  a +0 scale mail
(15, -19, D:1)
  a +0 club
(19, -6, D:1)
  a +0 dagger
(28, -10, D:1)
  4 large rocks
(29, 15, D:1)
  a +0 dagger
(42, -18, D:1)
  a +0 club
(55, 9, D:1)
  a +0 spear

Level 2 of the Dungeon
(0, 0, D:2)
  9 stones
(1, 15, D:2)
  a +2 dagger of protection
(4, 1, D:2)
  a +0 scale mail
(30, 28, D:2)
  6 stones
(33, -6, D:2)
  a +0 ring mail
(34, 9, D:2)
  a +0 short sword
(35, 22, D:2)
  a +0 club
  5 stones
(36, -5, D:2)
  a +0 hand axe
(41, 15, D:2)
  a +0 robe
  a +0 scythe
(42, -1, D:2)
  a +0 hand axe
(61, 28, D:2)
  a +0 club
  a +0 robe

Level 3 of the Dungeon
(0, 0, D:3)
  a +0 robe
(7, 36, D:3)
  a +0 scale mail
(17, 9, D:3)
  a +0 spear
(18, 10, D:3)
  4 javelins
(22, 3, D:3)
  a +0 sling
(41, 34, D:3)
  a +0 hand axe

Level 4 of the Dungeon
(0, 0, D:4)
  a +0 club
(5, -16, D:4)
  a +0 rapier
(14, -23, D:4)
  a +0 club
  a +0 sling
(15, 14, D:4)
  a +0 robe
(25, -8, D:4)
  a +0 giant club
(26, -6, D:4)
  a +0 short sword
  8 poisoned darts
(27, 0, D:4)
  a +0 hand axe
(28, -1, D:4)
  a +0 flail
(35, -8, D:4)
  a +0 sling
(35, -4, D:4)
  a +0 dagger
(38, -5, D:4)
  a +0 pair of boots

Level 5 of the Dungeon
(0, 0, D:5)
  a +0 short sword
(1, -6, D:5)
  a +0 dagger
(7, -13, D:5)
  a +0 war axe
  a +0 leather armour
  a +0 hand axe
  a +0 leather armour
(7, -12, D:5)
  a +0 hand axe
  a +0 leather armour
(8, -36, D:5)
  a +0 sling
(10, -35, D:5)
  a +0 dagger
(10, -5, D:5)
  a +0 short sword
  2 boomerangs
(21, -42, D:5)
  a +0 short sword
  a +0 ring mail
(22, -42, D:5)
  a +0 club
  a +0 short sword of draining
  a +0 whip
(23, -7, D:5)
  a +0 chain mail
(30, -16, D:5)
  a +0 robe

Level 6 of the Dungeon
(0, 0, D:6)
  5 stones
(4, 0, D:6)
  a scroll of amnesia
(4, 2, D:6)
  a +0 robe
(5, -14, D:6)
  a +0 leather armour
(9, -3, D:6)
  a +0 club
(11, -14, D:6)
  a +0 sling
(14, 3, D:6)
  a +0 mace
(15, 2, D:6)
  a +0 mace
  a +0 robe
  a +0 dagger
(17, 14, D:6)
  a +0 long sword
(22, -11, D:6)
  7 stones
(30, 21, D:6)
  +0 steam dragon scales
(31, -8, D:6)
  a +0 dagger
(31, 19, D:6)
  a +0 vampiric whip
(32, 15, D:6)
  Great Wizards, Vol. VII
(34, 23, D:6)
  a +0 giant club
(38, 27, D:6)
  5 stones
(39, 38, D:6)
  a +0 ring mail
(46, -5, D:6)
  a +0 ring mail
(56, -4, D:6)
  a +0 ring mail

Level 7 of the Dungeon
(0, 0, D:7)
  a +0 club
  a +0 dagger
  a +0 robe
  a +0 club
  a +0 scale mail
  a +0 dagger
  a +0 robe
  a +0 flail
(12, 0, D:7)
  a +0 short sword
  2 stones
(13, 1, D:7)
  a +0 dagger
  4 stones
  a +0 dagger
  a +0 short sword
(13, 2, D:7)
  a +0 club
  4 poisoned darts
(20, 54, D:7)
  7 stones
(24, 2, D:7)
  a +0 war axe
  a +0 war axe
  a +0 scale mail
  a +0 dagger
  a +0 robe
  a +0 dagger
  a +0 robe
(37, 31, D:7)
  a +0 flail
  a +0 dagger
  a +0 robe
  a +0 short sword
(38, 32, D:7)
  a +0 flail
(38, 40, D:7)
  a +0 chain mail
(54, 6, D:7)
  a +0 war axe
(55, 6, D:7)
  a +0 short sword
  a +0 hand axe

Level 8 of the Dungeon
(0, 0, D:8)
  5 silver javelins
(5, 26, D:8)
  a +0 longbow

the Ecumenical Temple

