Kuzon

Level 1 of the Dungeon
(0, 0, D:1)
  a +0 whip
(7, -23, D:1)
  2 stones
(12, -23, D:1)
  8 stones
(12, -19, D:1)
  a +0 ring mail
(14, 3, D:1)
  a +0 dagger
(25, 4, D:1)
  a +0 flail
(26, -17, D:1)
  a +0 club
(28, -7, D:1)
  a +0 short sword
(29, -33, D:1)
  8 stones

Level 2 of the Dungeon
(0, 0, D:2)
  a +0 ring mail
(16, -12, D:2)
  a +0 leather armour
(19, -9, D:2)
  a +0 robe
(25, -5, D:2)
  a +0 scale mail
  a +0 dagger
(26, 5, D:2)
  a +0 short sword
(30, -7, D:2)
  a +0 leather armour
(32, -29, D:2)
  a +0 chain mail
(32, -14, D:2)
  a +0 flail
(35, -39, D:2)
  2 stones
(35, -36, D:2)
  a +0 whip
(35, -14, D:2)
  a +0 halberd
(36, -20, D:2)
  a +0 chain mail
  a +0 mace
(36, -17, D:2)
  5 stones
(36, -15, D:2)
  a +0 club
(37, -15, D:2)
  a +0 halberd
(38, -25, D:2)
  a +0 robe
(38, -8, D:2)
  6 stones

Level 3 of the Dungeon
(16, 7, D:3)
  a +0 short sword
(17, 3, D:3)
  5 stones
(18, -6, D:3)
  a +0 dagger
  4 stones
(21, -9, D:3)
  a +0 ring mail
(23, 1, D:3)
  a +0 mace
(31, 37, D:3)
  a +0 dagger
  a stone
  a kobold corpse
(35, -22, D:3)
  a +0 dagger of venom
(41, 14, D:3)
  a +0 club
  a scroll of teleportation
(42, 35, D:3)
  a ball python corpse (skeletalised by now)
(43, -2, D:3)
  a +0 whip
(51, 23, D:3)
  a +0 hand axe
  a +0 hand axe
(51, 24, D:3)
  a +0 short sword
(56, 36, D:3)
  a +0 leather armour

