Bokogi

Level 1 of the Dungeon
[Shop] Tauxuigg's Weapon Shoppe
  a +0 mace (36 gold)
  a +0 whip (30 gold)
  a +0 hand axe (36 gold)
  a +0 spear (36 gold)
  a +0 trident (42 gold)
  the +1 long sword of Dominance {flame, rC+ Will+} (370 gold)
    rC:        It protects you from cold.
    Will:      It increases your willpower.
  a +0 spear (36 gold)
  a +0 dagger (24 gold)
  a +0 rapier (48 gold)
(0, 0, D:1)
  a +0 club
(0, 31, D:1)
  6 stones
(0, 32, D:1)
  a +0 dagger
(2, 4, D:1)
  a +0 flail
(10, -5, D:1)
  a +0 whip
(17, 21, D:1)
  a +0 whip
(17, 31, D:1)
  7 stones
(18, 5, D:1)
  a +0 club
  a stone
(23, 35, D:1)
  a +0 dagger
(25, 35, D:1)
  a +0 short sword
  3 stones
(27, 10, D:1)
  a +0 dagger
(28, 11, D:1)
  a +0 short sword
(40, 26, D:1)
  a +0 plate armour
(43, 19, D:1)
  a +0 hand axe of flaming
(45, 9, D:1)
  a +0 chain mail

Level 2 of the Dungeon
(0, 0, D:2)
  a +0 dagger
(10, 7, D:2)
  a +0 whip
(11, -2, D:2)
  a +0 vampiric dagger
(20, 2, D:2)
  a +0 dagger
(20, 18, D:2)
  a +0 cloak
(22, 2, D:2)
  a +0 ring mail
(36, -5, D:2)
  a +0 club
(36, 20, D:2)
  a +0 short sword
  a +0 short sword
(41, -5, D:2)
  a +0 short sword
  4 stones
(43, 31, D:2)
  5 stones
(50, 39, D:2)
  a +0 dagger
  a +0 dagger
  4 stones
(51, 32, D:2)
  a +0 dagger
(54, 33, D:2)
  2 stones
  a +0 pair of boots

Level 3 of the Dungeon
(15, -7, D:3)
  a +0 club
(16, 23, D:3)
  a +0 dagger
(18, -13, D:3)
  a +0 dagger
(19, -9, D:3)
  a +0 leather armour
(26, -22, D:3)
  8 stones
(28, -24, D:3)
  a +0 leather armour
(32, 24, D:3)
  a +0 robe
(54, -16, D:3)
  a +0 dagger
  a +0 robe
(62, 14, D:3)
  a +2 whip of venom
  3 stones

Level 4 of the Dungeon
(3, -1, D:4)
  a scarf of resistance
(3, 14, D:4)
  a +0 dagger
(6, 12, D:4)
  8 stones
(16, -2, D:4)
  a +0 robe
(20, 2, D:4)
  4 poisoned darts
(20, 16, D:4)
  4 stones
(23, 21, D:4)
  a +0 robe
(26, 21, D:4)
  a +0 shortbow
(27, -8, D:4)
  a +0 dagger
(27, -6, D:4)
  a +0 dagger
(28, 18, D:4)
  a +0 scale mail
(32, 4, D:4)
  a +0 robe
(33, 14, D:4)
  5 stones
  a +0 club

Level 5 of the Dungeon
(0, 0, D:5)
  a +0 helmet
(9, 1, D:5)
  a +0 flail
(10, -24, D:5)
  a +1 antimagic spear
  a +0 antimagic halberd
(12, -21, D:5)
  a +1 antimagic short sword
(16, -6, D:5)
  a +0 short sword
(22, -16, D:5)
  5 stones
(32, 8, D:5)
  a +0 robe
(35, -2, D:5)
  a +0 short sword
(36, -2, D:5)
  a +0 dagger
(38, -17, D:5)
  5 stones
(39, -13, D:5)
  a +0 dagger
  a +0 robe
(39, -1, D:5)
  a +0 hand axe
  a +0 leather armour
(40, -13, D:5)
  a +0 dagger
  a +0 robe
(40, -12, D:5)
  a +0 hand axe
(48, -2, D:5)
  a +0 long sword

Level 6 of the Dungeon
(0, 0, D:6)
  a +0 mace
(1, 3, D:6)
  a +0 dagger
  a +0 short sword
  a +0 ring mail
  a +0 short sword
(2, -48, D:6)
  a +0 long sword
(4, 5, D:6)
  a +0 ring mail
(9, -41, D:6)
  a +0 cloak
(10, -41, D:6)
  a +0 leather armour
  a +0 club

Level 7 of the Dungeon
(0, 0, D:7)
  a +0 shortbow
(2, -15, D:7)
  a +0 chain mail
  a +0 dagger
  an orc skeleton
(7, 4, D:7)
  a +0 ring mail
(12, -14, D:7)
  a +0 dagger
  a +0 robe
  an orb of guile
  an orc corpse
(13, -11, D:7)
  a +0 hand axe

the Ecumenical Temple

