Bokogi

Level 1 of the Dungeon
(27, -24, D:1)
  a +0 robe
(30, 13, D:1)
  a +2 ring mail of fire resistance
(32, -23, D:1)
  a +0 club
(32, -20, D:1)
  a +0 dagger
(32, -10, D:1)
  a +0 dagger
(33, -10, D:1)
  a +0 leather armour
(34, -19, D:1)
  a +0 club
(36, 1, D:1)
  a +0 dagger
(42, 10, D:1)
  a +0 dagger
(43, -5, D:1)
  a +0 chain mail

Level 2 of the Dungeon
(0, 0, D:2)
  a +0 robe
(5, -9, D:2)
  a +2 ring mail of poison resistance
(8, 14, D:2)
  a +0 trident
(9, 20, D:2)
  6 stones
(10, -9, D:2)
  a +0 spear
(21, 28, D:2)
  a +0 ring mail
(22, -8, D:2)
  a +0 leather armour
(28, 5, D:2)
  5 stones
(28, 15, D:2)
  a +0 club
(31, -4, D:2)
  a +0 war axe

Level 3 of the Dungeon
(5, 23, D:3)
  a +0 dagger
  4 poisoned darts
  a +0 falchion
  6 stones
  a +0 robe
  a +0 dagger
(12, -8, D:3)
  4 stones
(17, 1, D:3)
  a +0 dagger
(18, 2, D:3)
  a +0 dagger
(21, -7, D:3)
  a +0 dagger
(26, 22, D:3)
  a +0 dagger
(28, -17, D:3)
  a +0 ring mail
(33, 19, D:3)
  a +0 dagger

Level 4 of the Dungeon
(0, 0, D:4)
  a +0 flail
  a +0 scale mail
(2, -21, D:4)
  a +0 ring mail
(8, -4, D:4)
  a +0 ring mail
(9, -21, D:4)
  5 stones
(9, 14, D:4)
  a +0 mace
(19, -8, D:4)
  a +0 mace
(20, -6, D:4)
  8 stones
(21, -23, D:4)
  a +0 whip
  a +0 robe
  a +0 vampiric whip
(22, -24, D:4)
  a +0 spear
(22, -23, D:4)
  a +0 spear
  a +0 spear
(22, 11, D:4)
  4 poisoned darts
(28, -33, D:4)
  a +0 whip
(30, 8, D:4)
  7 stones
(31, 8, D:4)
  a +0 robe
(33, -5, D:4)
  6 scrolls of noise
(42, -1, D:4)
  a +0 helmet
(51, -3, D:4)
  6 stones

Level 5 of the Dungeon
(0, 0, D:5)
  a +0 short sword
  2 boomerangs
  a +1 leather armour of poison resistance
  a scroll of noise
(5, 12, D:5)
  a +0 dagger of venom
  a +0 robe
(29, 26, D:5)
  a +2 antimagic hand axe
(38, 7, D:5)
  a +0 short sword

Level 6 of the Dungeon
(11, -32, D:6)
  a +0 giant spiked club
(13, -27, D:6)
  a +0 spear
(18, -9, D:6)
  a scroll of noise
(21, -15, D:6)
  a +3 halberd
  a +0 robe
(21, -14, D:6)
  a +0 great sword
  a +0 robe
(22, -14, D:6)
  a +1 morningstar of pain
  a +0 robe
(23, -13, D:6)
  a +0 flail
  a +0 robe
(23, -11, D:6)
  a +0 shortbow
(25, -12, D:6)
  a +3 short sword
  a +0 robe
(33, -6, D:6)
  a +0 shortbow
(43, -21, D:6)
  a +4 short sword
  a +1 robe of positive energy
  a +0 long sword
  a +0 robe
(43, 7, D:6)
  a +0 short sword
(48, 0, D:6)
  a +0 leather armour

