Bokogi

Level 1 of the Dungeon
(14, 14, D:1)
  7 stones
(22, -11, D:1)
  a +3 dagger
(26, 4, D:1)
  a +0 dagger
(27, 5, D:1)
  2 stones
(38, 7, D:1)
  a +0 club
(43, 1, D:1)
  a +0 club
(44, 8, D:1)
  a +0 tower shield

Level 2 of the Dungeon
(10, -15, D:2)
  a +0 quarterstaff
(25, 0, D:2)
  a +0 club
(29, -9, D:2)
  a +0 club
(29, 13, D:2)
  a +0 club
(52, 17, D:2)
  a +0 short sword
  3 stones

Level 3 of the Dungeon
(0, 0, D:3)
  a +0 robe
(0, 3, D:3)
  a quokka corpse
(8, 10, D:3)
  a +0 leather armour
(11, 23, D:3)
  6 stones
(13, 12, D:3)
  a +0 short sword
  a stone
(14, 12, D:3)
  a giant cockroach corpse
(17, 3, D:3)
  a +0 mace
(18, 2, D:3)
  a +0 spear
  a +0 leather armour
  a scroll of identify
(19, 1, D:3)
  a bat corpse
(23, -2, D:3)
  a +0 mace
  15 gold pieces
(26, 14, D:3)
  a +0 short sword
(27, 39, D:3)
  a +0 club

