Bokogi

Level 1 of the Dungeon
[Shop] Voxodaetz's Weapon Shop
  a +3 glaive of venom (248 gold)
  a +0 hand axe (30 gold)
  4 atropa-tipped darts (36 gold)
  a +0 trident (35 gold)
  a +4 vampiric war axe (325 gold)
  the +7 rapier of Iconoclasm {distort, rPois rC+ Str-4} (548 gold)
    Str:       It affects your strength (-4).
    rC:        It protects you from cold.
    rPois:     It protects you from poison.
(0, 0, D:1)
  a +0 sling
(2, -38, D:1)
  a +0 whip
(5, -38, D:1)
  3 boomerangs
(7, 15, D:1)
  a +0 dagger
(16, -11, D:1)
  a +0 dagger
(16, 17, D:1)
  6 stones
(19, -45, D:1)
  a +0 ring mail
(25, 4, D:1)
  a +0 club
(27, 1, D:1)
  a +0 club
(40, -42, D:1)
  a +0 mace
(45, -7, D:1)
  a +0 whip
(56, -6, D:1)
  a +0 sling

Level 2 of the Dungeon
(0, 0, D:2)
  a +0 short sword
(1, -2, D:2)
  a +0 mace
  a +0 robe
(9, -19, D:2)
  a +0 robe
(11, -20, D:2)
  a +0 dagger
(12, -4, D:2)
  a +0 club
(21, -6, D:2)
  8 stones
(24, 5, D:2)
  a +0 dagger
  3 stones
(27, -15, D:2)
  a +0 falchion
  a +4 scale mail of fire resistance
(33, -32, D:2)
  2 stones
(36, -36, D:2)
  a +0 club
  a +0 club
(36, -35, D:2)
  a +0 club
  a +0 club
(37, -35, D:2)
  a +0 dagger
  a +0 dagger
  a +0 dagger
(44, -30, D:2)
  a +0 scythe
(46, -28, D:2)
  a +0 dagger
(46, -26, D:2)
  a +0 club
  a +0 animal skin
  a +0 helmet
(47, -4, D:2)
  a +0 morningstar
(49, -37, D:2)
  a +0 mace

Level 3 of the Dungeon
(0, 0, D:3)
  a +0 dagger
  a +0 robe
(1, -31, D:3)
  5 stones
(2, 14, D:3)
  a +0 quarterstaff
(6, -29, D:3)
  a +0 club
  a +0 leather armour
(10, 12, D:3)
  a +0 club
(13, -24, D:3)
  a +0 dagger
  7 poisoned darts
(14, -25, D:3)
  a scarf of resistance
(15, 18, D:3)
  a staff of air
(26, -25, D:3)
  a +0 leather armour
(39, 4, D:3)
  a potion of degeneration
(57, 14, D:3)
  a +0 dagger
  a +0 robe
  a +0 dagger
  3 boomerangs
  a +0 scale mail

Level 4 of the Dungeon
(25, 19, D:4)
  6 stones
(26, 23, D:4)
  4 stones
(32, -31, D:4)
  a +0 short sword
(38, 18, D:4)
  a +0 dagger
(54, -24, D:4)
  a +0 short sword
(55, -8, D:4)
  7 stones
(57, -25, D:4)
  a +0 whip
  an orc corpse (skeletalised by now)
(58, -24, D:4)
  a +0 trident
  an orc corpse (skeletalised by now)
(62, -11, D:4)
  a +0 club
  a kobold corpse

