Bokogi

Level 1 of the Dungeon
(5, -5, D:1)
  a +0 whip
  3 stones
(5, 1, D:1)
  a +0 dagger
(5, 12, D:1)
  6 poisoned darts
(7, 5, D:1)
  6 silver boomerangs
(22, -9, D:1)
  4 stones
(31, 7, D:1)
  a +0 short sword
(43, 9, D:1)
  a +0 leather armour
(45, 6, D:1)
  a +0 dagger
(46, 9, D:1)
  4 poisoned darts
(48, 1, D:1)
  a +0 mace

Level 2 of the Dungeon
(0, 0, D:2)
  a rat corpse
(17, -7, D:2)
  a rat corpse

Level 3 of the Dungeon
(0, 0, D:3)
  a hobgoblin corpse
(3, -4, D:3)
  a scroll of identify
(3, -1, D:3)
  a ball python corpse
(4, -1, D:3)
  13 gold pieces
  a ball python corpse
(5, 0, D:3)
  15 gold pieces

Level 4 of the Dungeon
(0, 0, D:4)
  a scroll of amnesia

