GoodOmen

Level 1 of the Dungeon
(0, 0, D:1)
  18 sling bullets
(1, -10, D:1)
  a +0 war axe
(7, -19, D:1)
  a +0 chain mail
(22, 6, D:1)
  a +0 ring mail
(31, 21, D:1)
  a +0 dagger
(53, -16, D:1)
  a +0 dagger
(53, 2, D:1)
  a +0 club

Level 2 of the Dungeon
[Shop] Fycypeur's Armour Shop
  a +0 robe of willpower (107 gold)
  a +0 ring mail (56 gold)
  a +0 scale mail (56 gold)
  a +0 kite shield (63 gold)
  a +0 plate armour (322 gold)
  a +0 leather armour (28 gold)
  a +0 ring mail (56 gold)
  a +0 robe (9 gold)
  the +5 scale mail of the Lily {+Inv Int+4} (719 gold)
    Int:       It affects your intelligence (+4).
    +Inv:      It lets you turn invisible.
  a +0 ring mail (56 gold)
(0, 0, D:2)
  a quokka corpse
(4, 7, D:2)
  an adder corpse (skeletalised by now)
(11, -3, D:2)
  a +0 hunting sling
  a +0 club
(12, -2, D:2)
  a +0 short sword
  a kobold corpse (skeletalised by now)
(14, 11, D:2)
  8 sling bullets
(15, 1, D:2)
  a +0 dagger
(17, 5, D:2)
  the +2 ring mail "Heneac" {Contam Will++ Regen+}
    Contam:    It causes magical contamination when unequipped.
    Regen:     It increases your rate of health regeneration.
    Will:      It greatly increases your willpower.
(25, -5, D:2)
  16 stones
(31, 24, D:2)
  a bat corpse

