Kuzon

Level 1 of the Dungeon
(4, -50, D:1)
  5 stones
(10, -44, D:1)
  a +0 leather armour
(25, -34, D:1)
  a +0 club
(26, -32, D:1)
  a +0 club
  3 stones
(38, -8, D:1)
  a +0 club
  3 stones
(57, -13, D:1)
  a +0 club
  5 stones
(58, -21, D:1)
  a +0 robe
(60, 2, D:1)
  a +0 club

Level 2 of the Dungeon
(0, 0, D:2)
  4 stones
(2, 2, D:2)
  8 stones
(11, -16, D:2)
  a +0 robe
(18, -21, D:2)
  a +0 robe
(23, 5, D:2)
  a +0 ring mail
(33, 5, D:2)
  a +0 morningstar
(37, -34, D:2)
  a +0 trident
(38, -14, D:2)
  a +0 dagger

Level 3 of the Dungeon
(0, 0, D:3)
  a +0 dagger
(8, 5, D:3)
  a +0 short sword
(17, 30, D:3)
  a +0 dagger
(18, 29, D:3)
  a +0 dagger
  a +0 robe
(25, -8, D:3)
  a +0 dagger
(25, 8, D:3)
  a +2 spear of venom
(37, 17, D:3)
  a +0 falchion
(40, 2, D:3)
  8 stones
(40, 3, D:3)
  6 stones
(44, 25, D:3)
  a +0 short sword
(45, 22, D:3)
  a +0 whip

Level 4 of the Dungeon
(0, 0, D:4)
  a +0 scale mail
(7, 7, D:4)
  a +0 dagger
  a +0 robe
(8, 7, D:4)
  a +0 dagger
  a +0 robe
(8, 28, D:4)
  a +0 club
(10, 21, D:4)
  a +0 club
(11, 20, D:4)
  a +0 dagger
(16, -5, D:4)
  a +1 flail of holy wrath
(24, -4, D:4)
  a +0 short sword
(25, -5, D:4)
  a +0 club
  a +0 leather armour
(26, -5, D:4)
  a +0 club
  a +0 robe
(34, 21, D:4)
  a book of Lightning
(35, 16, D:4)
  7 stones
(38, -15, D:4)
  a +0 quarterstaff
(44, 37, D:4)
  a +0 club
  a +0 club
  a +0 flail
  a +0 flail
(46, -2, D:4)
  a +0 club
  a +0 chain mail
(47, -4, D:4)
  a +0 dagger
  a +0 robe
(48, -4, D:4)
  a +0 short sword
  a +0 dagger
  a +0 ring mail
(49, -5, D:4)
  a +0 club
(53, 44, D:4)
  2 stones

Level 5 of the Dungeon
(0, 0, D:5)
  a +0 chain mail
(6, 6, D:5)
  a +0 sling
(13, 17, D:5)
  a book of Minor Magic
(14, -22, D:5)
  a potion of lignification
(15, 11, D:5)
  a +0 short sword
(16, 12, D:5)
  a +0 scale mail
(19, -14, D:5)
  a +0 plate armour
  a +0 spear
(19, -6, D:5)
  a +0 shortbow
(20, -13, D:5)
  a +0 flail
  a +0 flail
(23, 11, D:5)
  a +0 dagger
(24, -3, D:5)
  a +0 leather armour
(41, -9, D:5)
  a +0 quarterstaff of holy wrath
(42, -9, D:5)
  4 scrolls of amnesia
(44, -5, D:5)
  a +0 dagger
  a +0 robe
(45, -6, D:5)
  7 stones
(45, -5, D:5)
  a +0 dagger
(47, -5, D:5)
  a +0 hand axe
  a +0 leather armour

Level 6 of the Dungeon
(0, 0, D:6)
  a +0 shortbow

