GoodOmen

Level 1 of the Dungeon
(0, 0, D:1)
  a +0 dagger
(3, -1, D:1)
  2 poisoned darts
(14, -3, D:1)
  a +0 scale mail
(21, 5, D:1)
  a +0 dagger
(23, -26, D:1)
  a +0 club
  a stone
  a kobold corpse (skeletalised by now)
(23, -14, D:1)
  3 poisoned darts
(33, -27, D:1)
  a +0 sling
(41, -26, D:1)
  a +0 club
(44, 0, D:1)
  a +0 short sword
(45, -17, D:1)
  3 poisoned darts
(52, -3, D:1)
  a ball python skeleton
(53, -27, D:1)
  a ball python corpse (skeletalised by now)
(55, 14, D:1)
  a +0 dagger
(56, 10, D:1)
  a +0 leather armour
(62, -6, D:1)
  3 javelins

Level 2 of the Dungeon
(0, 0, D:2)
  a rat corpse
(0, 5, D:2)
  an adder corpse

