Bokogi

Level 1 of the Dungeon
(22, 3, D:1)
  a +0 leather armour
(24, -13, D:1)
  a +0 mace
(25, 29, D:1)
  a +0 club
(27, 23, D:1)
  4 javelins
(28, 13, D:1)
  a +0 robe
(31, 31, D:1)
  a +0 sling
(36, -3, D:1)
  a +0 dagger
(36, 3, D:1)
  a +0 club
(47, 0, D:1)
  a +0 dagger
(50, -7, D:1)
  a +0 club
  a gnoll corpse
(56, 3, D:1)
  a +0 short sword
  5 stones
(59, -8, D:1)
  a rat corpse

Level 2 of the Dungeon
(0, 0, D:2)
  a +0 leather armour
(14, -13, D:2)
  a +0 short sword
  5 stones
(17, -12, D:2)
  a bat corpse

