Bokogi

Level 1 of the Dungeon
(0, 0, D:1)
  a +2 whip of freezing
(0, 21, D:1)
  a +0 club
(2, 4, D:1)
  a +0 dagger
(13, 9, D:1)
  a +2 dagger of venom
(19, -5, D:1)
  a +0 dagger
  a +0 sling
(30, 25, D:1)
  a +0 short sword
(39, -3, D:1)
  a +0 club
(41, -9, D:1)
  8 stones
(41, -3, D:1)
  a +1 short sword of draining
(50, 7, D:1)
  a +0 short sword
  5 stones
(53, 19, D:1)
  a +0 leather armour
(53, 29, D:1)
  a +0 dagger

Level 2 of the Dungeon
(0, 0, D:2)
  a +0 dagger
(5, -9, D:2)
  a +0 mace
(6, 25, D:2)
  a +2 war axe of freezing
(12, 21, D:2)
  2 stones
(14, 11, D:2)
  5 boomerangs
(23, 22, D:2)
  3 stones
(34, -12, D:2)
  a +0 dagger
(39, -10, D:2)
  a +0 hand axe
(40, -8, D:2)
  5 javelins
(40, -6, D:2)
  a +0 leather armour
(41, 3, D:2)
  a +0 whip
  a stone
(42, -13, D:2)
  a +0 pair of boots
(42, 11, D:2)
  a +0 short sword
  4 stones
(45, -18, D:2)
  a +0 short sword

Level 3 of the Dungeon
(1, -3, D:3)
  a +0 hammer
(14, 26, D:3)
  a +0 short sword
  a kobold corpse (skeletalised by now)
(30, 7, D:3)
  a +0 dagger
(30, 8, D:3)
  a +0 hand axe
  a +0 chain mail
(30, 9, D:3)
  a +0 trident
  a boomerang
  a +0 leather armour
(30, 11, D:3)
  a +0 club
(30, 25, D:3)
  a +0 club
(32, 3, D:3)
  a +0 falchion
  a +0 mace
  a +0 leather armour
  a +0 club
  a +0 flail
(37, 26, D:3)
  a +0 dagger
  a +0 leather armour
(38, 11, D:3)
  a +0 scale mail
(42, 37, D:3)
  a dart slug corpse
(49, 32, D:3)
  a +0 hand axe

Level 4 of the Dungeon
(0, 0, D:4)
  7 gold pieces
(2, 1, D:4)
  8 gold pieces
(3, 1, D:4)
  a scroll of enchant weapon
(5, -24, D:4)
  a +0 club
  an orc corpse

