Xikchaka

Level 1 of the Dungeon
(0, 0, D:1)
  a +0 spear
(6, -16, D:1)
  6 poisoned darts
(10, -10, D:1)
  a +0 mace
(27, -30, D:1)
  a +0 dagger
(39, -15, D:1)
  a +0 club
(40, -17, D:1)
  a +0 club
(61, -18, D:1)
  a +0 hat

Level 2 of the Dungeon
(8, -32, D:2)
  a +0 helmet
(17, -48, D:2)
  4 poisoned darts
(36, -38, D:2)
  a +0 scale mail
(49, -42, D:2)
  a +0 spear
(53, -39, D:2)
  a +0 spear
(55, -46, D:2)
  a +0 ring mail
(56, -40, D:2)
  a +0 flail
  a +0 scythe
  a +0 trident
  a +0 robe

Level 3 of the Dungeon
[Shop] Lebbim's Assorted Antiques
  a +0 trident (87 gold)
  a scroll of identify (50 gold)
  a staff of earth (625 gold)
  a potion of attraction (75 gold)
  a scroll of fog (100 gold)
(0, 0, D:3)
  2 large rocks
(0, 9, D:3)
  a +0 scale mail
(1, 7, D:3)
  5 stones
  a +0 club
(2, 8, D:3)
  2 stones
(4, 10, D:3)
  a +0 quarterstaff
(5, 5, D:3)
  4 stones
  a +0 dagger
(7, 12, D:3)
  7 stones
(17, 24, D:3)
  a +0 cloak
(23, 4, D:3)
  a +0 sling
  a +0 dagger
(26, 13, D:3)
  a +0 whip
(34, 19, D:3)
  a +0 robe
(35, 3, D:3)
  a +0 short sword
  a +0 hand axe
(36, 3, D:3)
  a +0 dagger
(37, 2, D:3)
  a +0 trident

Level 4 of the Dungeon
(0, 0, D:4)
  a +0 robe
(0, 17, D:4)
  a +0 dagger
(9, 15, D:4)
  a +0 club
(9, 39, D:4)
  a +0 dagger
(11, 9, D:4)
  a +0 mace
(13, 3, D:4)
  a +0 robe
(14, 16, D:4)
  3 stones
(15, 18, D:4)
  4 boomerangs
(19, 16, D:4)
  a +0 ring mail
(22, 1, D:4)
  a +0 giant spiked club
(32, 28, D:4)
  a +0 ring mail
(53, 18, D:4)
  a +0 whip of freezing
  a +0 robe
(58, 19, D:4)
  a +0 club

Level 5 of the Dungeon
(0, 0, D:5)
  a +0 war axe
  a +0 leather armour
(1, -1, D:5)
  a +0 whip
(4, -1, D:5)
  a +0 shortbow
(12, 37, D:5)
  a +0 sling
(16, -3, D:5)
  a +0 rapier
(18, 45, D:5)
  a +0 dagger
  a +0 dagger
  a +0 robe
  a +0 flail
(19, 45, D:5)
  a +0 short sword
  a +0 leather armour
(25, 32, D:5)
  a +0 hand axe
  a +0 short sword
  a +0 leather armour
(27, 30, D:5)
  a +0 whip
  a +0 ring mail
(27, 31, D:5)
  a +0 dagger
  a +0 robe
(31, 3, D:5)
  a +0 club
(32, 4, D:5)
  a +0 scimitar
  +0 steam dragon scales
(34, -6, D:5)
  a +0 robe

Level 6 of the Dungeon
(0, 0, D:6)
  a stone
(1, 10, D:6)
  a +0 short sword
  7 poisoned darts
  a +0 short sword
  a +0 whip
  a stone
(1, 18, D:6)
  a +0 dagger
(1, 19, D:6)
  a +0 short sword
  a +0 ring mail
(2, 9, D:6)
  a +0 dagger
(2, 10, D:6)
  a +0 dagger
  a +0 short sword
(2, 16, D:6)
  a +0 dagger
(10, 26, D:6)
  a +0 club
(10, 27, D:6)
  a +0 mace
(15, 13, D:6)
  a +0 short sword
(16, 14, D:6)
  a +0 flail
  a +0 short sword
  3 stones
(17, 13, D:6)
  a +0 club
  6 poisoned darts
(17, 14, D:6)
  a +2 short sword of speed
  2 stones
(18, 13, D:6)
  a +1 flail of pain
  a +0 spear
(18, 14, D:6)
  a +0 spear
(19, 1, D:6)
  a +0 sling
(27, -7, D:6)
  4 stones
(37, -12, D:6)
  a +0 flail
(37, -11, D:6)
  a +0 flail
(38, 17, D:6)
  a +0 giant spiked club
(46, 25, D:6)
  a +0 whip

Level 7 of the Dungeon
(7, -37, D:7)
  a +0 ring mail
(32, -24, D:7)
  a +0 hand axe
(42, -30, D:7)
  8 stones
  a +0 mace
(42, -16, D:7)
  a +0 hand axe
  a +0 club
(42, -15, D:7)
  a +0 hand axe

Level 8 of the Dungeon
[Shop] Rorid's Armour Boutique
  the +10 plate armour of Piviaf {-Tele rN++ Dex+4} (1286 gold)
    Dex:       It affects your dexterity (+4).
    rN:        It greatly protects you from negative energy.
    -Tele:     It prevents most forms of teleportation.
  a +0 chain mail (63 gold)
  a +0 ring mail (56 gold)
  a +0 pair of gloves (63 gold)
  a +0 leather armour (28 gold)
  a +0 scale mail (56 gold)
  a +0 robe (9 gold)
  a +0 chain mail (63 gold)
  a +0 ring mail (56 gold)
  a +0 pair of gloves (63 gold)
(0, 0, D:8)
  a +0 flail
  a wolf corpse
(5, 0, D:8)
  a sky beast corpse
(5, 1, D:8)
  a +0 long sword
  a wyvern corpse
(9, 25, D:8)
  a +1 shortbow of electrocution
(10, -4, D:8)
  a +0 hand axe
  a +0 ring mail
  an orc corpse
(11, -9, D:8)
  9 stones
(11, -4, D:8)
  a +0 mace
  a +0 dagger
(12, -4, D:8)
  a +0 mace
  a +0 leather armour
(14, 13, D:8)
  a +2 vampiric short sword
  a +1 cloak
(24, 3, D:8)
  a +0 ring mail
(32, 12, D:8)
  a +0 club
(35, 0, D:8)
  a +0 short sword
(36, 0, D:8)
  a +0 spear
(47, 20, D:8)
  a +0 scimitar

