Bokogi

Level 1 of the Dungeon
(0, 0, D:1)
  a +0 scale mail
(12, 10, D:1)
  a +0 dagger
(33, 36, D:1)
  a +0 dagger
(36, 3, D:1)
  6 stones
(37, 15, D:1)
  a +0 scale mail
(39, 39, D:1)
  3 poisoned darts
(43, -4, D:1)
  9 stones
(48, 25, D:1)
  a +0 mace

Level 2 of the Dungeon
(0, 0, D:2)
  a +0 robe
(7, 16, D:2)
  a bat corpse (skeletalised by now)
(10, -13, D:2)
  9 stones
(24, 9, D:2)
  a +0 trident
(31, 16, D:2)
  a +0 dagger
  2 stones
  a kobold corpse (skeletalised by now)
(39, -16, D:2)
  a +0 ring mail
(42, 14, D:2)
  a +0 robe
(43, 21, D:2)
  a +0 ring mail
(56, -22, D:2)
  a +0 mace

Level 3 of the Dungeon
(0, 0, D:3)
  a gold piece
(0, 2, D:3)
  a gold piece
(2, 4, D:3)
  a +0 trident
  3 boomerangs
  an orc corpse
(2, 7, D:3)
  18 gold pieces
  a bat corpse
(3, 4, D:3)
  a +0 club
  3 boomerangs
(3, 5, D:3)
  a +0 whip
  a +0 ring mail
  an orc corpse
(4, 13, D:3)
  12 gold pieces
(6, 10, D:3)
  a +0 dagger

