GoodOmen

Level 1 of the Dungeon
(6, 4, D:1)
  a +0 whip
  a +0 dagger
  5 stones
(17, -2, D:1)
  a +0 dagger
  5 stones
(34, -25, D:1)
  a +0 dagger
(38, -32, D:1)
  a +0 whip
(41, -13, D:1)
  a +0 leather armour
(43, -28, D:1)
  2 stones

Level 2 of the Dungeon
(5, -47, D:2)
  a +0 club
(40, -37, D:2)
  4 boomerangs
(41, -52, D:2)
  5 stones
(45, -47, D:2)
  a +0 mace
(49, -24, D:2)
  a +0 leather armour
(54, -32, D:2)
  a +0 dagger

Level 3 of the Dungeon
(2, 8, D:3)
  a +0 flail
(5, 34, D:3)
  a +0 club
(10, 30, D:3)
  a +0 scale mail
(13, 18, D:3)
  a scarf of shadows
(18, 15, D:3)
  a +0 robe
(25, 32, D:3)
  a +0 dagger
(31, 27, D:3)
  a +0 sling

Level 4 of the Dungeon
(0, 0, D:4)
  a +0 hand axe
(9, -24, D:4)
  a +0 club
(10, -26, D:4)
  a +0 leather armour
(16, 15, D:4)
  a +0 dagger
(18, 26, D:4)
  a +0 club
  6 stones
(24, 18, D:4)
  a +0 dagger
(32, 25, D:4)
  a +0 war axe
(34, 24, D:4)
  a +0 short sword
  5 stones
(39, -5, D:4)
  a +0 dagger
(42, -6, D:4)
  a +2 vampiric hand axe
(44, -3, D:4)
  a +0 dagger

Level 5 of the Dungeon
(0, 0, D:5)
  4 stones
(3, 29, D:5)
  a +0 quarterstaff
(7, 20, D:5)
  a +0 dagger
(10, -5, D:5)
  a +0 whip
  a +0 whip
(22, 11, D:5)
  a +0 spear
  a +0 scale mail
  a +0 buckler
(23, 12, D:5)
  a +0 whip
  a +0 whip
(25, 35, D:5)
  a +0 dagger
  a +0 robe
  a +0 whip
(27, 35, D:5)
  a +0 club
(27, 36, D:5)
  a +0 dagger
  a +0 robe
(28, 42, D:5)
  7 stones
(44, 0, D:5)
  a +0 giant spiked club
  a +0 giant club
(53, 6, D:5)
  a +0 rapier
(54, 18, D:5)
  a +0 ring mail
(59, 38, D:5)
  a +0 leather armour

Level 6 of the Dungeon
(5, 23, D:6)
  7 gold pieces
(5, 24, D:6)
  a +0 chain mail
(8, 4, D:6)
  a +0 rapier
(17, 33, D:6)
  13 gold pieces

