Bokogi

Level 1 of the Dungeon
(0, 0, D:1)
  a +0 leather armour
(5, 7, D:1)
  a +0 club
(6, 5, D:1)
  a +0 club
(16, 1, D:1)
  7 stones
(28, 13, D:1)
  4 stones
(36, -9, D:1)
  a +0 club
  a +0 spear
(58, 12, D:1)
  a +0 dagger

Level 2 of the Dungeon
(0, 0, D:2)
  2 atropa-tipped darts
(2, -17, D:2)
  3 stones
(3, -15, D:2)
  7 stones
(3, -13, D:2)
  a +0 dagger
(5, -32, D:2)
  5 stones
(13, -28, D:2)
  6 stones
(13, -3, D:2)
  a +0 dagger
(18, -23, D:2)
  a +0 short sword
(19, -45, D:2)
  a +0 leather armour
(22, -56, D:2)
  8 stones
(23, -51, D:2)
  a +0 spear
  6 poisoned darts
  a gnoll corpse
(24, -25, D:2)
  7 stones
(34, -52, D:2)
  a +0 dagger
(36, -54, D:2)
  a +0 whip
(45, -44, D:2)
  a rat skeleton
(48, -54, D:2)
  5 large rocks
(53, -32, D:2)
  a rat corpse (skeletalised by now)
(55, -32, D:2)
  a hobgoblin corpse (skeletalised by now)

