Kuzon

Level 1 of the Dungeon
(4, -26, D:1)
  6 stones
(4, -5, D:1)
  a +0 ring mail
(16, 5, D:1)
  a +0 dagger
(17, -2, D:1)
  a +0 club
(29, 10, D:1)
  a +0 dagger
(31, -15, D:1)
  3 stones
(31, 1, D:1)
  5 stones
(34, -17, D:1)
  2 stones
(35, 10, D:1)
  5 stones
(38, -20, D:1)
  6 stones
(41, -18, D:1)
  a +0 sling
(43, 3, D:1)
  a +0 club
(44, -14, D:1)
  a +0 dagger
  a +2 dagger of draining
  2 stones
(45, 2, D:1)
  a +0 whip

Level 2 of the Dungeon
(0, 0, D:2)
  4 boomerangs
(4, -2, D:2)
  a +0 dagger
(10, 12, D:2)
  a +0 dagger
(14, -10, D:2)
  a +0 falchion
(27, -32, D:2)
  a +0 short sword
(28, -10, D:2)
  a +0 ring mail
(30, 22, D:2)
  a +0 scale mail
(31, 6, D:2)
  a +0 ring mail
(32, -20, D:2)
  a +0 club
(34, -24, D:2)
  a +0 sling
  a +0 club
(36, 5, D:2)
  a +0 short sword
(40, -16, D:2)
  a +0 club
(53, -12, D:2)
  a +0 dagger
(68, 0, D:2)
  a +0 club
  a stone

Level 3 of the Dungeon
(9, 21, D:3)
  a +0 longbow
(12, -17, D:3)
  a +0 robe
(14, 14, D:3)
  a +0 ring mail
(20, 19, D:3)
  a +0 war axe
(22, 9, D:3)
  a +0 leather armour
(24, 5, D:3)
  a +0 ring mail
(26, -9, D:3)
  a +0 dagger
  a kobold skeleton
(27, 10, D:3)
  6 stones
(32, -17, D:3)
  7 stones
(39, 14, D:3)
  a +0 club
(41, 14, D:3)
  a +0 hand axe
(42, 14, D:3)
  a +0 dagger
(43, -18, D:3)
  a ball python skeleton
(43, 14, D:3)
  a +0 club
(44, 14, D:3)
  a +0 short sword
(45, -16, D:3)
  a +0 club
(48, -3, D:3)
  a +0 robe
(48, 6, D:3)
  a +0 whip
(50, -15, D:3)
  5 javelins

Level 4 of the Dungeon
(0, 0, D:4)
  a potion of curing
(1, -6, D:4)
  a +0 dagger
  a +0 robe
  the elf corpse of Dowan

