GoodOmen

Level 1 of the Dungeon
(0, 0, D:1)
  a +0 sling
(1, 2, D:1)
  3 stones
(3, 3, D:1)
  a +0 club
(21, 8, D:1)
  3 stones
(29, 20, D:1)
  a +0 chain mail
(29, 24, D:1)
  a +0 spear
(33, 21, D:1)
  a +0 dagger
(39, 0, D:1)
  a +0 sling
(39, 33, D:1)
  a +0 club
  a +0 whip

Level 2 of the Dungeon
(0, 0, D:2)
  a +0 dagger
(19, 25, D:2)
  a +0 sling
  a +0 dagger
(24, 28, D:2)
  a +0 mace
(25, 10, D:2)
  a +0 whip
(34, 32, D:2)
  a +0 hand axe
(35, 17, D:2)
  a +0 mace
(37, 6, D:2)
  a +0 dagger
(37, 21, D:2)
  a +0 whip
(41, 28, D:2)
  4 stones
(45, 2, D:2)
  5 poisoned darts
(45, 17, D:2)
  a +0 dagger
(46, 16, D:2)
  a +0 club
(48, 29, D:2)
  a +0 dagger
(52, 32, D:2)
  6 stones

Level 3 of the Dungeon
(0, 0, D:3)
  a rat corpse (skeletalised by now)
(2, 8, D:3)
  a +0 club
  a kobold corpse (skeletalised by now)
(13, 27, D:3)
  a +0 club
  a goblin corpse (skeletalised by now)
(20, 5, D:3)
  a +0 sling
  a +0 club
(21, 7, D:3)
  a +0 dagger
  5 stones
(23, 7, D:3)
  a bat skeleton
(28, 5, D:3)
  a +0 robe
(28, 10, D:3)
  5 stones
(28, 27, D:3)
  5 poisoned darts
  a +0 club
  a kobold corpse
(34, -6, D:3)
  a +0 dagger
  a +0 leather armour
  an orc corpse
(34, -5, D:3)
  a ball python corpse
(34, 6, D:3)
  a +0 club
  2 boomerangs of dispersal
  a goblin corpse
(39, 11, D:3)
  a frilled lizard corpse
(39, 28, D:3)
  a scroll of blinking
(40, 10, D:3)
  a rat corpse

