Bokogi

Level 1 of the Dungeon
(8, 19, D:1)
  7 stones
(9, 24, D:1)
  a +0 rapier
(13, -14, D:1)
  a +0 hand axe
(15, 14, D:1)
  a +0 robe
(22, -20, D:1)
  a +0 robe
(26, -12, D:1)
  7 stones
(27, 5, D:1)
  a +0 club
(30, -14, D:1)
  a +0 robe
(31, 0, D:1)
  a +0 ring mail
(31, 5, D:1)
  a +0 leather armour
(34, -1, D:1)
  6 stones
(42, 22, D:1)
  a +0 club
(43, -12, D:1)
  a +0 leather armour
(56, 28, D:1)
  4 stones

Level 2 of the Dungeon
(0, 0, D:2)
  a rat corpse
(2, -1, D:2)
  a rat corpse
(6, -12, D:2)
  a scroll of teleportation
(6, -8, D:2)
  3 stones
(6, -3, D:2)
  a rat corpse
(9, -10, D:2)
  a frilled lizard corpse
(10, -10, D:2)
  a frilled lizard corpse
(10, -9, D:2)
  a +0 sling
  a +0 dagger
  a +0 dagger
  a +0 club
  a goblin corpse
(10, -8, D:2)
  a +0 club
  a +0 club
  a +0 dagger
  a goblin corpse
  a hobgoblin corpse
  a goblin corpse
(10, -6, D:2)
  a +0 club
  a +0 club
  a +0 club
(10, 0, D:2)
  a +0 spear
(11, 1, D:2)
  a quokka corpse
(18, 17, D:2)
  a +0 club
  a +0 flail
  a +0 club
  a gnoll corpse
(19, 5, D:2)
  8 stones
(30, 14, D:2)
  a +0 mace
  a hobgoblin corpse
(32, -17, D:2)
  a +0 battleaxe
(34, 14, D:2)
  6 stones
(35, -12, D:2)
  a +0 dagger
(44, -9, D:2)
  a +0 short sword
(44, -8, D:2)
  a hobgoblin corpse (skeletalised by now)
(47, -6, D:2)
  a rat corpse (skeletalised by now)
(48, -18, D:2)
  a +0 dagger
(49, -9, D:2)
  a +0 kite shield

