Bokogi

Level 1 of the Dungeon
(0, 0, D:1)
  a +0 hand axe
(12, -2, D:1)
  a +0 club
(15, 24, D:1)
  6 stones
(16, 19, D:1)
  6 stones
(20, 21, D:1)
  a +0 club
(21, -7, D:1)
  a +0 club
(24, 21, D:1)
  a +0 robe
(31, 15, D:1)
  a +0 robe
(33, -11, D:1)
  a +0 spear
(38, 5, D:1)
  a +0 club
(38, 22, D:1)
  a +0 dagger
  a stone
(39, 21, D:1)
  a +0 chain mail
  a +0 scale mail
(41, 12, D:1)
  a +0 whip
  4 stones
(43, 20, D:1)
  a +0 dagger
(47, 18, D:1)
  a +0 chain mail
(54, 22, D:1)
  a +0 dagger
  3 stones
(55, 22, D:1)
  a +0 whip
(60, 22, D:1)
  a +0 ring mail

Level 2 of the Dungeon
(0, 0, D:2)
  a +0 long sword
(28, -2, D:2)
  a +0 sling
(30, -2, D:2)
  a +0 plate armour
(37, -2, D:2)
  a +0 robe
(41, -17, D:2)
  6 poisoned darts
(46, -1, D:2)
  a +0 club
(48, 15, D:2)
  a +0 short sword

Level 3 of the Dungeon
(0, 0, D:3)
  7 stones
(12, 9, D:3)
  a +0 ring mail
(17, 5, D:3)
  a +0 dagger
(25, -2, D:3)
  a +0 club
  a +0 spear
(26, -1, D:3)
  a +0 club
(26, 6, D:3)
  a +0 whip
(33, 12, D:3)
  a +0 dagger
  8 poisoned darts
(43, 0, D:3)
  a +0 whip
  a +0 robe
(47, 4, D:3)
  a +0 hand axe

Level 4 of the Dungeon
(0, 0, D:4)
  a There-And-Back Book
(8, -7, D:4)
  a staff of cold
(12, 2, D:4)
  a +0 flail
(20, -2, D:4)
  a +0 ring mail
(23, 14, D:4)
  a hound corpse
(26, 17, D:4)
  a +0 falchion
  a +0 chain mail
  a +0 whip
  a +0 leather armour
  a +0 whip
  a +0 leather armour
  a +0 whip
  an orc corpse
(28, 44, D:4)
  a goblin corpse
(29, 41, D:4)
  a hound corpse
(29, 48, D:4)
  an adder corpse
(30, -15, D:4)
  a +0 mace
  3 boomerangs
  an orc corpse (skeletalised by now)
(31, 5, D:4)
  a +0 ring mail
(31, 39, D:4)
  a kobold corpse
(33, 44, D:4)
  a quokka corpse
(34, 9, D:4)
  a stone
(34, 13, D:4)
  a stone
(34, 40, D:4)
  a hound corpse
(34, 41, D:4)
  a kobold corpse
(35, 11, D:4)
  a stone
(37, 12, D:4)
  a stone
(38, 10, D:4)
  a stone
(39, 10, D:4)
  6 large rocks
(39, 13, D:4)
  a stone
(41, 3, D:4)
  a +0 dagger
(42, 50, D:4)
  a +0 dagger
  a +0 robe
  a +0 club
  an orc corpse
(46, 11, D:4)
  a +0 flail
  a +0 chain mail
  an orc corpse
(47, -4, D:4)
  a +0 plate armour

Level 5 of the Dungeon
(0, 0, D:5)
  a scroll of immolation
(18, 2, D:5)
  5 stones
(27, -17, D:5)
  a +0 leather armour

Level 6 of the Dungeon
(0, 0, D:6)
  a +0 robe
(14, 7, D:6)
  a +0 dagger
  a +0 robe
(14, 8, D:6)
  a +0 hand axe
  a +0 flail
  a +0 ring mail
  a +0 club
  a +0 ring mail

