Kuzon

Level 1 of the Dungeon
[Shop] Vecomm's Armour Emporium
  a +0 ring mail (48 gold)
  a +0 scale mail (48 gold)
  a +1 ring mail of fire resistance (192 gold)
  a +0 ring mail (48 gold)
  a +0 pair of boots (54 gold)
  a +2 chain mail of fire resistance (258 gold)
  a +0 chain mail (54 gold)
  a +0 robe (8 gold)
  a +0 leather armour (24 gold)
[Shop] Wiunnivi's Assorted Antiques
  (Shop contents are unknown)
(3, 6, D:1)
  4 stones
(9, 2, D:1)
  a +0 ring mail
  3 stones
(17, -16, D:1)
  3 poisoned darts
(18, -5, D:1)
  a +0 dagger
  a kobold corpse
(20, -3, D:1)
  a bat corpse
(20, -2, D:1)
  a hobgoblin corpse
(21, -7, D:1)
  a +0 short sword
(23, 7, D:1)
  8 stones
(26, 0, D:1)
  a +0 dagger
  a kobold corpse
(36, -19, D:1)
  a hobgoblin corpse (skeletalised by now)
(37, -5, D:1)
  a +0 dagger
  a goblin corpse (skeletalised by now)
(47, -35, D:1)
  a +2 dagger of holy wrath

