Minos

Level 1 of the Dungeon
(7, 15, D:1)
  a +0 spear
(14, 40, D:1)
  a +0 short sword
  4 stones
(21, 27, D:1)
  a +0 dagger
  a stone
(26, 7, D:1)
  a book of the Warp
(30, 21, D:1)
  a +0 dagger
(30, 27, D:1)
  5 stones
(36, -2, D:1)
  a +0 mace

Level 2 of the Dungeon
(0, 0, D:2)
  a +0 club
(5, -42, D:2)
  a +0 mace
(7, -20, D:2)
  a +0 falchion
  a +0 animal skin
  a +0 helmet
(7, -18, D:2)
  a +0 dagger
(8, -20, D:2)
  a +0 club
  a +2 dagger of electrocution
  a +0 dagger
(9, -12, D:2)
  a +0 ring mail
(10, -44, D:2)
  a +0 short sword
(12, -44, D:2)
  5 stones
(12, -22, D:2)
  6 stones
(19, -39, D:2)
  a +0 troll leather armour
(23, -12, D:2)
  a +0 dagger
  a +0 sling
(24, -13, D:2)
  a +0 club
  a +0 dagger
  a +0 dagger of venom
(31, -34, D:2)
  a +0 leather armour
(33, -23, D:2)
  5 stones
(33, -10, D:2)
  a +0 dagger

Level 3 of the Dungeon
(0, 0, D:3)
  a +0 short sword
(2, -11, D:3)
  a +0 dagger
  a stone
(8, -11, D:3)
  a +0 short sword
(9, -10, D:3)
  a +0 short sword
(10, -11, D:3)
  a +0 flail
  a +0 scale mail
  a +0 club
(10, -10, D:3)
  a +0 club
  a boomerang
(12, -28, D:3)
  a +0 dagger
  a +0 leather armour
(23, -6, D:3)
  2 stones
(45, -22, D:3)
  a +0 club

Level 4 of the Dungeon
(0, 0, D:4)
  a +0 spear
(4, -25, D:4)
  a +0 robe
(7, -36, D:4)
  a +0 dagger
  a +0 sling
(9, -26, D:4)
  a +0 glaive
(9, -9, D:4)
  a +0 quarterstaff

Level 5 of the Dungeon
(0, 0, D:5)
  a book of Burglary
(11, 4, D:5)
  a +0 spear
(12, 1, D:5)
  a +1 whip of venom
(12, 2, D:5)
  a +0 flail
  a +0 flail
(12, 3, D:5)
  a +0 club
  a +0 robe
(13, 24, D:5)
  5 stones
(14, -9, D:5)
  a book of Dangerous Friends
(15, -10, D:5)
  a +0 leather armour
(16, -7, D:5)
  a +0 dagger
(18, 16, D:5)
  a staff of poison
(25, -9, D:5)
  a +0 club
(35, -8, D:5)
  a +0 falchion
  a +0 robe
(37, 5, D:5)
  6 stones
(40, 20, D:5)
  a +0 ring mail
(44, -6, D:5)
  a +0 dagger
(49, -1, D:5)
  a +0 hand axe
  a +0 ring mail
  a +0 flail
  a +0 leather armour
  a +0 dagger
  a +0 leather armour
  a +0 short sword
  a +0 leather armour
  a +0 flail
  a +0 club
  a +0 flail
  a +0 leather armour
  a +0 mace
(49, 7, D:5)
  2 stones
(49, 23, D:5)
  a ring of positive energy
  a +0 hand axe
  a +0 animal skin
(51, 20, D:5)
  a +0 ring mail
(53, -10, D:5)
  the +10 sling of Indomitability {heavy, Fly rElec Str+2 Dex-2}
    Str:       It affects your strength (+2).
    Dex:       It affects your dexterity (-2).
    rElec:     It insulates you from electricity.
    Fly:       It grants you flight.
(54, 9, D:5)
  a +1 falchion of holy wrath

Level 6 of the Dungeon
(0, 0, D:6)
  a +0 short sword
  a +0 chain mail
(0, 4, D:6)
  a +0 robe
(0, 7, D:6)
  a +0 hand axe
  a +0 robe
(7, 14, D:6)
  a +5 halberd of freezing
  a +0 robe
(8, 14, D:6)
  a +0 war axe
  a +0 ring mail
(11, 4, D:6)
  a +0 tower shield
  a +0 chain mail
(15, -18, D:6)
  a +0 giant club
(16, -18, D:6)
  a +0 flail
  a +0 ring mail
(27, 16, D:6)
  a +0 giant club
  a +0 war axe
(30, 24, D:6)
  a +0 leather armour
(42, -18, D:6)
  a +0 rapier
(42, -16, D:6)
  an Inescapable Atlas
(45, -10, D:6)
  a +0 halberd
(47, -9, D:6)
  a +0 halberd
(56, 12, D:6)
  a +0 club
  a +0 ring mail
  a +0 dagger
  a +0 robe
(56, 13, D:6)
  a +0 dagger
  a +0 robe
(56, 14, D:6)
  a +0 flail
(58, 28, D:6)
  a +0 shortbow
(59, -2, D:6)
  a +0 shortbow
  a +0 halberd
(59, 13, D:6)
  a +0 trident
(61, -4, D:6)
  a +0 halberd
(61, 2, D:6)
  6 atropa-tipped darts
(62, -6, D:6)
  a +0 halberd
(62, 29, D:6)
  a +0 scale mail
(63, -15, D:6)
  a +0 whip

Level 7 of the Dungeon
(0, 0, D:7)
  a book of the Tundra
(9, -2, D:7)
  a +2 war axe
  a +4 mace
  a +0 robe
  a +5 battleaxe
  a +0 robe
  a +3 war axe of freezing
  a +0 robe
(9, -1, D:7)
  a +0 robe
  a +4 great sword
  a +1 robe of fire resistance
(14, -13, D:7)
  a +0 dagger
  a +0 dagger
  a +0 robe
(14, -12, D:7)
  a +0 club
(14, -11, D:7)
  a +0 falchion
(15, -11, D:7)
  a +0 mace
  3 boomerangs
(15, -10, D:7)
  a +0 whip
(15, 8, D:7)
  a +0 scale mail
(16, -4, D:7)
  a book of Debilitation
(18, -3, D:7)
  5 large rocks
(18, 22, D:7)
  a +0 falchion
(24, 17, D:7)
  4 stones
(28, 4, D:7)
  7 stones
(35, 0, D:7)
  a ring of ice
  the +0 pair of boots of Time Monsters {rCorr Str-5 Int+3}
    Str:       It affects your strength (-5).
    Int:       It affects your intelligence (+3).
    rCorr:     It protects you from acid and corrosion.
(35, 7, D:7)
  a +0 leather armour
(39, -1, D:7)
  a +0 short sword
  a +0 club
  a +0 dagger
  5 stones
(39, 0, D:7)
  a +0 dagger
(40, -22, D:7)
  2 stones
(42, 4, D:7)
  a There-And-Back Book
(44, -14, D:7)
  a +0 quarterstaff
(57, -9, D:7)
  a +0 short sword
  a +0 war axe
  a +0 short sword
  a +0 dagger
  a +0 robe
  a +0 dagger
  a +0 leather armour

Level 8 of the Dungeon
(0, 0, D:8)
  a +0 dire flail
  a +0 robe
  a +0 long sword
  a +0 robe
  a +0 long sword
  a +0 robe
(4, 1, D:8)
  a +0 hand axe
  a +0 robe
  a +5 great sword
  a +0 robe
(6, 15, D:8)
  a steam dragon corpse
(10, 22, D:8)
  a +0 ring mail
(16, 38, D:8)
  a +0 mace
  a +0 robe
(16, 39, D:8)
  a +0 battleaxe
  a +0 robe
(17, 39, D:8)
  a +4 dagger
  a +0 robe
(39, 35, D:8)
  5 stones
(40, 40, D:8)
  16 gold pieces
(40, 41, D:8)
  a +0 long sword
(41, 41, D:8)
  a +0 quarterstaff
(42, 41, D:8)
  8 gold pieces
(43, 41, D:8)
  26 gold pieces
(43, 42, D:8)
  a book of Displacement
(44, 40, D:8)
  8 gold pieces
(44, 41, D:8)
  5 stones

