GoodOmen

Level 1 of the Dungeon
(0, 0, D:1)
  a +2 short sword of venom
(14, -30, D:1)
  a +0 club
(16, -31, D:1)
  a +0 spear
(19, -39, D:1)
  7 gold pieces
(21, -20, D:1)
  a +0 war axe
(25, -29, D:1)
  a +0 short sword
  (unseen)
(33, -18, D:1)
  a +0 mace
(38, -23, D:1)
  a +0 dagger
(39, -47, D:1)
  a potion of invisibility
(49, -26, D:1)
  a +0 dagger
(58, -17, D:1)
  a +0 dagger
  4 stones

Level 2 of the Dungeon
(13, 4, D:2)
  22 stones
(28, 11, D:2)
  a +0 whip
(32, -9, D:2)
  18 bolts
(32, -3, D:2)
  14 bolts
(38, 3, D:2)
  25 stones
(41, 3, D:2)
  16 arrows
(41, 27, D:2)
  a +0 ring mail
(45, 50, D:2)
  a +0 club
(50, 17, D:2)
  a +1 halberd of pain
(51, 41, D:2)
  a +0 robe

Level 3 of the Dungeon
(0, 0, D:3)
  the +6 scale mail "Hoxafu" {+Blink rElec rPois rC-}
    rC:        It makes you vulnerable to cold.
    rElec:     It insulates you from electricity.
    rPois:     It protects you from poison.
    +Blink:    It lets you blink.
(5, -10, D:3)
  a +0 dagger
(18, -5, D:3)
  a +0 hunting sling
  a +0 club
  16 stones
(25, 3, D:3)
  5 boomerangs
(30, 2, D:3)
  a +0 war axe
(32, -13, D:3)
  a +0 dagger
(33, -3, D:3)
  a +0 helmet
(33, -2, D:3)
  12 stones
(39, -16, D:3)
  a +0 club
(45, -11, D:3)
  a +0 helmet
(45, 2, D:3)
  a +0 club
(46, 2, D:3)
  a +0 whip
(49, 2, D:3)
  a +0 short sword
(51, -18, D:3)
  12 stones
(52, 18, D:3)
  a +0 leather armour
(53, -14, D:3)
  a +0 short sword
(59, 4, D:3)
  a +0 short sword
  a +0 leather armour
(66, -21, D:3)
  15 bolts

Level 4 of the Dungeon
[Shop] Mad Xim's General Store
  a +0 halberd (40 gold)
  a +0 spear (30 gold)
  24 stones (24 gold)
  6 boomerangs (30 gold)
  a +0 spear (30 gold)
  a +0 mace (30 gold)
  a book of Flames (300 gold)
  a scroll of enchant armour (75 gold)
  2 potions of cancellation (160 gold)
  a book of Necromancy (160 gold)
(0, 0, D:4)
  a +0 whip
(7, 2, D:4)
  a +0 falchion
  a +0 chain mail
(8, -8, D:4)
  14 stones
(8, 2, D:4)
  a +0 club
(11, 11, D:4)
  20 bolts
(19, 3, D:4)
  16 stones
(21, -25, D:4)
  17 arrows
(22, -1, D:4)
  a +0 pair of gloves
(25, 2, D:4)
  a book of Displacement
(25, 24, D:4)
  2 javelins

Level 5 of the Dungeon
(0, 7, D:5)
  a large rock
(5, 1, D:5)
  23 stones
(6, 5, D:5)
  16 stones
(9, 8, D:5)
  17 stones
(12, 6, D:5)
  26 stones
(13, 37, D:5)
  20 stones
(17, 26, D:5)
  a +0 leather armour
(23, 18, D:5)
  a +0 dagger
(24, 25, D:5)
  a +0 short sword
(29, 21, D:5)
  14 stones

Level 6 of the Dungeon
(0, 0, D:6)
  a +0 giant club
  an ogre corpse
(28, 12, D:6)
  a +0 robe
(37, -3, D:6)
  a potion of curing

