Bokogi

Level 1 of the Dungeon
(0, 0, D:1)
  a +0 dagger
  3 stones
(1, -32, D:1)
  a +0 dagger
  a goblin corpse
(1, 0, D:1)
  a +0 club
(2, -29, D:1)
  a bat corpse
(2, -1, D:1)
  a ball python corpse (skeletalised by now)
(12, -28, D:1)
  a +0 buckler
(12, -26, D:1)
  a +0 club
(14, -12, D:1)
  a +0 dagger
  a stone
(15, -31, D:1)
  6 stones
(16, -23, D:1)
  a +1 whip of flaming
(16, -20, D:1)
  a +0 ring mail
(23, -5, D:1)
  a bat corpse (skeletalised by now)
(27, -22, D:1)
  a +0 robe
(38, -7, D:1)
  a +0 dagger
  a stone
  a kobold corpse (skeletalised by now)
(40, -27, D:1)
  a +0 spear

Level 2 of the Dungeon
(0, 0, D:2)
  a scroll of identify
(1, 0, D:2)
  2 poisoned darts

