Kuzon

Level 1 of the Dungeon
(0, 0, D:1)
  5 poisoned darts
(5, 2, D:1)
  a +0 club
(33, 8, D:1)
  a +0 dagger
(39, -1, D:1)
  a +0 whip
(41, -4, D:1)
  a +0 dagger
(41, 19, D:1)
  5 stones
(42, 5, D:1)
  a +0 sling
(42, 8, D:1)
  a +0 ring mail
(43, 12, D:1)
  2 poisoned darts
(44, 15, D:1)
  a +0 scale mail
(48, 14, D:1)
  a staff of poison
(55, 4, D:1)
  a +0 robe

Level 2 of the Dungeon
[Shop] Gennuav's Book Shoppe
  a There-And-Back Book (300 gold)
  a book of Dangerous Friends (400 gold)
  a book of Scorching (300 gold)
  a book of Dreams (240 gold)
  a book of Storms (320 gold)
  a book of Necromancy (240 gold)
  a book of the Tundra (320 gold)
(0, 0, D:2)
  a +0 club
  4 stones
(6, -10, D:2)
  a +0 club
(9, -14, D:2)
  2 stones
(10, -7, D:2)
  a +0 robe
(16, 24, D:2)
  a staff of cold
(24, 18, D:2)
  a +0 robe
(26, 10, D:2)
  a +0 hand axe
(27, 27, D:2)
  a +0 ring mail
(39, 24, D:2)
  a +0 dagger
(43, -10, D:2)
  6 stones
(45, 13, D:2)
  a +0 war axe
(46, -1, D:2)
  a +0 short sword
  5 stones
(47, 3, D:2)
  a +0 dagger

Level 3 of the Dungeon
(0, 0, D:3)
  a +0 whip
  a stone
(5, 25, D:3)
  a +0 leather armour
(5, 32, D:3)
  a +0 flail
(9, 25, D:3)
  a +3 ring mail
(21, 14, D:3)
  a +0 dagger
(26, 30, D:3)
  2 poisoned darts
(27, 30, D:3)
  6 poisoned darts
(27, 43, D:3)
  a +0 dagger
(38, 5, D:3)
  a +0 whip
  a +0 whip

Level 4 of the Dungeon
(0, 0, D:4)
  a +0 dagger
(0, 3, D:4)
  a +0 flail
(2, -9, D:4)
  a scroll of vulnerability
(3, 1, D:4)
  a +0 flail
  a +0 dagger
  a +2 robe of positive energy
  a +0 dagger
  a +0 robe
(4, 1, D:4)
  a +0 club
(6, 2, D:4)
  a +0 club
  a +0 sling
(7, 4, D:4)
  a +0 club
(14, -4, D:4)
  a +0 club
(15, -3, D:4)
  a +0 dagger
  a +0 robe
(15, -2, D:4)
  a +0 dagger
  a +0 dagger
(16, -2, D:4)
  a +0 hand axe
  a +0 club
  a +0 ring mail
(19, 11, D:4)
  a +0 chain mail
(36, 21, D:4)
  3 stones
(40, 4, D:4)
  a +0 club
(51, -5, D:4)
  a +0 dagger

Level 5 of the Dungeon
(0, 0, D:5)
  a +0 robe
(14, -16, D:5)
  a +0 leather armour
(15, -14, D:5)
  a +0 trident
(33, -13, D:5)
  a +0 arbalest
(38, 20, D:5)
  a scroll of teleportation
(40, -29, D:5)
  a +0 mace

