Bokogi

Level 1 of the Dungeon
(0, 0, D:1)
  2 stones
(1, 17, D:1)
  4 stones
(11, 12, D:1)
  7 stones
(14, 8, D:1)
  a +0 flail
(14, 33, D:1)
  a +0 robe
(21, 22, D:1)
  a +0 dagger
(33, -12, D:1)
  a +0 short sword
(40, 42, D:1)
  a +0 club
(43, 43, D:1)
  a +0 short sword
(47, 16, D:1)
  a +0 sling
(55, 34, D:1)
  a +0 buckler
  a +0 scale mail
(56, 38, D:1)
  a +0 dagger

Level 2 of the Dungeon
(0, 0, D:2)
  a +0 flail
(6, -7, D:2)
  2 stones
  a +0 leather armour
(6, 0, D:2)
  a +0 scale mail
(7, -6, D:2)
  a +0 club
(30, 5, D:2)
  a +1 helmet
(32, 4, D:2)
  a +0 war axe
  a +0 dagger
  a +0 robe
  a +0 whip
(33, 4, D:2)
  a +0 dagger
  a +0 robe
(36, 23, D:2)
  3 stones
(41, -11, D:2)
  4 stones
(50, 19, D:2)
  a +0 ring mail

Level 3 of the Dungeon
[Shop] Jaoqin's Magic Scroll Emporium
  a scroll of vulnerability (44 gold)
  a scroll of teleportation (33 gold)
  a scroll of silence (104 gold)
  a scroll of brand weapon (104 gold)
  a scroll of vulnerability (44 gold)
  a scroll of enchant weapon (82 gold)
  a scroll of vulnerability (44 gold)
  a scroll of enchant weapon (82 gold)
(7, -1, D:3)
  8 stones
(11, 34, D:3)
  a +0 club
  a +0 sling
  a goblin corpse (skeletalised by now)
(12, 50, D:3)
  a +1 vampiric dagger
(16, 49, D:3)
  a +0 dagger
(18, 51, D:3)
  a +0 hand axe
  a +0 leather armour
(20, 53, D:3)
  a +0 leather armour
(26, 2, D:3)
  7 stones
(26, 29, D:3)
  a +0 whip
(28, 38, D:3)
  5 stones
(36, 28, D:3)
  a +2 flail of draining
  a +0 ring mail
(36, 29, D:3)
  a +0 dagger
  4 stones
(39, 34, D:3)
  a +0 chain mail
(40, 41, D:3)
  a +0 dagger
  a +0 robe
(40, 42, D:3)
  a +0 war axe
  a +0 leather armour
  a +0 falchion
  a +0 club
  a +0 leather armour
  a +0 club
(43, 18, D:3)
  a +0 leather armour
(44, 25, D:3)
  a +0 quarterstaff
(45, 29, D:3)
  a +0 club
(66, 14, D:3)
  5 stones

Level 4 of the Dungeon
(0, 0, D:4)
  a +0 dagger
  a +0 club
  a +0 dagger
  a kobold corpse
  a goblin corpse
(9, -12, D:4)
  a +0 dire flail of protection (still there?)
  a +0 ring mail (still there?)
(13, -12, D:4)
  a +0 robe

