Kuzon

Level 1 of the Dungeon
[Shop] Japtes's Assorted Antiques
  a +0 chain mail (108 gold)
  a scroll of fog (96 gold)
  a potion of haste (240 gold)
  a wand of mindburst (1) (33 gold)
  a potion of cancellation (192 gold)
  a scroll of magic mapping (180 gold)
(0, 0, D:1)
  a +0 whip
(6, 7, D:1)
  4 atropa-tipped darts
(14, 12, D:1)
  5 poisoned darts
(41, 12, D:1)
  a +0 robe
(48, 23, D:1)
  a +0 leather armour
(59, 9, D:1)
  a +0 dagger

Level 2 of the Dungeon
(0, 0, D:2)
  a potion of heal wounds
(4, 3, D:2)
  an adder corpse
(7, 14, D:2)
  a bat corpse
(22, 18, D:2)
  a jackal corpse (skeletalised by now)
(22, 19, D:2)
  a +0 short sword
  a +0 club
  a kobold corpse
(24, 20, D:2)
  a bat corpse
(27, 10, D:2)
  4 stones
(28, 8, D:2)
  a rat corpse (skeletalised by now)
(30, 7, D:2)
  a bat corpse
(32, 11, D:2)
  a giant cockroach corpse
(32, 13, D:2)
  a jackal corpse
(34, -3, D:2)
  a bat corpse (skeletalised by now)
(34, 11, D:2)
  a +0 whip
  2 stones
  a +0 robe
(40, 8, D:2)
  3 boomerangs
(41, 9, D:2)
  a rat skeleton
(44, 7, D:2)
  a bat corpse (skeletalised by now)
(48, 1, D:2)
  a +0 robe

