Bokogi

Level 1 of the Dungeon
(6, 10, D:1)
  5 stones
(20, 9, D:1)
  a +0 club
(40, 0, D:1)
  a +0 buckler
(45, -40, D:1)
  a +0 dagger
(47, 22, D:1)
  a +0 hand axe
(59, -24, D:1)
  2 poisoned darts

Level 2 of the Dungeon
(1, 6, D:2)
  a +0 leather armour
(3, 2, D:2)
  a giant cockroach corpse
(4, 4, D:2)
  a hobgoblin corpse
(7, -2, D:2)
  a +0 leather armour
(19, -22, D:2)
  a +0 quarterstaff
(19, -1, D:2)
  the +0 spear of the Keeping Pariah {flame, Str+2}
    Str:       It affects your strength (+2).
(23, -7, D:2)
  a +1 spear of freezing
(26, -8, D:2)
  5 stones
(30, -18, D:2)
  a +0 whip
  a stone
(38, 5, D:2)
  a +0 dagger
(46, 11, D:2)
  a +0 scale mail
(51, -3, D:2)
  a +0 short sword
(53, 5, D:2)
  a +0 robe
(54, 24, D:2)
  a +0 falchion
(59, 13, D:2)
  a +0 ring mail

Level 3 of the Dungeon
(0, 0, D:3)
  a ball python corpse
(5, 0, D:3)
  a +0 hand axe
  a +0 leather armour
  an orc corpse

