Strahd

Level 1 of the Dungeon
(0, 0, D:1)
  a +0 dagger
(2, 19, D:1)
  3 stones
(3, -9, D:1)
  a +0 club
(7, 1, D:1)
  6 stones
(10, 14, D:1)
  a stone
(11, -3, D:1)
  a +0 club
(11, 16, D:1)
  a stone
(12, 13, D:1)
  a stone
(12, 15, D:1)
  3 stones
(12, 17, D:1)
  3 stones
(13, 14, D:1)
  2 stones
(13, 15, D:1)
  2 stones
(13, 16, D:1)
  2 stones
(13, 17, D:1)
  a stone
(14, 14, D:1)
  4 stones
(14, 16, D:1)
  2 stones
(14, 17, D:1)
  a stone
(15, 14, D:1)
  4 stones
(15, 15, D:1)
  2 stones
(15, 16, D:1)
  2 stones
(15, 19, D:1)
  a stone
(16, 13, D:1)
  a stone
(16, 15, D:1)
  a stone
(16, 17, D:1)
  a stone
(17, 14, D:1)
  2 stones
(17, 15, D:1)
  a stone
(17, 16, D:1)
  2 stones
(18, 14, D:1)
  a stone
(18, 16, D:1)
  a stone
(23, -11, D:1)
  a +0 leather armour
(27, 7, D:1)
  a +0 club
(35, -11, D:1)
  6 stones
(38, -10, D:1)
  a +0 dagger
(38, 3, D:1)
  6 poisoned darts
(41, -4, D:1)
  a +0 club
(42, -1, D:1)
  a +0 club
  a +1 dagger of protection
(42, 1, D:1)
  a +0 whip
(42, 7, D:1)
  4 poisoned darts
(44, -12, D:1)
  a +0 leather armour
(53, 27, D:1)
  2 poisoned darts

Level 2 of the Dungeon
(0, 0, D:2)
  a +0 dagger
(11, 1, D:2)
  a +0 spear
(14, -7, D:2)
  a +0 ring mail
(14, 2, D:2)
  a +0 flail
(16, 2, D:2)
  a +0 spear

