Xikchaka

Level 1 of the Dungeon
(2, 4, D:1)
  a +0 dagger
(4, -2, D:1)
  a +0 chain mail
(14, -30, D:1)
  a +0 club
(20, -39, D:1)
  a +0 leather armour
(28, -29, D:1)
  a +0 dagger
(33, -5, D:1)
  a +0 mace
(54, -24, D:1)
  a staff of fire
(54, -21, D:1)
  3 stones
(55, -21, D:1)
  a +0 club
(64, -12, D:1)
  a +0 dagger

Level 2 of the Dungeon
(0, 0, D:2)
  a hobgoblin corpse (skeletalised by now)
(15, 22, D:2)
  5 stones
(26, 19, D:2)
  a +0 short sword
  a +0 dagger
(36, -6, D:2)
  a +0 whip
(40, 13, D:2)
  a +0 short sword

Level 3 of the Dungeon
(0, 0, D:3)
  a +0 club
  a kobold corpse
(4, -15, D:3)
  a quokka corpse
(5, -14, D:3)
  a +0 robe
(5, -2, D:3)
  a +0 dagger
  a +0 robe
  a +0 club
  an orc corpse
(5, 0, D:3)
  a +0 flail
(5, 7, D:3)
  a worm corpse
(6, 0, D:3)
  a bat corpse
(16, 0, D:3)
  6 javelins

