GoodOmen

Level 1 of the Dungeon
(0, 0, D:1)
  a +0 dagger
(20, -5, D:1)
  3 stones
  a +0 dagger
(25, -2, D:1)
  a +0 dagger
(33, -15, D:1)
  a +0 whip

Level 2 of the Dungeon
(0, 0, D:2)
  a +0 club
  a +0 whip
  a scroll of fog
  a goblin corpse
  a gnoll corpse
(5, -5, D:2)
  a +0 whip
  a gnoll corpse
(12, 16, D:2)
  a worm corpse
(13, -6, D:2)
  a ball python corpse
(17, 1, D:2)
  a dart slug corpse
(33, 6, D:2)
  a +0 sling
(34, -6, D:2)
  a +0 short sword
  a kobold corpse (skeletalised by now)

