Bokogi

Level 1 of the Dungeon
(0, 0, D:1)
  a stone
(6, 35, D:1)
  a +0 ring mail
(11, -2, D:1)
  a +0 short sword
(11, 23, D:1)
  a +0 mace
(13, 33, D:1)
  a +0 dagger
(32, -2, D:1)
  a +0 whip
(36, 21, D:1)
  4 stones
  a +0 short sword
(38, 20, D:1)
  2 poisoned darts
(40, -2, D:1)
  a +0 whip
(42, -2, D:1)
  a +0 club

Level 2 of the Dungeon
[Shop] Wumeng's Distillery
  a potion of attraction (33 gold)
  a potion of lignification (33 gold)
  a potion of lignification (33 gold)
  a potion of cancellation (88 gold)
  a potion of ambrosia (88 gold)
  a potion of might (44 gold)
  a potion of curing (33 gold)
  a potion of haste (110 gold)
(0, 0, D:2)
  a +0 dagger
(17, 3, D:2)
  a +0 leather armour
  a +0 short sword
  a +0 flail
(19, 3, D:2)
  3 boomerangs
  a +0 short sword
(27, 16, D:2)
  5 gold pieces
(30, 2, D:2)
  3 stones
  a +0 dagger
(30, 20, D:2)
  5 poisoned darts
  a +0 short sword
(30, 21, D:2)
  a +0 dagger
(31, -5, D:2)
  a +0 short sword
(31, 4, D:2)
  a +0 dagger
(35, 28, D:2)
  a +0 robe

Level 3 of the Dungeon
(0, 0, D:3)
  a +0 short sword
(6, 18, D:3)
  a +0 short sword
(12, -9, D:3)
  a +0 trident
(12, 30, D:3)
  a +0 mace
  a +0 chain mail
(31, -6, D:3)
  5 stones
(33, 8, D:3)
  a +0 sling
(35, 12, D:3)
  a +0 spear
(51, -5, D:3)
  4 poisoned darts

Level 4 of the Dungeon
[Shop] Ugenesh's Magic Scroll Shoppe
  (Shop contents are unknown)
(0, 0, D:4)
  a +0 hand axe
  8 gold pieces
(0, 1, D:4)
  an iguana corpse
(24, -6, D:4)
  a +0 spear
(25, -6, D:4)
  a +0 dagger
(27, -11, D:4)
  an adder corpse (skeletalised by now)
(28, -9, D:4)
  a +2 long sword of holy wrath
  4 poisoned darts
(29, -11, D:4)
  the felid corpse of Natasha (skeletalised by now)
(29, -10, D:4)
  a +0 dagger
(29, -7, D:4)
  a scroll of enchant armour
(31, -11, D:4)
  3 gold pieces

