Bokogi

Level 1 of the Dungeon
(0, 0, D:1)
  a +0 club
(1, 3, D:1)
  a +0 dagger
(10, -9, D:1)
  a +0 dagger of venom
(14, -14, D:1)
  3 boomerangs
(16, 8, D:1)
  2 potions of heal wounds
(17, -1, D:1)
  a +2 dagger of speed
(20, -18, D:1)
  a +0 whip
  a +0 short sword
(25, -15, D:1)
  a +0 short sword
(33, 17, D:1)
  a +0 club
(36, -13, D:1)
  a +0 trident
(36, 6, D:1)
  a +0 club
(38, 1, D:1)
  a +0 club
(38, 6, D:1)
  2 stones
  a +0 dagger
(41, -10, D:1)
  a +0 spear

Level 2 of the Dungeon
(0, 0, D:2)
  5 boomerangs
(2, -1, D:2)
  2 poisoned darts
(3, -1, D:2)
  a +0 robe
(6, -2, D:2)
  a frilled lizard corpse
(13, 18, D:2)
  a +0 flail
(14, 1, D:2)
  a +0 club
(19, 24, D:2)
  a +0 club
  a goblin corpse
(20, -2, D:2)
  a +0 rapier

Level 3 of the Dungeon
(0, 0, D:3)
  a quokka corpse

