GoodOmen

Level 1 of the Dungeon
(8, 7, D:1)
  a +0 dagger
  3 stones
(9, -4, D:1)
  a +1 short sword of protection
(16, -4, D:1)
  a +0 mace
(30, 30, D:1)
  a +0 helmet
(32, 2, D:1)
  7 stones
(36, -3, D:1)
  5 stones
(41, -12, D:1)
  a +0 club
(43, -12, D:1)
  a +0 dagger
(46, 5, D:1)
  a +0 dagger
(47, 6, D:1)
  a +0 dagger
(48, 7, D:1)
  a +0 ring mail
(52, 4, D:1)
  a +0 whip

Level 2 of the Dungeon
(0, 0, D:2)
  a +0 leather armour
(14, -8, D:2)
  a +0 buckler
(17, -9, D:2)
  3 stones
(28, -9, D:2)
  a +0 club
(30, 29, D:2)
  7 stones
(35, -28, D:2)
  a +0 bardiche
(36, -1, D:2)
  a +0 trident
(51, -3, D:2)
  a +0 short sword
  4 stones

Level 3 of the Dungeon
[Shop] Jeretso's Armour Shop
  a +0 robe (8 gold)
  a +0 ring mail (48 gold)
  a +0 ring mail (48 gold)
  a +0 buckler of positive energy (102 gold)
  a +2 pair of boots (198 gold)
  a +0 scale mail (48 gold)
  a +3 scale mail of cold resistance (312 gold)
  a +0 plate armour (276 gold)
  a +0 chain mail (54 gold)
(7, 25, D:3)
  a +0 club
(9, 32, D:3)
  6 stones
(14, 0, D:3)
  a +0 club
  5 stones
(19, 46, D:3)
  a +0 short sword
(27, 19, D:3)
  a +0 ring mail
(31, 30, D:3)
  8 stones
(33, 25, D:3)
  a +0 morningstar
(43, 42, D:3)
  a +0 hammer
(44, 45, D:3)
  a +3 quarterstaff of chaos
(47, 34, D:3)
  a +0 club
  a +0 robe
(48, 27, D:3)
  a +0 scale mail
(54, 34, D:3)
  a +2 heavy sling

Level 4 of the Dungeon
(0, 0, D:4)
  a +0 dagger
  a +0 scale mail
(10, -5, D:4)
  a +0 short sword
(29, -20, D:4)
  a +0 dagger
(29, -19, D:4)
  a +0 club
  a +0 ring mail
(30, -20, D:4)
  a +0 dagger
  a +0 robe
(30, -19, D:4)
  a +0 dagger
(30, -18, D:4)
  a +0 hand axe
(32, -9, D:4)
  a +0 club
(38, -30, D:4)
  a +0 dagger
(54, -6, D:4)
  a +0 ring mail
(58, -2, D:4)
  a +2 dagger of draining
(60, -19, D:4)
  a +0 scale mail

Level 5 of the Dungeon
(0, 1, D:5)
  a +0 club
(1, -5, D:5)
  a +0 dagger
(4, -5, D:5)
  a +0 cloak
(11, -1, D:5)
  a +0 falchion
(13, 23, D:5)
  a +0 spear
(13, 24, D:5)
  a +0 spear
(14, 24, D:5)
  a +0 club
(17, -13, D:5)
  a +0 whip
(26, 2, D:5)
  a +0 spear
(29, -6, D:5)
  a +0 leather armour
(35, 8, D:5)
  a +0 whip
  a +0 leather armour
(36, 8, D:5)
  a +0 trident
  a +0 chain mail
  a +0 club
(36, 9, D:5)
  a +0 dagger
  a +0 robe
  a +0 hand axe
(48, 5, D:5)
  a +0 dagger

Level 6 of the Dungeon
(0, 0, D:6)
  a scorpion corpse
(3, -12, D:6)
  19 gold pieces
(3, -10, D:6)
  a potion of heal wounds
(3, -6, D:6)
  6 stones
(3, -5, D:6)
  a +2 whip of freezing
  a +0 robe
  the kobold corpse of Pikel
(13, 6, D:6)
  a +0 club
  a boomerang
  a +0 leather armour
  an orc corpse
(13, 8, D:6)
  a +0 club
(14, 5, D:6)
  a +0 flail
(14, 8, D:6)
  a +0 dagger
  a +0 leather armour
  an orc corpse
(16, 1, D:6)
  a bullfrog corpse (skeletalised by now)
(20, -5, D:6)
  a +0 war axe
(34, -23, D:6)
  a +0 flail
(36, -15, D:6)
  a +0 robe
(41, -15, D:6)
  13 gold pieces

