Bokogi

Level 1 of the Dungeon
(0, 0, D:1)
  8 stones
(4, 0, D:1)
  a +0 short sword
  4 stones
(7, 1, D:1)
  a +0 hand axe
(10, 29, D:1)
  a +0 dagger
  4 stones
(11, 37, D:1)
  a +0 dagger
(15, 4, D:1)
  a +0 club
(18, 4, D:1)
  a +0 club
(19, 27, D:1)
  a +0 helmet
(22, 4, D:1)
  a +0 robe
(29, 31, D:1)
  a +0 club
(32, 24, D:1)
  a +0 leather armour
(33, -5, D:1)
  a +0 robe
(37, 8, D:1)
  4 stones

Level 2 of the Dungeon
(9, 1, D:2)
  a +0 whip
(9, 10, D:2)
  a +0 club
  a +0 leather armour
(10, -31, D:2)
  a +0 club
  a +0 sling
(12, -9, D:2)
  a +0 leather armour
  a +0 dagger
(13, 0, D:2)
  a +0 club
(14, -31, D:2)
  a +0 club
(48, -19, D:2)
  a +0 club

Level 3 of the Dungeon
(0, 0, D:3)
  a potion of brilliance
(1, 21, D:3)
  a +0 club
(19, 8, D:3)
  a +0 club
(24, 32, D:3)
  a +0 dagger
(25, 0, D:3)
  a +0 dagger
(25, 2, D:3)
  an adder corpse
(29, -2, D:3)
  a +0 dagger
  a +0 leather armour
  a kobold corpse
(44, 23, D:3)
  a +0 leather armour

Level 5 of the Dungeon
(0, 0, D:5)
  19 gold pieces
(8, 9, D:5)
  10 gold pieces

