Gyatzo

Level 1 of the Dungeon
(2, 20, D:1)
  a +0 hand axe
(3, 15, D:1)
  a +0 dagger
(4, -3, D:1)
  a +0 robe
(5, -5, D:1)
  a +0 dagger
  a stone
(14, 0, D:1)
  a +0 dagger
(21, 2, D:1)
  a +0 hand axe
(29, -11, D:1)
  a +0 dagger
(46, 18, D:1)
  a +0 club
(51, 4, D:1)
  a +0 hand axe
(52, 18, D:1)
  a +0 dagger

Level 2 of the Dungeon
(0, 0, D:2)
  a +1 whip of venom
  a stone
(3, -11, D:2)
  a +0 sling
(16, -20, D:2)
  a +0 club
(22, -13, D:2)
  a +0 falchion
(29, 4, D:2)
  a +0 whip

Level 3 of the Dungeon
[Shop] Ukyoh's Weapon Shop
  a +0 flail (45 gold)
  4 stones (5 gold)
  a +0 spear (39 gold)
  a +3 heavy mace (291 gold)
  a +0 club (13 gold)
  a +0 trident (45 gold)
  a +2 morningstar of holy wrath (249 gold)
  a +0 spear (39 gold)
  a +0 hand axe (39 gold)
  a +0 scimitar of holy wrath (119 gold)
(6, -21, D:3)
  a +0 club
(7, -33, D:3)
  a +0 long sword
(7, -24, D:3)
  a +0 halberd
(7, -23, D:3)
  a +0 flail
(10, -24, D:3)
  a +0 spear
(39, -24, D:3)
  a +0 dagger
(40, -25, D:3)
  a +0 leather armour
  a +0 dagger
(40, -24, D:3)
  a +0 dagger
(41, -20, D:3)
  a +0 dagger
(46, 10, D:3)
  a +0 hand axe
(47, 2, D:3)
  a +0 whip
(49, -4, D:3)
  a +0 robe (still there?)
  a +0 dagger (still there?)
  Sif Muna's Volume of Despicable Rites (still there?)
    Spells                            Type                      Level
     a - Necrotise                     Necromancy                    1
(50, -4, D:3)
  a +0 robe (still there?)
  a +2 dagger of draining (still there?)
(53, -13, D:3)
  a +1 dagger of venom
(59, -32, D:3)
  a +0 dagger of venom
(66, -18, D:3)
  a +0 leather armour

Level 4 of the Dungeon
(0, 0, D:4)
  a +0 long sword
(4, 1, D:4)
  a +0 dagger
(5, -3, D:4)
  6 stones
(7, 7, D:4)
  a ball python corpse (skeletalised by now)
(26, 7, D:4)
  a +0 leather armour
(30, 18, D:4)
  a +0 club
(32, -17, D:4)
  a +0 club
(34, -27, D:4)
  2 stones
(37, -13, D:4)
  a +0 whip
(40, 0, D:4)
  a +0 club
(48, 9, D:4)
  a +0 whip

Level 5 of the Dungeon
(0, 0, D:5)
  7 gold pieces
(8, 5, D:5)
  a +0 club
  a +0 leather armour
(13, 6, D:5)
  a +0 dagger
  a +0 ring mail
(13, 20, D:5)
  4 stones
(15, 18, D:5)
  a +0 robe
(17, 15, D:5)
  a scorpion corpse
(20, 21, D:5)
  a +0 leather armour
(24, 10, D:5)
  a +0 morningstar
(25, 14, D:5)
  a +0 dagger
(30, -4, D:5)
  a +2 dagger of speed (still there?)
  a +0 robe (still there?)
  an orc corpse (still there?)
(31, -4, D:5)
  a +0 flail
  a +0 chain mail
  an orc corpse

