GoodOmen

Level 1 of the Dungeon
(0, 0, D:1)
  a +0 dagger
(3, -2, D:1)
  a +0 club
(12, -4, D:1)
  a +0 leather armour
(22, -12, D:1)
  9 stones
(30, 0, D:1)
  a +0 spear
(33, 14, D:1)
  5 stones
(41, -4, D:1)
  a +0 sling
(44, 18, D:1)
  3 poisoned darts
(45, 5, D:1)
  5 poisoned darts

Level 2 of the Dungeon
(2, 10, D:2)
  a +0 chain mail
(8, 9, D:2)
  a +0 ring mail
(19, 0, D:2)
  a +0 leather armour
(30, 9, D:2)
  a +0 club
(36, 36, D:2)
  a +0 ring mail
(38, 34, D:2)
  a +0 dagger
(39, 14, D:2)
  a +0 dagger
(40, 45, D:2)
  a +0 robe
(43, 16, D:2)
  3 stones
(45, 7, D:2)
  a +0 mace

Level 3 of the Dungeon
(0, 0, D:3)
  4 poisoned darts
(2, 1, D:3)
  a +0 robe
(5, 1, D:3)
  a rat corpse (skeletalised by now)
(7, 16, D:3)
  a rat corpse (skeletalised by now)
(13, 3, D:3)
  a jackal corpse (skeletalised by now)
(14, -1, D:3)
  a bat corpse (skeletalised by now)
(15, 20, D:3)
  a +0 hand axe
  a +0 scale mail
  an adder corpse
(15, 22, D:3)
  a ball python corpse
(16, 11, D:3)
  a rat corpse (skeletalised by now)
(16, 13, D:3)
  a ball python skeleton
(16, 14, D:3)
  a +0 dagger
  a +2 robe of resistance
(16, 22, D:3)
  a dart slug corpse
(17, 9, D:3)
  a jackal corpse (skeletalised by now)
(17, 10, D:3)
  a quokka corpse (skeletalised by now)
(39, -3, D:3)
  5 stones
(42, -1, D:3)
  a worm corpse
(44, -7, D:3)
  a +0 chain mail

