GoodOmen

Level 1 of the Dungeon
(0, 0, D:1)
  a +0 spear
(1, -32, D:1)
  a +0 mace
(4, -48, D:1)
  a +0 whip
(13, -34, D:1)
  a +0 whip
(13, -24, D:1)
  a +0 spear
(24, -16, D:1)
  a +0 chain mail
(27, -37, D:1)
  7 stones
(33, -2, D:1)
  a +0 whip
(36, 7, D:1)
  a +0 club
(44, 5, D:1)
  a +0 dagger
(51, -39, D:1)
  3 stones
(55, -51, D:1)
  a +0 dagger
(63, -51, D:1)
  a +0 dagger
  a stone

Level 2 of the Dungeon
(2, -1, D:2)
  a +0 giant spiked club
(13, 6, D:2)
  a +0 short sword
(13, 11, D:2)
  a +0 mace
(23, -8, D:2)
  a +0 club
(27, 17, D:2)
  a +0 robe
(27, 20, D:2)
  a +0 leather armour
(31, -7, D:2)
  a +0 dagger
  3 curare-tipped darts
(33, -7, D:2)
  a +0 short sword
  5 stones
  a +0 ring mail
(35, 16, D:2)
  5 stones
  a +0 dagger
  a +0 sling
(36, 23, D:2)
  a +0 leather armour
(41, 29, D:2)
  a +0 dagger
(42, 3, D:2)
  a +0 spear
(42, 8, D:2)
  a +0 ring mail
(46, 8, D:2)
  a +0 sling
  a +0 club

Level 3 of the Dungeon
(0, 0, D:3)
  a +0 hand axe
(4, 7, D:3)
  a +0 robe
(29, 11, D:3)
  a +0 dagger
(33, -14, D:3)
  2 poisoned darts
(48, 7, D:3)
  a +0 spear

Level 4 of the Dungeon
(7, -25, D:4)
  a +0 robe
(7, -23, D:4)
  a +0 hand axe
  a +0 ring mail
(8, -18, D:4)
  a +0 leather armour
(13, -16, D:4)
  a +0 leather armour
(13, -15, D:4)
  a +0 robe
(24, -26, D:4)
  a +0 club
(24, -25, D:4)
  a +1 dagger of venom
  a +0 club
(26, -27, D:4)
  a +0 ring mail
(27, -14, D:4)
  a +0 chain mail
  a +0 hand axe
(30, 0, D:4)
  a +0 long sword
(32, -1, D:4)
  a +0 ring mail
(34, -9, D:4)
  a +0 club
  a +0 leather armour
(35, -4, D:4)
  6 stones
(35, -3, D:4)
  a +0 leather armour
(38, -20, D:4)
  a +0 club
(38, 0, D:4)
  a +0 club
(42, -19, D:4)
  a +0 short sword

Level 5 of the Dungeon
[Shop] Rujair's Antique Weapon Shoppe
  the +1 flail "Goppopt" {venom, Dex+5} (560 gold)
    Dex:       It affects your dexterity (+5).
  a +0 sling (31 gold)
  a +0 mace (63 gold)
  a +0 glaive (136 gold)
  a +2 short sword of draining (365 gold)
  a +0 halberd (84 gold)
  a +1 scimitar of holy wrath (298 gold)
  a +3 sling of freezing (413 gold)
(0, 0, D:5)
  a +0 spear
(2, 2, D:5)
  a +0 club
(2, 5, D:5)
  a +1 spear of freezing
(3, -5, D:5)
  a +0 whip of venom
(3, 14, D:5)
  a scarf of shadows
(4, -6, D:5)
  a +0 whip
(4, 6, D:5)
  a +0 spear
  a +0 ring mail
  a +0 buckler
(5, -7, D:5)
  a +0 spear
  a +0 ring mail
(5, -5, D:5)
  a +0 spear
(5, 1, D:5)
  a +0 trident
(5, 11, D:5)
  a +0 club
(7, -8, D:5)
  a +0 club
(8, -7, D:5)
  a +2 whip of flaming
  a +1 dagger of protection
  a +0 short sword
(10, -6, D:5)
  a +0 club
(14, -7, D:5)
  a +0 dagger
(15, 3, D:5)
  5 stones
(16, -5, D:5)
  a +0 dagger
  a +0 leather armour
(16, 3, D:5)
  5 stones
(16, 4, D:5)
  5 stones
(16, 18, D:5)
  a +0 spear
(17, 4, D:5)
  15 stones
(17, 18, D:5)
  a +0 spear
  a +0 giant club
(18, 13, D:5)
  a +0 giant spiked club
(18, 18, D:5)
  a +0 halberd
(24, 12, D:5)
  a +0 whip
  a +0 dagger
  a +0 leather armour
  a +0 whip
(25, -7, D:5)
  a +0 cloak
(25, 13, D:5)
  3 boomerangs
  a +0 whip
(27, 7, D:5)
  a +0 hand axe
  a +0 leather armour
(31, 9, D:5)
  a +0 hand axe
  a +0 scale mail
(37, 31, D:5)
  a +0 trident
  a +0 club
(46, 29, D:5)
  a +0 ring mail
(50, -1, D:5)
  a +0 flail
  a +0 robe
(50, 1, D:5)
  a +1 battleaxe of venom
  a +0 robe
(51, 2, D:5)
  a +0 hand axe
  a +0 robe

Level 6 of the Dungeon
(0, 0, D:6)
  a +0 dagger of electrocution
(1, 7, D:6)
  a +0 dagger
  a +0 robe
(2, -15, D:6)
  a +0 flail
  a +0 club
  an orc corpse
(2, -13, D:6)
  a +0 hand axe
(2, 8, D:6)
  a +0 flail
  a +0 plate armour
  a scroll of torment
(6, -27, D:6)
  a bullfrog corpse
(12, -23, D:6)
  a +0 cloak
(13, -21, D:6)
  a +0 ring mail

the Ecumenical Temple

