GoodOmen

Level 1 of the Dungeon
(13, -11, D:1)
  a +0 spear
(16, 2, D:1)
  a +0 dagger
(24, -11, D:1)
  a +1 dagger of freezing
(25, 8, D:1)
  a +0 short sword
  3 stones
(26, -11, D:1)
  a +0 club
(31, 0, D:1)
  2 stones
(37, 3, D:1)
  a +0 leather armour
(38, -18, D:1)
  a +0 spear
(46, -9, D:1)
  a +0 robe
(49, -5, D:1)
  a stone

Level 2 of the Dungeon
(7, 13, D:2)
  a +1 dagger of venom
(14, 24, D:2)
  2 stones
(16, 6, D:2)
  a +0 club
  5 stones
(17, 9, D:2)
  a +0 ring mail
(25, 29, D:2)
  a +0 club
  a +0 flail
  a +0 heavy hand axe
(26, 26, D:2)
  a +0 leather armour
(27, 16, D:2)
  a +0 sling
(28, 32, D:2)
  a +0 dagger
(29, 19, D:2)
  a +0 robe
(32, -2, D:2)
  a +0 dagger
  3 stones
(41, 3, D:2)
  6 atropa-tipped darts

Level 3 of the Dungeon
(0, 0, D:3)
  a +0 dagger
(1, -20, D:3)
  a scroll of vulnerability
(5, -10, D:3)
  a +0 ring mail
(11, -6, D:3)
  5 stones
(11, -4, D:3)
  a +0 robe
(16, -19, D:3)
  a +0 hand axe
(18, -2, D:3)
  a +0 falchion
(21, -20, D:3)
  a +0 spear
  a +0 halberd
  a +0 club
(22, 0, D:3)
  a +0 spear
(22, 10, D:3)
  5 stones
(23, -21, D:3)
  a +0 flail
(24, 8, D:3)
  a +0 trident
(26, 7, D:3)
  a scroll of vulnerability
(27, 11, D:3)
  a +0 dagger
(34, -7, D:3)
  a +0 dagger of venom

Level 4 of the Dungeon
(10, 22, D:4)
  6 stones
(10, 23, D:4)
  a potion of flight
(10, 24, D:4)
  a +0 club
(11, 22, D:4)
  a scroll of enchant weapon
(11, 23, D:4)
  a book of Hexes
(11, 24, D:4)
  8 stones
(12, 22, D:4)
  a potion of cancellation
(12, 23, D:4)
  a scroll of vulnerability
(12, 24, D:4)
  13 gold pieces
(21, 6, D:4)
  4 stones
(26, 12, D:4)
  a +0 dagger of venom
  a stone
(26, 29, D:4)
  3 poisoned darts
(27, -10, D:4)
  a +0 club
(27, 4, D:4)
  a +0 club
(33, 6, D:4)
  a +0 dagger
(34, -18, D:4)
  a +0 dagger
(35, -20, D:4)
  a +0 robe
  a +0 dagger
(37, -20, D:4)
  a +0 club
(37, 28, D:4)
  a +0 giant spiked club
(39, -20, D:4)
  a +0 hand axe
(39, 18, D:4)
  a +0 spear

Level 5 of the Dungeon
(0, 0, D:5)
  a +0 mace
(6, 7, D:5)
  a +0 short sword
(9, 1, D:5)
  a +0 scale mail
(9, 2, D:5)
  a +0 falchion
(9, 5, D:5)
  a +0 giant club
(12, 5, D:5)
  a +0 dagger
  a +0 leather armour
(14, 0, D:5)
  the +8 trident of the Orb {elec, Fly rN+ Int-4}
    Int:       It affects your intelligence (-4).
    rN:        It protects you from negative energy.
    Fly:       It grants you flight.

Level 6 of the Dungeon
[Shop] Kilergh's Distillery
  a potion of degeneration (15 gold)
  2 potions of magic (240 gold)
  a potion of ambrosia (120 gold)
  a potion of magic (120 gold)
  a potion of resistance (150 gold)
  a potion of invisibility (120 gold)
  a potion of lignification (45 gold)
(0, 0, D:6)
  a +0 scale mail
(1, -6, D:6)
  a +0 leather armour
(5, -1, D:6)
  a +0 trident
(17, -3, D:6)
  a +0 ring mail
(26, 2, D:6)
  a +0 chain mail
(33, 6, D:6)
  a +0 war axe
(34, -5, D:6)
  a +0 club
  a +0 leather armour
(34, 33, D:6)
  a stone
(38, 34, D:6)
  a +0 pair of boots
(40, -21, D:6)
  a +0 ring mail
(43, 14, D:6)
  6 poisoned darts
  a +0 short sword
(44, 15, D:6)
  a +0 dagger
  a stone
  a +0 dagger
(44, 21, D:6)
  a +0 short sword
(45, 5, D:6)
  a +0 shortbow
(45, 16, D:6)
  2 poisoned darts
  a +0 club
(47, 5, D:6)
  a +0 shortbow
(47, 10, D:6)
  a +0 dagger
(48, 6, D:6)
  a +0 shortbow
(51, -13, D:6)
  a +0 leather armour
(62, 3, D:6)
  a ring of see invisible

Level 7 of the Dungeon
(0, 0, D:7)
  7 stones
(17, -4, D:7)
  a +0 shortbow
(27, -41, D:7)
  a +0 club
  an orc corpse (skeletalised by now)

the Ecumenical Temple

