GoodOmen

Level 1 of the Dungeon
[Shop] Weadali's Magic Scroll Shop
  a scroll of fog (52 gold)
  a scroll of identify (26 gold)
  a scroll of teleportation (39 gold)
  a scroll of identify (26 gold)
  a scroll of fear (52 gold)
  a scroll of immolation (52 gold)
  a scroll of identify (26 gold)
(0, 27, D:1)
  5 stones
(5, 1, D:1)
  a +0 club
(5, 2, D:1)
  a +0 leather armour
(16, 7, D:1)
  a +0 dagger
  a stone
(18, 30, D:1)
  a potion of might
(21, 38, D:1)
  a +0 dagger
(23, -3, D:1)
  a +0 short sword
(23, 33, D:1)
  a potion of attraction
(30, 16, D:1)
  a +0 club
(32, 34, D:1)
  9 stones
(33, 34, D:1)
  4 stones

Level 2 of the Dungeon
(0, 0, D:2)
  a potion of flight
(5, -20, D:2)
  a potion of curing
(7, -9, D:2)
  3 poisoned darts
(8, -17, D:2)
  8 stones
(12, -15, D:2)
  a +0 dagger
(17, -7, D:2)
  a +0 club
(27, 4, D:2)
  a +0 dagger
(43, -10, D:2)
  a +0 club
  2 stones
(44, -14, D:2)
  a +0 short sword

Level 3 of the Dungeon
(0, 0, D:3)
  a potion of magic
(1, 2, D:3)
  a +0 whip
(9, -12, D:3)
  a +0 leather armour

