Kuzon

Level 1 of the Dungeon
(13, 6, D:1)
  a +0 club
(19, -7, D:1)
  a +0 dagger
(20, -2, D:1)
  a +0 dagger
(21, -9, D:1)
  a +0 ring mail
(22, 37, D:1)
  a +0 dagger
  5 stones
(25, 7, D:1)
  3 stones
(31, 7, D:1)
  a +0 club
(32, 22, D:1)
  a +0 dagger
(32, 27, D:1)
  a +0 leather armour
(45, 35, D:1)
  a +0 short sword
  a stone
(55, 23, D:1)
  a +0 chain mail

Level 2 of the Dungeon
(0, 0, D:2)
  a +0 dagger
(1, -10, D:2)
  a +0 dagger
(17, -11, D:2)
  a +0 dagger
(26, -8, D:2)
  a +0 club
  2 stones
(28, 9, D:2)
  a +0 dagger of venom
(29, -4, D:2)
  6 curare-tipped darts
(36, -20, D:2)
  a +0 dagger
(37, -16, D:2)
  a +0 whip
  2 stones
(38, -39, D:2)
  a +0 ring mail
(42, -22, D:2)
  a +0 robe

Level 3 of the Dungeon
(5, -13, D:3)
  5 stones
(7, -11, D:3)
  5 stones
(7, -10, D:3)
  10 stones
(7, -9, D:3)
  10 stones
(7, -2, D:3)
  4 stones
(19, -37, D:3)
  4 stones
(20, -23, D:3)
  a wand of roots (10)
(20, -21, D:3)
  a +0 robe
(20, -20, D:3)
  a potion of mutation
(22, -9, D:3)
  a +0 dagger
  a +0 leather armour
(28, -12, D:3)
  a +0 club
(30, -28, D:3)
  a +0 club
  a stone
(36, -21, D:3)
  a +0 robe
(38, -20, D:3)
  a +0 dagger
(38, 0, D:3)
  a +0 leather armour
(40, 4, D:3)
  a +0 ring mail
(45, -21, D:3)
  a +0 hand axe
  a +0 leather armour
(58, -11, D:3)
  a +0 club
  a +0 dagger
  a +0 leather armour
  a +0 dagger
(59, -10, D:3)
  a +0 short sword
  a +0 ring mail
  a +0 short sword

Level 4 of the Dungeon
(11, 16, D:4)
  a +0 mace
  a boomerang
  a +0 leather armour
(22, 4, D:4)
  a +0 leather armour
  a +0 robe
  a +0 dagger
  a +0 whip
(23, 22, D:4)
  a +0 giant spiked club
(24, 14, D:4)
  a +0 ring mail
(25, 17, D:4)
  4 poisoned darts
  a +0 club
(37, 5, D:4)
  a +0 mace
(43, 30, D:4)
  a +0 sling
(45, -18, D:4)
  a +0 shortbow
(45, -16, D:4)
  a +0 leather armour
  a +0 club
(45, 34, D:4)
  a +0 mace
  a +0 ring mail
  a +0 club
(49, -13, D:4)
  a +0 dagger
(51, 17, D:4)
  a +2 dagger of draining

Level 5 of the Dungeon
(0, 0, D:5)
  a +0 sling
(5, -32, D:5)
  a +0 spear
(5, -31, D:5)
  a +0 spear
(8, -23, D:5)
  a +0 spear
(16, -23, D:5)
  a +0 short sword
(27, 9, D:5)
  7 stones
(35, -15, D:5)
  a +0 short sword
(36, 1, D:5)
  a +0 leather armour
(46, -9, D:5)
  2 poisoned darts
(47, 5, D:5)
  a +2 long sword of protection
(50, 17, D:5)
  a +0 flail
  a +0 leather armour
(51, 17, D:5)
  a +0 whip
  a +0 flail
  a +0 leather armour
(52, 17, D:5)
  a +0 dagger
  a +0 ring mail

Level 6 of the Dungeon
[Shop] Acwuacya's Assorted Antiques
  a potion of berserk rage (150 gold)
  a +0 plate armour (690 gold)
  a potion of might (120 gold)
  a +3 quarterstaff of draining (726 gold)
  a potion of invisibility (240 gold)
  a +1 leather armour of cold resistance (420 gold)
  a scroll of immolation (120 gold)
(0, 0, D:6)
  a +0 club
  a +0 ring mail
(2, 1, D:6)
  a +0 club
  a +0 leather armour
  a +0 club
  a +0 chain mail
(2, 3, D:6)
  a +0 robe
  a +0 dagger
(3, 2, D:6)
  a +0 whip
(5, 1, D:6)
  a +0 robe
(13, 13, D:6)
  a +0 hand axe
(14, -36, D:6)
  a +0 club
(14, 15, D:6)
  a +0 whip
  2 boomerangs
  a +0 ring mail
  a +0 falchion
(16, 15, D:6)
  a +0 dagger
  a +0 robe
(17, -2, D:6)
  a +0 great sword
  a +0 robe
(17, 2, D:6)
  a +5 dagger
  a +0 robe
(17, 6, D:6)
  a +5 halberd
  a +0 robe
(18, 3, D:6)
  a +0 dagger
  a +0 robe
(19, -11, D:6)
  a +0 hand axe
(20, -23, D:6)
  a +0 trident
  a +0 ring mail
(23, 2, D:6)
  a +0 leather armour
(31, 3, D:6)
  a +0 shortbow

Level 7 of the Dungeon
(0, 0, D:7)
  a +0 club
  an orc corpse
(1, 0, D:7)
  a +0 dagger
(1, 1, D:7)
  a +0 whip
  a +0 leather armour
  an orc corpse
(1, 2, D:7)
  a +0 hand axe
  an orc corpse
(2, -1, D:7)
  a +0 hand axe
  an orc corpse
(3, -1, D:7)
  a +0 flail
  a +0 short sword
(4, -2, D:7)
  a +0 flail
  a +0 leather armour
(4, -1, D:7)
  a +0 dagger
  a +0 robe
  a sky beast corpse
(4, 1, D:7)
  a +0 robe
(20, 4, D:7)
  a +0 quarterstaff
(21, 2, D:7)
  a hound corpse (skeletalised by now)
(25, -27, D:7)
  9 stones
(25, -25, D:7)
  a +0 plate armour
(26, -1, D:7)
  a +0 spear
  a gnoll corpse (skeletalised by now)
(26, 0, D:7)
  an iguana corpse (skeletalised by now)
(27, -27, D:7)
  a +0 dagger
(27, -2, D:7)
  a +0 spear
  a gnoll corpse (skeletalised by now)
(28, -2, D:7)
  a +1 spear of distortion

the Ecumenical Temple

