Bokogi

Level 1 of the Dungeon
(0, 0, D:1)
  an Inescapable Atlas
(0, 33, D:1)
  a +0 dagger
  a +0 leather armour
(2, 33, D:1)
  a ball python corpse
(4, 17, D:1)
  a +0 spear
(7, 20, D:1)
  a +0 animal skin
(10, 31, D:1)
  a ball python corpse
  a ball python corpse
(10, 32, D:1)
  a +0 club
(19, 15, D:1)
  3 stones
(23, 20, D:1)
  a +0 robe
(28, 16, D:1)
  a +0 short sword
(35, 28, D:1)
  a stone
(38, 23, D:1)
  a +0 dagger
  a goblin corpse (skeletalised by now)
(38, 24, D:1)
  a hobgoblin corpse (skeletalised by now)

Level 2 of the Dungeon
(0, 0, D:2)
  a scroll of fog
(2, 5, D:2)
  a quokka corpse
(2, 6, D:2)
  a +0 dagger
  a +0 sling
  a goblin corpse
(14, 5, D:2)
  3 javelins
(17, 6, D:2)
  a +0 buckler
(20, 5, D:2)
  a book of the Moon

