Kuzon

Level 1 of the Dungeon
[Shop] Xoschul's Assorted Antiques
  a +0 spear (69 gold)
  a scroll of magic mapping (172 gold)
  a potion of might (92 gold)
  a scroll of identify (46 gold)
  a +0 leather armour (46 gold)
  a potion of ambrosia (184 gold)
  a scroll of fear (92 gold)
  a +0 mace (69 gold)
  a +0 sling (34 gold)
(0, 0, D:1)
  a +0 short sword
(14, -12, D:1)
  a +0 dagger
(15, -1, D:1)
  a +0 scale mail
(26, -7, D:1)
  2 stones
(26, -4, D:1)
  a +0 chain mail
(26, -1, D:1)
  3 datura-tipped darts
(31, 6, D:1)
  a +0 whip
(47, 20, D:1)
  a +0 sling
(50, 28, D:1)
  a +0 club
(57, 18, D:1)
  a +0 whip

Level 2 of the Dungeon
(0, 0, D:2)
  a scroll of identify
(6, -9, D:2)
  a jackal corpse (skeletalised by now)
(7, -9, D:2)
  a jackal corpse (skeletalised by now)
(7, -8, D:2)
  a +0 dagger
(15, -34, D:2)
  a +0 whip
(25, -22, D:2)
  a +0 club
(25, -21, D:2)
  a +0 club
(29, -17, D:2)
  a +0 club
(30, -22, D:2)
  a +0 chain mail
(31, -12, D:2)
  a hobgoblin corpse
(34, -7, D:2)
  a +0 dagger
  a goblin corpse
(34, -6, D:2)
  a +0 club
(36, 0, D:2)
  a +0 dagger

