Kuzon

Level 1 of the Dungeon
(0, 0, D:1)
  a +0 leather armour
(10, -29, D:1)
  a +0 dagger
(10, 20, D:1)
  8 stones
(13, -27, D:1)
  a +0 whip
(23, 14, D:1)
  3 stones
(30, -5, D:1)
  a +0 whip
(49, -3, D:1)
  a +0 war axe
(53, -21, D:1)
  a +0 sling

Level 2 of the Dungeon
(0, 0, D:2)
  5 stones
(3, 5, D:2)
  a +0 flail
(4, 3, D:2)
  a +0 flail
(4, 4, D:2)
  a +0 flail
(5, 2, D:2)
  a +0 club
(7, -11, D:2)
  a +0 chain mail
(14, 3, D:2)
  a +0 dagger
(19, -10, D:2)
  a +0 falchion
  a +0 ring mail
(20, 0, D:2)
  a +0 ring mail
(21, -11, D:2)
  7 stones
(28, -24, D:2)
  a +0 club
(34, -9, D:2)
  4 stones
(46, -16, D:2)
  a +0 dagger
(47, -18, D:2)
  a +0 sling
(48, -21, D:2)
  the +2 ring mail "Ywasekk" {rElec rF+ Will-}
    rF:        It protects you from fire.
    rElec:     It insulates you from electricity.
    Will:      It decreases your willpower.

Level 3 of the Dungeon
[Shop] Decuc's Weapon Emporium
  a +0 mace (39 gold)
  a +0 halberd (52 gold)
  a +0 dagger (26 gold)
  8 stones (10 gold)
  a +1 antimagic demon trident (676 gold)
  a +0 short sword (39 gold)
  a +0 sling of freezing (61 gold)
  7 stones (9 gold)
  a +0 spear (39 gold)
[Shop] Ytukoch's Book Shop
  a Necronomicon (728 gold)
  a book of Chaos (650 gold)
  Sif Muna's Treatise on Mortification and Places (442 gold)
    Spells                            Type                      Level
     a - Sublimation of Blood          Necromancy                    2
     b - Death Channel                 Necromancy                    6
     c - Dispersal                     Translocation                 6
  a book of Spatial Translocations (234 gold)
  a book of Vapours (260 gold)
  a book of Changes (234 gold)
  a book of Callings (260 gold)
  a book of Unlife (468 gold)
[Shop] Vaguhui's Antique Weapon Shoppe
  a +0 hand axe (60 gold)
  a +1 spear of pain (290 gold)
  a +0 club (20 gold)
  a +0 flail (70 gold)
  a +2 scimitar of holy wrath (384 gold)
  the +8 long sword of Uskayaw's Hope {vamp, rC- Dex+2 Stlth+} (1150 gold)
    Dex:       It affects your dexterity (+2).
    rC:        It makes you vulnerable to cold.
    Stlth:     It makes you more stealthy.
  a +0 falchion (60 gold)
  a +0 spear (60 gold)
  a +0 shortbow of flaming (148 gold)
  a +0 dagger (40 gold)
(0, 0, D:3)
  a +0 ring mail
(1, -2, D:3)
  a +0 leather armour
(2, -26, D:3)
  a +0 club
(3, -25, D:3)
  a +1 whip of venom
  8 stones
(4, -24, D:3)
  a +1 spear of venom
  a +0 ring mail
(6, -4, D:3)
  8 stones
(10, 13, D:3)
  a +0 leather armour
(11, -29, D:3)
  a +0 halberd
(12, -29, D:3)
  a +0 flail
  a +0 club
(15, -21, D:3)
  a +0 whip
  4 poisoned darts
(17, 3, D:3)
  a +0 dagger
(19, -28, D:3)
  6 poisoned darts
(21, 2, D:3)
  a +0 short sword
(34, -28, D:3)
  a +0 hand axe
  a +0 chain mail
(36, -10, D:3)
  5 stones
(45, 4, D:3)
  a +0 short sword

Level 4 of the Dungeon
(0, 0, D:4)
  a +0 spear
(3, 37, D:4)
  5 atropa-tipped darts
(7, 37, D:4)
  a +0 robe
(12, 9, D:4)
  a +0 club
(13, 37, D:4)
  4 stones
(14, 29, D:4)
  a ring of magical power
(14, 37, D:4)
  a +0 ring mail
(17, 33, D:4)
  a scroll of enchant armour
(20, 5, D:4)
  a +0 robe
(38, 0, D:4)
  3 stones
(39, 24, D:4)
  a +0 dagger
  a +0 leather armour
  an orc skeleton
(40, 25, D:4)
  a +0 falchion
  a +0 leather armour
  an orc skeleton
(40, 26, D:4)
  a +0 dagger
  a +0 leather armour
  an orc skeleton
(41, 26, D:4)
  a +0 dagger

