Bokogi

Level 1 of the Dungeon
(0, 0, D:1)
  a +0 club
  a +0 dagger
  a +0 club
(0, 21, D:1)
  a +0 dagger
(2, 40, D:1)
  a +0 short sword
(3, 5, D:1)
  a +0 ring mail
(17, 25, D:1)
  a +0 whip
(20, 28, D:1)
  a +0 dagger
  a +0 short sword
(20, 31, D:1)
  a +0 short sword
  a stone
(29, 29, D:1)
  a +0 leather armour
(39, 4, D:1)
  a +0 pair of gloves
(44, 9, D:1)
  a +0 sling
(46, 34, D:1)
  a +2 dagger

Level 2 of the Dungeon
(0, 0, D:2)
  3 stones
(7, 0, D:2)
  8 stones
(10, -1, D:2)
  a +0 long sword
(14, 8, D:2)
  a +0 ring mail
(20, -33, D:2)
  a +0 mace
(27, -5, D:2)
  a +0 leather armour
(28, -1, D:2)
  a +0 leather armour
(31, -34, D:2)
  a +0 ring mail
(32, -23, D:2)
  a +0 club
(33, 16, D:2)
  a +0 short sword
(37, -22, D:2)
  a +0 plate armour
(40, 10, D:2)
  a +0 chain mail
  a +0 hand axe
(44, 3, D:2)
  a +0 club
(45, -5, D:2)
  a +0 hammer
(47, 2, D:2)
  a +0 chain mail

Level 3 of the Dungeon
(0, 0, D:3)
  a +0 flail

