Kuzon

Level 1 of the Dungeon
[Shop] Atocer's Jewellery Boutique
  an amulet of guardian spirit (390 gold)
  a ring of willpower (325 gold)
  a +4 ring of protection (468 gold)
  a ring of flight (227 gold)
  a +6 ring of strength (468 gold)
  a ring of wizardry (390 gold)
  a ring of wizardry (390 gold)
  a ring of poison resistance (260 gold)
  an amulet of faith (520 gold)
  a ring of magical power (260 gold)
(14, 0, D:1)
  a stone
(21, -15, D:1)
  a +0 leather armour
(22, -9, D:1)
  a +0 ring mail
(22, 21, D:1)
  a +0 dagger
(31, 27, D:1)
  a +0 dagger
  4 stones
(33, 5, D:1)
  a stone
(36, -6, D:1)
  a +0 robe
(39, -6, D:1)
  a +0 dagger
(43, -4, D:1)
  a +0 ring mail
(44, -1, D:1)
  a +0 club
  5 stones
(45, -18, D:1)
  a +0 dagger
(45, 0, D:1)
  a +0 whip
  5 stones
(46, -3, D:1)
  a +0 short sword
(47, -5, D:1)
  2 javelins
(50, 12, D:1)
  a +0 dagger
(50, 13, D:1)
  a +0 club
(59, -6, D:1)
  7 stones
(63, -8, D:1)
  a +0 club
  3 stones

Level 2 of the Dungeon
(1, -4, D:2)
  a +0 mace
(7, -15, D:2)
  a +0 sling
(12, 21, D:2)
  a +0 hand axe
(15, -19, D:2)
  a staff of earth
(15, -16, D:2)
  3 atropa-tipped darts
(17, 2, D:2)
  a +0 short sword
(36, -13, D:2)
  a +0 dagger
(44, 3, D:2)
  4 stones
(45, -11, D:2)
  a stone
(45, 8, D:2)
  a +0 short sword

Level 3 of the Dungeon
[Shop] Zoll's Jewellery Emporium
  a ring of see invisible (210 gold)
  a ring of poison resistance (280 gold)
  a ring of willpower (350 gold)
  a ring of resist corrosion (280 gold)
  an amulet of magic regeneration (420 gold)
  a ring of poison resistance (280 gold)
  a +4 ring of protection (504 gold)
(0, 0, D:3)
  a +0 club
  a +0 leather armour
(2, -16, D:3)
  a +0 leather armour
  a +0 dagger
(2, 12, D:3)
  a +0 club
  a +0 hand axe
(2, 13, D:3)
  a +0 dagger
(4, -17, D:3)
  3 stones
  a +0 whip
(4, -16, D:3)
  a +0 ring mail
  a +0 dagger
(14, -29, D:3)
  a +0 mace
  a +0 leather armour
(29, -13, D:3)
  a +0 mace
(30, -15, D:3)
  a +0 club
(31, -17, D:3)
  a +0 dagger

Level 4 of the Dungeon
(0, 0, D:4)
  a +0 leather armour
(5, -27, D:4)
  a +0 ring mail
(5, 5, D:4)
  a +0 dagger
(13, -21, D:4)
  4 stones
  a +2 short sword of electrocution
(13, -20, D:4)
  2 stones
  a +0 club
(13, -17, D:4)
  a +0 dagger
(18, 9, D:4)
  a +0 spear
(19, 9, D:4)
  a +0 spear
(20, 14, D:4)
  a +0 whip
(39, 10, D:4)
  4 stones
  a +0 dagger
(40, -10, D:4)
  a +0 rapier
(48, -2, D:4)
  9 stones

Level 5 of the Dungeon
(0, 0, D:5)
  a +0 club
(3, 29, D:5)
  a +0 hand axe
(6, 7, D:5)
  a +0 club
(7, -23, D:5)
  a +0 club
(7, -22, D:5)
  a +0 sling
(9, -24, D:5)
  a +0 club
  a +0 club
(10, -24, D:5)
  a +0 club
(11, -24, D:5)
  a +0 robe
  a +0 dagger
  a +0 spear
(11, -23, D:5)
  a +0 club
(12, -24, D:5)
  a +0 club
  a +0 club
(12, -23, D:5)
  a +0 club
(12, 19, D:5)
  a +0 dagger
(14, -24, D:5)
  a +0 club
(14, 10, D:5)
  a +0 spear
(15, 10, D:5)
  a +3 short sword
(16, 6, D:5)
  a +0 club
(16, 20, D:5)
  a +0 club
(17, -22, D:5)
  a +0 club
(17, -21, D:5)
  a +0 club
(17, 10, D:5)
  a +0 club
(18, -23, D:5)
  a +0 club
(18, -21, D:5)
  a +0 club
(24, -10, D:5)
  a +0 sling
(24, 21, D:5)
  a +0 club
(25, -11, D:5)
  a +0 club
(26, -21, D:5)
  a +0 club
(26, -12, D:5)
  a +0 club
(26, -10, D:5)
  a +0 sling
(27, -20, D:5)
  a +0 trident
(27, -14, D:5)
  a +0 club
  a +0 sling
(27, -12, D:5)
  a +0 sling
(27, -9, D:5)
  a +0 spear
(28, -20, D:5)
  a +0 club
(29, -18, D:5)
  a +0 club
  a +0 club
(30, -18, D:5)
  a +0 falchion
(30, 16, D:5)
  a +0 giant spiked club
(31, -20, D:5)
  a +0 club
(31, -11, D:5)
  a +0 short sword
(32, 16, D:5)
  a +0 club
(33, 18, D:5)
  a +0 whip
  a +0 robe
(34, 14, D:5)
  a +0 sling
  a +0 ring mail
  a +0 club
(34, 15, D:5)
  a +0 hand axe
(40, -22, D:5)
  a +0 spear
  a +0 club
(40, -21, D:5)
  a +0 club
(44, 20, D:5)
  a +0 club
(49, 26, D:5)
  a +0 scale mail
(51, -21, D:5)
  a +0 club
(52, -24, D:5)
  a +0 giant spiked club
(52, -22, D:5)
  a +0 club
(53, -22, D:5)
  a +0 short sword
  5 stones
(53, -21, D:5)
  a +0 whip
(53, -19, D:5)
  a +0 sling
(54, -22, D:5)
  a +0 club
  a +0 spear
(54, -21, D:5)
  a +0 short sword
  a +0 club
(54, -20, D:5)
  a +0 sling
(54, -19, D:5)
  a +0 short sword
(55, -21, D:5)
  a +0 club
(55, -20, D:5)
  a +0 club
(56, -22, D:5)
  a +0 sling
(57, 14, D:5)
  a +0 whip
(59, 7, D:5)
  a +0 chain mail
(66, -10, D:5)
  a +0 robe

Level 6 of the Dungeon
(6, 15, D:6)
  13 gold pieces
(11, 11, D:6)
  a +0 leather armour
  a +0 whip
(12, 8, D:6)
  a +0 club
  a +0 plate armour
  a +0 flail
(13, 0, D:6)
  a potion of lignification
  a potion of attraction
  a potion of degeneration
  an amulet of guardian spirit
  2 throwing nets
(17, 4, D:6)
  a +0 robe
  a +0 war axe
(27, -6, D:6)
  a +0 giant club
(38, 27, D:6)
  a +0 club
  a +0 leather armour
(38, 28, D:6)
  a +0 whip
  a +0 dagger
  a +0 robe
(42, 5, D:6)
  a +0 leather armour
  a +0 club
(43, 6, D:6)
  a +0 scale mail
  a +0 short sword
  a +0 whip
(44, 7, D:6)
  a +0 dagger

Level 7 of the Dungeon
(0, 0, D:7)
  a +0 robe
  a +4 flail
(1, -5, D:7)
  a +0 trident
(3, 6, D:7)
  a +0 club
(3, 14, D:7)
  a +0 buckler
  a +0 ring mail
  a +0 trident
(4, 14, D:7)
  a +0 club
(5, -1, D:7)
  a +0 dagger
(5, 12, D:7)
  4 javelins
  a +0 club
  2 boomerangs
  a +0 mace
(5, 13, D:7)
  a +0 flail
(6, -6, D:7)
  a +0 morningstar
(9, 15, D:7)
  a +0 robe
  a +0 dagger
(10, -6, D:7)
  a +2 spear
  a +0 robe
(10, -5, D:7)
  a +3 spear
  a +0 robe
(11, -6, D:7)
  a +0 morningstar
  +0 steam dragon scales
(17, -2, D:7)
  a +0 war axe
  a +0 leather armour
(25, 9, D:7)
  a +0 scale mail
(26, 2, D:7)
  a potion of lignification
(30, 24, D:7)
  a +0 robe
  a +0 dagger
(34, 26, D:7)
  a potion of attraction
(40, 25, D:7)
  a +0 great sword
  a +0 robe of willpower
(40, 27, D:7)
  a +0 leather armour
  a +0 whip
(41, 26, D:7)
  a +0 robe
  a +0 dagger
(41, 27, D:7)
  a +0 robe
  a +0 hand axe
  a +0 club

Level 8 of the Dungeon
(0, 0, D:8)
  a +0 short sword
  a +0 leather armour
(1, -39, D:8)
  a +0 rapier
(2, -38, D:8)
  a +0 short sword
  a kobold corpse
(3, -39, D:8)
  a +0 short sword
  3 stones
(6, -34, D:8)
  a +0 dagger
  a kobold corpse
(6, -33, D:8)
  a +0 short sword (still there?)
  5 poisoned darts (still there?)
  a kobold corpse (still there?)
(9, -38, D:8)
  a +0 dagger (still there?)
  5 poisoned darts (still there?)
  a kobold corpse (still there?)
(11, -41, D:8)
  a +0 dagger of speed (still there?)
  3 stones (still there?)
(12, -34, D:8)
  a +0 whip
  a kobold corpse
(15, -22, D:8)
  a +0 dagger
(25, -19, D:8)
  a +0 short sword
  a stone
(27, -51, D:8)
  a +0 leather armour
(31, -13, D:8)
  a +0 robe
  a +4 hand axe
(32, -13, D:8)
  a +0 robe
  a +0 battleaxe
(32, -11, D:8)
  a +0 robe
  a +2 short sword of freezing
(34, -12, D:8)
  a +0 short sword
(36, -53, D:8)
  a +0 helmet
(40, -44, D:8)
  a +0 spear
  a +0 robe
(41, -45, D:8)
  a +0 halberd
  a +0 robe
(41, -44, D:8)
  a +3 short sword of freezing
  a +0 robe
  a +0 halberd
  a +0 robe
(41, -43, D:8)
  a +0 flail
  a +0 robe
(43, -52, D:8)
  a +0 long sword
  a +0 chain mail
(47, -50, D:8)
  a +0 hand axe
  an orc corpse (skeletalised by now)
(48, -49, D:8)
  a +0 hand axe
  an orc corpse (skeletalised by now)

the Ecumenical Temple

