Bokogi

Level 1 of the Dungeon
[Shop] Wuxkudgh's Magic Scroll Shoppe
  a scroll of identify (26 gold)
  a scroll of identify (26 gold)
  a scroll of amnesia (52 gold)
  a scroll of fog (52 gold)
  a scroll of enchant armour (97 gold)
  a scroll of identify (26 gold)
  a scroll of fear (52 gold)
[Shop] Otry's Weapon Boutique
  (Shop contents are unknown)
[Shop] Giqamoi's Assorted Antiques
  3 scrolls of noise (57 gold)
  a scroll of fear (76 gold)
  a staff of conjuration (475 gold)
  a +1 pair of gloves (218 gold)
  a +0 hand axe of flaming (140 gold)
  a ring of see invisible (285 gold)
  a scroll of teleportation (57 gold)
  a +0 dagger (38 gold)
  a +0 hand axe (57 gold)
(0, 0, D:1)
  a bat corpse
(0, 1, D:1)
  a +0 ring mail
(1, 9, D:1)
  a +0 short sword
(14, 10, D:1)
  a +0 dagger
(15, 10, D:1)
  a +0 leather armour
(34, 15, D:1)
  a +0 whip
  3 stones
(35, -8, D:1)
  a +0 whip

