Bokogi

Level 1 of the Dungeon
(0, 0, D:1)
  a +0 club
  3 stones
(4, 16, D:1)
  a +0 dagger
(7, -10, D:1)
  a +0 whip of venom
(10, -15, D:1)
  8 stones
(15, 29, D:1)
  a +0 dagger
(25, 32, D:1)
  a +0 buckler
(27, -4, D:1)
  a +0 whip
(31, 34, D:1)
  a +0 whip of electrocution
(33, 28, D:1)
  a book of Flames
(34, -2, D:1)
  a +0 club
(35, 34, D:1)
  a +2 short sword of draining
  a +0 dagger
(36, 16, D:1)
  a +0 whip
(37, 34, D:1)
  a +0 helmet
(43, 3, D:1)
  a +0 club
(51, 18, D:1)
  6 stones

Level 2 of the Dungeon
(0, 0, D:2)
  4 stones
(2, -25, D:2)
  5 stones
  a +0 short sword
(3, -28, D:2)
  a +0 club
(9, 7, D:2)
  5 atropa-tipped darts
(10, -24, D:2)
  a +0 ring mail
(15, 12, D:2)
  a +1 dagger of holy wrath
(20, -25, D:2)
  7 stones
(20, 2, D:2)
  6 poisoned darts
(22, -30, D:2)
  6 stones
(22, -7, D:2)
  a +0 chain mail
(24, 13, D:2)
  a +2 dagger of holy wrath
  a +0 sling
(30, -1, D:2)
  a +0 robe
(34, -1, D:2)
  a +2 dagger of venom
(38, -21, D:2)
  a +0 dagger

Level 3 of the Dungeon
(0, 0, D:3)
  a +0 robe
(6, 13, D:3)
  4 stones
(7, 9, D:3)
  a +0 pair of gloves
(7, 10, D:3)
  a +0 dagger
(7, 13, D:3)
  a +0 club
  a +0 leather armour
(15, 10, D:3)
  a +0 flail of holy wrath
(20, 5, D:3)
  a +1 whip of venom
(20, 12, D:3)
  a +0 flail
  a +0 whip
(21, -4, D:3)
  a +0 whip
(21, -3, D:3)
  a +0 leather armour
(23, -5, D:3)
  a +0 short sword
(23, 0, D:3)
  a +0 spear
(24, -5, D:3)
  a +0 club
  a +0 leather armour
(24, -2, D:3)
  a +0 club
(24, -1, D:3)
  a +0 club
  a +0 spear
(24, 12, D:3)
  a +0 dagger
(25, -3, D:3)
  a +0 flail
(26, -4, D:3)
  a +0 whip
  a +0 club
  a +0 whip
  a +0 ring mail
  a +0 club
  a +0 hand axe
(26, -3, D:3)
  a +0 spear
  a +0 spear
(26, -2, D:3)
  a +0 spear
(27, -6, D:3)
  a +0 mace
  a +0 leather armour
(29, 5, D:3)
  a +0 halberd
(30, -18, D:3)
  a +0 quarterstaff
(30, 5, D:3)
  a +0 whip
  a +0 flail
  a +0 leather armour
(31, 7, D:3)
  a +0 war axe
  a +0 leather armour
  a +0 whip
(32, 7, D:3)
  a +0 war axe
  a +0 club
  a +0 ring mail
(32, 10, D:3)
  a +0 short sword
  8 poisoned darts
  a +0 flail
(34, -29, D:3)
  a +0 club
(35, -10, D:3)
  a +0 club
(50, -9, D:3)
  a +0 club
(56, -26, D:3)
  a +0 whip
(56, -18, D:3)
  a +0 spear

Level 4 of the Dungeon
(0, 0, D:4)
  a +0 club
(4, -28, D:4)
  a +0 short sword
(12, -14, D:4)
  a +0 short sword
(15, 5, D:4)
  a +0 shortbow
(18, -16, D:4)
  a +0 scythe
  a +0 robe
(22, 0, D:4)
  a +0 ring mail
(23, -22, D:4)
  6 stones
(32, -32, D:4)
  a +0 halberd
(32, -8, D:4)
  a +0 whip
(34, -8, D:4)
  a +0 club
(35, -8, D:4)
  a +0 flail

Level 5 of the Dungeon
(9, 23, D:5)
  a +0 broad axe
(12, 0, D:5)
  6 stones
(15, -14, D:5)
  a +0 robe
  a +1 dagger of draining
  a +0 robe
  a +0 dagger
(16, -14, D:5)
  a +4 ring mail
  a +0 trident
(16, 7, D:5)
  a +0 short sword
(19, -15, D:5)
  a +0 long sword
  a +0 flail
  a +0 flail
(19, -14, D:5)
  a +0 spear
(20, -14, D:5)
  a +0 ring mail
(23, -23, D:5)
  a +0 dagger
  a +0 robe
(23, 11, D:5)
  a book of Rime
(25, -24, D:5)
  a +0 hand axe
  a +0 ring mail
(25, -23, D:5)
  a +0 club
  a +0 short sword
(25, -22, D:5)
  a +0 club
  a +0 leather armour
(25, 10, D:5)
  a +0 leather armour
  a +1 heavy hand axe
(26, -22, D:5)
  a +0 mace
  a +0 leather armour
(28, -19, D:5)
  a +0 sling
(28, -3, D:5)
  7 stones
(30, 4, D:5)
  the +2 ring mail of the Spider Nest {+Inv Will+}
    +Inv:      It lets you turn invisible.
    Will:      It increases your willpower.
(35, 20, D:5)
  a book of Minor Magic
(36, -19, D:5)
  a +0 spear
(40, -17, D:5)
  Maxwell's Memoranda
(42, 15, D:5)
  a +0 leather armour
(44, -31, D:5)
  2 poisoned darts
(45, 2, D:5)
  7 stones
(52, 20, D:5)
  a +0 war axe

Level 6 of the Dungeon
(0, 0, D:6)
  a staff of poison
(0, 3, D:6)
  5 stones
(8, -21, D:6)
  a +0 chain mail
(18, 9, D:6)
  a book of Flames
(26, 4, D:6)
  a +0 dagger
(36, -5, D:6)
  a +0 falchion
(40, -2, D:6)
  5 stones

Level 7 of the Dungeon
[Shop] Horinaat's General Store
  a scroll of enchant armour (105 gold)
  a +0 scale mail (56 gold)
  a +0 ring mail (56 gold)
  a ring of see invisible (210 gold)
  a +0 ring mail (56 gold)
  a ring of positive energy (280 gold)
  a scroll of enchant armour (105 gold)
(2, -40, D:7)
  6 stones
(10, -29, D:7)
  a +0 ring mail
(16, 11, D:7)
  a +4 long sword of electrocution
(19, -28, D:7)
  a +0 flail
(24, -12, D:7)
  a +0 shortbow
(29, -20, D:7)
  a +1 hand axe
  a +0 robe
  a +0 halberd
  a +0 robe
(29, -19, D:7)
  a +4 hand axe
  a +0 robe
(31, -21, D:7)
  a +0 trident
  a +0 robe
(37, -19, D:7)
  a +0 leather armour
(37, 5, D:7)
  7 stones
(43, -7, D:7)
  a +0 helmet
(49, 8, D:7)
  a +0 scale mail

Level 8 of the Dungeon
(0, 0, D:8)
  the +7 dagger of Victory {spect, rF+ rCorr Dex-3}
    Dex:       It affects your dexterity (-3).
    rF:        It protects you from fire.
    rCorr:     It protects you from acid and corrosion.
(5, -9, D:8)
  a +0 cloak
(20, -14, D:8)
  7 stones
(24, -9, D:8)
  6 throwing nets
(25, -3, D:8)
  a +0 giant spiked club
  a +0 giant spiked club
(28, 4, D:8)
  a +0 halberd
(29, 4, D:8)
  a +0 dagger
(29, 5, D:8)
  a +0 dagger of venom
  a +0 dagger
  a +0 short sword
  a +0 chain mail
  a +0 flail
  a +0 halberd
  a +0 club
  a +0 robe
(29, 6, D:8)
  a +0 club
(29, 7, D:8)
  a +2 rapier
(30, 4, D:8)
  a +0 spear
(34, 10, D:8)
  a +0 halberd
  a +0 club
  a +0 leather armour
(35, 10, D:8)
  a +0 flail
  a +0 club
  a +0 spear
  a +0 spear
(37, 2, D:8)
  5 stones
(44, -8, D:8)
  a book of Cantrips
(63, -5, D:8)
  the Unrestrained Analects

Level 9 of the Dungeon
(6, 3, D:9)
  a stone
  a +0 short sword
(6, 5, D:9)
  a +0 short sword
(7, 3, D:9)
  a +0 robe
  a +0 dagger of protection
(8, 2, D:9)
  3 poisoned darts
  a +0 whip
(8, 3, D:9)
  a +0 whip
(18, 20, D:9)
  a +0 dagger
(19, -21, D:9)
  a +0 flail
(19, -11, D:9)
  a +0 pair of gloves
(27, -10, D:9)
  a +0 dagger
  a +0 robe
(28, -10, D:9)
  a +0 war axe
  a +0 plate armour
(29, -10, D:9)
  a +0 hand axe
(29, -2, D:9)
  a +0 shortbow
(43, 14, D:9)
  a +0 dagger
(53, -18, D:9)
  a +0 leather armour

Level 10 of the Dungeon
(1, 9, D:10)
  a +0 dagger
(2, 9, D:10)
  a +0 club
  a +0 flail
(3, 10, D:10)
  a +3 mace of protection
(3, 11, D:10)
  a +0 dagger
(3, 16, D:10)
  6 poisoned darts
(4, 6, D:10)
  6 poisoned darts
(8, 1, D:10)
  a +0 leather armour
(24, -5, D:10)
  a +0 ring mail
(25, 1, D:10)
  a +0 quarterstaff
(25, 11, D:10)
  5 stones
(26, 18, D:10)
  a +0 dagger
  a +0 robe
(27, 18, D:10)
  a +2 dagger of draining
  a +0 robe
  a +0 flail
(27, 19, D:10)
  a +0 falchion
(28, 6, D:10)
  a +0 leather armour
(28, 18, D:10)
  a +0 whip
(29, 40, D:10)
  a +0 chain mail
(32, 7, D:10)
  a +0 giant spiked club
  a +0 giant spiked club
(34, 36, D:10)
  a +0 pair of gloves
(45, 37, D:10)
  2 potions of mutation
  a potion of lignification

Level 1 of the Lair of Beasts
(7, -35, Lair:1)
  a staff of earth
(11, -35, Lair:1)
  a +0 whip
(11, 12, Lair:1)
  5 stones
(37, -4, Lair:1)
  4 stones
(37, -2, Lair:1)
  6 stones

Level 2 of the Abyss
(6, 9, Abyss:2)
  an orc skeleton
(8, 8, Abyss:2)
  a +0 hand axe
  a +0 scale mail
  an orc skeleton
(8, 9, Abyss:2)
  a +0 dagger
(9, 10, Abyss:2)
  a +0 club
  an orc skeleton
(12, 12, Abyss:2)
  a +0 spear
  a gnoll corpse

