Kuzon

Level 1 of the Dungeon
[Shop] Zeiruyhi's Assorted Antiques
  a potion of heal wounds (140 gold)
  a +0 pair of boots (126 gold)
  a +0 flail (98 gold)
[Shop] Kuidghuo's Weapon Emporium
  5 poisoned darts (30 gold)
  the +4 great mace of Soelisunga {venom, Str+5} (453 gold)
    Str:       It affects your strength (+5).
  a +2 heavy battleaxe (237 gold)
  the +13 scythe of Curses {drain, curses, Drain} (800 gold)
    Drain:     It drains your maximum health when unequipped.
  5 large rocks (75 gold)
  a +0 flail (35 gold)
  a +0 hand axe (30 gold)
  8 stones (8 gold)
(0, 0, D:1)
  a +0 hand axe
(2, -10, D:1)
  6 stones
(5, -30, D:1)
  a +0 war axe
(5, -29, D:1)
  a +0 club
(24, -35, D:1)
  a +0 dagger
(24, 13, D:1)
  a +0 leather armour
(31, -20, D:1)
  a +0 club
(43, -21, D:1)
  a +0 club
(54, -26, D:1)
  6 stones

Level 2 of the Dungeon
(2, 24, D:2)
  5 stones
(8, 16, D:2)
  7 stones
(12, -12, D:2)
  a +0 short sword
(12, 15, D:2)
  a +0 plate armour
(29, 5, D:2)
  a +0 leather armour
(35, 18, D:2)
  a +0 whip
(38, 17, D:2)
  a +0 club
(45, 11, D:2)
  5 stones

Level 3 of the Dungeon
(0, 0, D:3)
  3 poisoned darts
(16, -7, D:3)
  a +0 short sword
(17, -1, D:3)
  a +0 kite shield
(18, -27, D:3)
  7 stones
(19, -9, D:3)
  9 stones
(21, -14, D:3)
  a +0 club
(23, -27, D:3)
  a +0 dagger
(39, -23, D:3)
  a +0 dagger
  2 stones
(46, -10, D:3)
  a +0 dagger
  5 stones

Level 4 of the Dungeon
(1, -49, D:4)
  5 poisoned darts
(2, -42, D:4)
  4 stones
(6, -33, D:4)
  a +0 spear
(7, -33, D:4)
  a +0 spear
(7, -20, D:4)
  a +0 war axe
(8, -33, D:4)
  a +0 flail
(9, -24, D:4)
  a +0 whip
(16, -31, D:4)
  a +0 rapier
(19, -18, D:4)
  a +0 dagger
(20, -16, D:4)
  a +0 club
(22, -32, D:4)
  6 stones
(35, 7, D:4)
  a +0 scimitar

Level 5 of the Dungeon
[Shop] Huthueqaeg's Book Boutique
  a book of Decay (330 gold)
  a book of Air (242 gold)
  a book of Burglary (220 gold)
  the Unrestrained Analects (484 gold)
  a Grand Grimoire (374 gold)
  an Everburning Encyclopedia (396 gold)
  Great Wizards, Vol. VII (330 gold)
  a book of the Wilderness (418 gold)
(0, 0, D:5)
  a +0 scale mail
(11, 11, D:5)
  a +0 rapier
(17, 1, D:5)
  3 stones
(26, 45, D:5)
  3 javelins
(34, 50, D:5)
  a +0 short sword
(35, 11, D:5)
  5 stones
(36, 1, D:5)
  3 boomerangs of dispersal
  a +0 short sword
  a +0 falchion
(37, 1, D:5)
  a +0 robe
  a +0 dagger
(38, 1, D:5)
  2 boomerangs
  a +0 club
(40, 27, D:5)
  a +0 scale mail
  a +0 club
(44, 3, D:5)
  7 stones
(44, 4, D:5)
  a +0 giant club
(45, 27, D:5)
  a +0 ring mail
(46, 5, D:5)
  a +0 robe
(47, 31, D:5)
  16 gold pieces
(49, 8, D:5)
  a +0 ring mail
  a +0 whip
(51, 7, D:5)
  5 stones
(51, 22, D:5)
  4 stones

Level 6 of the Dungeon
(0, 0, D:6)
  a +0 short sword
(1, 0, D:6)
  a +0 ring mail
  a +0 dagger
  a +0 club
  an orc corpse
  an orc corpse
(7, -6, D:6)
  13 gold pieces

the Ecumenical Temple

