Xikchaka

Level 1 of the Dungeon
(0, 0, D:1)
  a +0 leather armour
(4, 8, D:1)
  a +0 sling
(7, -16, D:1)
  2 stones
(8, 19, D:1)
  a +0 dagger
(11, -14, D:1)
  a +0 long sword
(13, -3, D:1)
  a +0 falchion
(13, 6, D:1)
  a +0 whip
  5 stones
(13, 12, D:1)
  8 stones
(14, -18, D:1)
  a +0 flail
(19, 2, D:1)
  7 stones
(24, -9, D:1)
  6 stones
(32, -11, D:1)
  a +0 club
(36, 16, D:1)
  a +0 sling
(39, -12, D:1)
  a +0 chain mail
(41, -7, D:1)
  a +0 club
  a +0 club
  2 stones
(41, -5, D:1)
  a +0 club
(46, 13, D:1)
  a +0 club
(49, 11, D:1)
  a +0 dagger

Level 2 of the Dungeon
(0, 0, D:2)
  a +0 spear
(2, 22, D:2)
  a +0 halberd
(3, 22, D:2)
  a +0 club
  a +0 halberd
  a +0 ring mail
(13, 17, D:2)
  a +0 robe
(17, 9, D:2)
  a +0 spear
(19, 13, D:2)
  a +0 sling
(20, 4, D:2)
  a +0 halberd
(21, 4, D:2)
  a +0 spear
(22, 15, D:2)
  3 stones
(23, 4, D:2)
  a +0 club
(23, 45, D:2)
  a +0 dagger
(27, 26, D:2)
  a +0 dagger
  4 stones
(32, 30, D:2)
  a +0 mace
(44, 11, D:2)
  a +0 helmet

Level 3 of the Dungeon
(0, 0, D:3)
  a +0 ring mail
(7, 1, D:3)
  a hobgoblin corpse (skeletalised by now)

Level 5 of the Dungeon
(0, 0, D:5)
  a +0 flail
  a +0 scale mail
  a +0 short sword
  a +0 leather armour
  a +0 hand axe
  a +0 ring mail
  an orc corpse (skeletalised by now)
  an orc corpse (skeletalised by now)
(0, 1, D:5)
  a +0 club
  a boomerang
  an orc corpse (skeletalised by now)
(3, -1, D:5)
  3 stones
(4, 14, D:5)
  6 poisoned darts
(16, -4, D:5)
  6 stones
(18, -7, D:5)
  a +0 whip

Level 6 of the Dungeon
(0, 0, D:6)
  15 gold pieces
(6, 5, D:6)
  4 stones
(16, 1, D:6)
  a hound corpse (skeletalised by now)

