Bokogi

Level 1 of the Dungeon
(0, 0, D:1)
  a +0 club
(8, 10, D:1)
  a +0 dagger
(9, 10, D:1)
  a +0 club
(11, -4, D:1)
  a +0 short sword
(14, 10, D:1)
  a +0 dagger
(15, -6, D:1)
  a +0 dagger
(15, -5, D:1)
  a +0 club
(17, 25, D:1)
  a +0 dagger
(19, 18, D:1)
  a +0 short sword
(21, -9, D:1)
  a +0 club
(25, 15, D:1)
  a +0 club
(33, -3, D:1)
  a +0 dagger
(35, 18, D:1)
  a +0 ring mail
(37, 5, D:1)
  2 large rocks

Level 2 of the Dungeon
(0, 0, D:2)
  a +0 dagger
(2, 13, D:2)
  a +0 dagger
(8, 41, D:2)
  a +0 ring mail
(11, 18, D:2)
  a +2 whip of venom
(17, -3, D:2)
  a +0 mace
(28, 16, D:2)
  a +0 scythe
  a +0 robe
(33, 2, D:2)
  a +0 leather armour
(40, 42, D:2)
  a +0 dagger
(45, 12, D:2)
  4 stones
(56, 13, D:2)
  a +0 ring mail

Level 3 of the Dungeon
(0, 0, D:3)
  a +0 scale mail

Level 5 of the Dungeon

