GoodOmen

Level 1 of the Dungeon
[Shop] Wimiceq's Assorted Antiques
  a scroll of enchant armour (187 gold)
  a box of beasts (1000 gold)
  a +2 sling of freezing (367 gold)
  a staff of poison (625 gold)
  a +0 helmet (112 gold)
  a +0 ring mail (100 gold)
  a scroll of identify (50 gold)
  3 scrolls of amnesia (300 gold)
(32, -11, D:1)
  4 poisoned darts
(35, -36, D:1)
  a book of Geomancy
(40, -22, D:1)
  a staff of conjuration
(41, 8, D:1)
  a +0 dagger

Level 2 of the Dungeon
(4, 9, D:2)
  a +0 dagger
(4, 36, D:2)
  a +0 dagger
(16, 10, D:2)
  a +0 short sword of freezing
(18, 10, D:2)
  a +0 whip
(26, 3, D:2)
  5 boomerangs
(35, 11, D:2)
  a +0 short sword
(41, 1, D:2)
  a +0 club
(42, 17, D:2)
  a +0 club
(42, 18, D:2)
  4 stones
(42, 20, D:2)
  a +0 spear
(48, 27, D:2)
  a +0 club
(57, 15, D:2)
  6 silver javelins

Level 3 of the Dungeon
(0, 0, D:3)
  a +0 club
(5, 18, D:3)
  7 stones
(6, 20, D:3)
  a +0 whip
  a +0 leather armour
  a +0 club
  a +0 scale mail
(6, 24, D:3)
  9 stones
(7, 4, D:3)
  4 boomerangs
(7, 21, D:3)
  a +0 club
(10, -7, D:3)
  a +0 dagger
(11, -5, D:3)
  7 stones
(13, 3, D:3)
  a +0 dagger
  a +0 robe
(14, 3, D:3)
  a +0 falchion
  a +0 dagger
  a +0 ring mail
  a +0 club
(17, -3, D:3)
  3 stones
(18, 4, D:3)
  a +0 leather armour
(20, 17, D:3)
  a +0 flail
(22, 19, D:3)
  a +0 cloak
(26, 12, D:3)
  a +0 mace
  a +0 leather armour
(28, 26, D:3)
  a +0 club
(38, 13, D:3)
  a +0 morningstar
(39, 15, D:3)
  a +0 cloak
(41, 0, D:3)
  a +0 falchion
(44, 3, D:3)
  a +0 leather armour
(48, -17, D:3)
  7 stones

Level 4 of the Dungeon
(0, 0, D:4)
  a potion of curing
(2, 2, D:4)
  13 gold pieces
(3, -1, D:4)
  a scroll of brand weapon
(5, -1, D:4)
  a +0 club
  a goblin corpse

