GoodOmen

Level 1 of the Dungeon
(0, 0, D:1)
  a +0 short sword
  2 stones
(14, 18, D:1)
  a bat corpse (skeletalised by now)
(15, 24, D:1)
  a rat corpse (skeletalised by now)
(22, -11, D:1)
  a +0 club
(33, 3, D:1)
  5 stones
(37, -12, D:1)
  a +0 dagger
  5 stones
(38, -4, D:1)
  a +0 whip
(38, 6, D:1)
  a +0 ring mail
(52, 15, D:1)
  a +2 dagger of venom

Level 2 of the Dungeon
(0, 0, D:2)
  10 gold pieces
(4, 0, D:2)
  a +0 club
(4, 4, D:2)
  a +0 robe
(6, 4, D:2)
  a +0 whip
  a +0 scale mail
  13 gold pieces
  a gnoll corpse
(15, -11, D:2)
  a +0 flail
  a +0 club
  a stone
  a kobold corpse
(17, -11, D:2)
  a quokka corpse
  a giant cockroach corpse
(18, -11, D:2)
  a +0 short sword
(20, 0, D:2)
  a rat corpse (skeletalised by now)
(24, -7, D:2)
  a +0 club
  5 stones
(24, 11, D:2)
  4 stones
(25, 9, D:2)
  a bat skeleton
(28, 25, D:2)
  a +0 dagger
  a goblin corpse (skeletalised by now)

