GoodOmen

Level 1 of the Dungeon
(0, 0, D:1)
  a +0 sling
(2, -2, D:1)
  a dart slug corpse
(4, -12, D:1)
  a +0 club
  a goblin corpse
(4, 0, D:1)
  a rat corpse
(8, -9, D:1)
  a +0 short sword
  4 stones
  a kobold corpse
(9, 0, D:1)
  a +0 quarterstaff
(11, 8, D:1)
  a giant cockroach corpse
(13, 2, D:1)
  a +0 dagger
(22, 7, D:1)
  a ball python skeleton
(22, 13, D:1)
  8 stones
(23, 7, D:1)
  a hobgoblin skeleton
(23, 9, D:1)
  a rat skeleton
(25, 9, D:1)
  a bat skeleton
(26, 10, D:1)
  a bat skeleton
(34, 9, D:1)
  4 stones
(40, -5, D:1)
  a rat corpse (skeletalised by now)

