GoodOmen

Level 1 of the Dungeon
(5, 6, D:1)
  a +0 ring mail
(11, 10, D:1)
  a +0 spear
(19, 18, D:1)
  a +0 leather armour
(23, 10, D:1)
  a +0 club
  4 stones
(24, 16, D:1)
  a +0 dagger
(24, 17, D:1)
  a +0 dagger
(26, 16, D:1)
  7 stones
(27, 16, D:1)
  a +0 spear
  4 stones
(28, 27, D:1)
  a +0 robe
(30, 17, D:1)
  a +0 club
(46, 42, D:1)
  a +0 club
(52, 19, D:1)
  a +0 short sword
(61, 31, D:1)
  a +0 dagger
(63, 23, D:1)
  a +0 short sword

Level 2 of the Dungeon
(4, -31, D:2)
  8 stones
(4, -6, D:2)
  2 stones
(24, 11, D:2)
  5 stones
(32, -46, D:2)
  9 stones
(33, -43, D:2)
  a frilled lizard corpse (skeletalised by now)
(41, -36, D:2)
  a hobgoblin skeleton
(44, -1, D:2)
  5 stones
(46, 10, D:2)
  a +0 sling
  a +0 club
(48, -46, D:2)
  an adder corpse
(48, -3, D:2)
  a +0 short sword
  4 stones

Level 3 of the Dungeon
(0, 0, D:3)
  15 gold pieces

