Xikchaka

Level 1 of the Dungeon
(0, 0, D:1)
  a +0 scale mail
(4, 1, D:1)
  a +0 short sword
(9, 15, D:1)
  a +0 hand axe
(19, 15, D:1)
  a +0 dagger
(20, 15, D:1)
  a +0 robe
(23, 32, D:1)
  a +0 club
(31, 8, D:1)
  a +0 dagger
(33, 54, D:1)
  a +0 short sword
(43, 31, D:1)
  a +0 dagger
(47, 30, D:1)
  4 stones
(47, 42, D:1)
  a +0 dagger
(51, 17, D:1)
  a +0 short sword
  2 stones
(55, 21, D:1)
  a +0 dagger
(56, 13, D:1)
  a +0 dagger
(58, 11, D:1)
  a +0 leather armour

Level 2 of the Dungeon
(0, 0, D:2)
  a +0 leather armour
(1, 11, D:2)
  a scroll of torment
(12, 19, D:2)
  a +0 dagger
(16, 0, D:2)
  8 stones
(18, 0, D:2)
  a +0 long sword
(21, 31, D:2)
  a +0 sling
(30, -8, D:2)
  a +0 club
(34, 0, D:2)
  a +0 dagger
(34, 6, D:2)
  9 stones
(40, -10, D:2)
  3 stones
(44, -13, D:2)
  a +0 falchion
(52, 15, D:2)
  a scroll of teleportation
(53, 15, D:2)
  a +0 leather armour
(57, 3, D:2)
  7 stones

Level 3 of the Dungeon
(0, 0, D:3)
  3 stones
(8, -20, D:3)
  a +0 leather armour
  a +3 war axe
(11, -35, D:3)
  a +0 chain mail
(13, -19, D:3)
  a +0 dagger
(32, -24, D:3)
  a +0 whip
(32, -16, D:3)
  a +0 war axe
(44, -8, D:3)
  a +0 dagger
(47, -27, D:3)
  a +0 leather armour
(48, -17, D:3)
  a +0 plate armour

Level 4 of the Dungeon
(13, 27, D:4)
  a +0 short sword
(16, -7, D:4)
  a +0 chain mail
  a +0 hand axe
(16, -6, D:4)
  a +0 flail
(17, -6, D:4)
  a +0 mace
(18, -6, D:4)
  a +0 club
(18, 21, D:4)
  a potion of berserk rage
(25, -15, D:4)
  3 stones
(33, 9, D:4)
  a +0 club
(34, 18, D:4)
  a +0 long sword
(36, 3, D:4)
  a staff of cold
(48, -14, D:4)
  a +0 short sword
  a +0 leather armour
(50, -12, D:4)
  a +0 dagger
  a +0 robe
  a +0 flail
(51, -1, D:4)
  8 stones
(54, 37, D:4)
  a +0 short sword
  a +0 leather armour
(55, 38, D:4)
  a +2 heavy flail
  a +0 scale mail
(56, 39, D:4)
  a +0 dagger
  a +0 whip
  a +0 dagger
  a +0 robe
  a +0 dagger
  a +0 club
(57, 0, D:4)
  a +0 dagger
  5 stones
(57, 40, D:4)
  a +0 dagger
  a +0 robe
(66, -7, D:4)
  a scroll of noise

Level 5 of the Dungeon
(0, 0, D:5)
  a +0 spear
(4, -6, D:5)
  4 stones
(6, -20, D:5)
  a +0 spear
(10, -13, D:5)
  a +0 whip
  a +0 leather armour
  a scroll of teleportation
(10, 5, D:5)
  a +0 club
  2 stones
(10, 8, D:5)
  a +0 leather armour
  a +3 dire flail of draining
(10, 11, D:5)
  a +0 giant club
(11, -13, D:5)
  a +0 hand axe
(11, -12, D:5)
  a +0 flail
(11, -10, D:5)
  a +0 flail
(11, -8, D:5)
  a +0 rapier
(16, 3, D:5)
  a +0 dagger
(17, -4, D:5)
  4 stones
(17, 3, D:5)
  a +1 mace of holy wrath
(18, 2, D:5)
  a +0 club
(19, 15, D:5)
  a +0 giant club
(21, -13, D:5)
  a +0 robe
(26, 13, D:5)
  a +0 whip
(28, 11, D:5)
  a +0 shortbow
(33, -5, D:5)
  a scroll of teleportation
  a +0 spear
(37, -15, D:5)
  a +1 whip of freezing
(40, -31, D:5)
  a +0 hammer
(41, -28, D:5)
  a +4 quarterstaff of chaos
  a +0 cloak

Level 6 of the Dungeon
(0, 0, D:6)
  4 stones
(6, -17, D:6)
  a +0 short sword
(14, -4, D:6)
  a +0 robe
(14, 17, D:6)
  the +8 short sword of Qecs {drain, SInv}
    SInv:      It lets you see invisible.
(19, 7, D:6)
  a scroll of teleportation
(28, -33, D:6)
  a +0 robe
(28, -12, D:6)
  2 stones
(29, -8, D:6)
  6 stones
(35, 1, D:6)
  a +0 club
(35, 2, D:6)
  a +0 leather armour
  a +1 heavy trident
(36, 1, D:6)
  a +0 club
(37, 1, D:6)
  3 boomerangs
  a +0 whip
  a +0 whip

Level 7 of the Dungeon
(0, 0, D:7)
  a scroll of enchant armour
(1, -3, D:7)
  a +5 flail (still there?)
  a +0 robe (still there?)
(1, 2, D:7)
  a +0 dagger
  a +0 robe

the Ecumenical Temple

