Bokogi

Level 1 of the Dungeon
(2, -37, D:1)
  a +0 dagger
(2, -29, D:1)
  a +0 scale mail
(8, -14, D:1)
  a +0 dagger
(18, -44, D:1)
  a +0 short sword
(18, -2, D:1)
  6 stones
(28, -7, D:1)
  a +0 dagger
(29, -22, D:1)
  a +3 dagger
(29, 5, D:1)
  a +0 short sword
(33, -24, D:1)
  a +0 sling
(36, -22, D:1)
  a +0 spear
(38, -4, D:1)
  a +3 mace of protection
(43, -23, D:1)
  a +0 short sword
(52, -32, D:1)
  a +0 club

Level 2 of the Dungeon
(0, 0, D:2)
  7 stones
(2, 5, D:2)
  a +0 ring mail
(3, -2, D:2)
  a +0 whip
(4, -5, D:2)
  6 boomerangs
(7, 3, D:2)
  a +0 dagger
(9, 3, D:2)
  a +0 club
(26, 16, D:2)
  3 stones
  a +0 dagger
(29, -8, D:2)
  a +0 dagger
(34, 8, D:2)
  a +0 trident
(35, -11, D:2)
  a +0 whip
  a +0 club
(35, -10, D:2)
  a +0 club
(35, 1, D:2)
  a +0 leather armour
  a +0 hand axe
(36, 34, D:2)
  a +0 leather armour
(38, 2, D:2)
  a +0 robe
(47, 6, D:2)
  a +4 quarterstaff of chaos
  a +0 cloak
(48, 9, D:2)
  a +0 hammer

Level 3 of the Dungeon
[Shop] Mora's Distillery
  a potion of curing (33 gold)
  a potion of resistance (110 gold)
  a potion of brilliance (44 gold)
  a potion of attraction (33 gold)
  a potion of lignification (33 gold)
  a potion of flight (33 gold)
  a potion of brilliance (44 gold)
  a potion of heal wounds (55 gold)
  a potion of attraction (33 gold)
(0, 3, D:3)
  6 stones
(6, 0, D:3)
  a +0 robe
(14, 13, D:3)
  a +0 scale mail
(16, -23, D:3)
  a +0 leather armour
(17, -12, D:3)
  a +0 morningstar
(25, -4, D:3)
  a +0 mace of venom
  a +0 ring mail
  a +0 whip
  a +0 leather armour
(28, -3, D:3)
  a +0 dagger
  3 stones
(28, -1, D:3)
  a +0 dagger
  a +0 robe
(36, -8, D:3)
  a +0 spear

Level 4 of the Dungeon
(4, -8, D:4)
  a +0 short sword
  5 stones
(6, 10, D:4)
  a potion of mutation
(7, 7, D:4)
  a +2 hand axe of electrocution
(12, -3, D:4)
  a +0 spear
(18, 6, D:4)
  4 stones
(21, -1, D:4)
  a +0 helmet
  a +0 scale mail
(27, 8, D:4)
  a +1 long sword of holy wrath
(28, -21, D:4)
  2 potions of lignification
  a +0 club
(29, -21, D:4)
  a +0 dagger
  a goblin corpse (skeletalised by now)
(34, 8, D:4)
  a +0 dagger
(34, 9, D:4)
  a +0 short sword
  a +0 short sword
  a +0 ring mail
(35, -1, D:4)
  a +0 hand axe
  a +0 leather armour
(35, 10, D:4)
  a +0 club
  a +0 leather armour
  a +0 hand axe
(37, -1, D:4)
  a +0 flail
(37, 0, D:4)
  a +0 club
  a +0 scale mail
(42, 16, D:4)
  a +0 robe
(45, 20, D:4)
  2 poisoned darts

Level 5 of the Dungeon
(0, 0, D:5)
  a +0 hand axe
  an orc corpse
(1, 0, D:5)
  a +0 morningstar
(3, 1, D:5)
  a +0 giant spiked club
  a black bear corpse
(4, 4, D:5)
  a +4 morningstar (still there?)
  2 stones (still there?)
  a +0 robe (still there?)
  a +4 hand axe (still there?)
  a +0 robe (still there?)
  a water moccasin corpse (still there?)
(5, 0, D:5)
  a potion of curing
(6, -1, D:5)
  a potion of cancellation
(6, 0, D:5)
  a javelin
(10, -1, D:5)
  a javelin

