Bokogi

Level 1 of the Dungeon
(0, 0, D:1)
  a +0 dagger
  a kobold corpse
(1, -45, D:1)
  4 stones
(4, -26, D:1)
  a +0 club
  a rat corpse (skeletalised by now)
(4, -25, D:1)
  a hobgoblin corpse (skeletalised by now)
(5, -42, D:1)
  a +0 club
  a goblin skeleton
(5, 4, D:1)
  a +0 leather armour
(6, -18, D:1)
  a +0 ring mail
(6, -11, D:1)
  a bat corpse (skeletalised by now)
(8, -47, D:1)
  a +0 hand axe
(12, -45, D:1)
  a rat skeleton
  a jackal skeleton
(13, -11, D:1)
  a +0 ring mail
(26, -34, D:1)
  3 boomerangs
(34, -14, D:1)
  a +0 dagger
(38, -18, D:1)
  a +0 dagger
  2 stones

Level 2 of the Dungeon
(0, 0, D:2)
  15 gold pieces
(1, 2, D:2)
  a scroll of amnesia
(7, -7, D:2)
  a +0 sling
  a +0 club
  a goblin corpse
(7, -5, D:2)
  the felid corpse of Natasha
(7, -4, D:2)
  a +0 scale mail
(8, -1, D:2)
  a potion of curing
(9, -5, D:2)
  the +0 leather armour "Cijua" {rPois Str+3}
    Str:       It affects your strength (+3).
    rPois:     It protects you from poison.
(9, -3, D:2)
  a rat corpse
(17, -8, D:2)
  a +0 short sword
  3 stones
(25, -5, D:2)
  a +0 scale mail
(30, 3, D:2)
  4 stones
(39, 2, D:2)
  a +0 dagger
  a ball python corpse
  a goblin corpse
(41, 3, D:2)
  a rat corpse

