Bokogi

Level 1 of the Dungeon
(0, 0, D:1)
  a +0 spear
(6, 15, D:1)
  a +0 dagger
(7, 26, D:1)
  a +0 dagger
(9, -3, D:1)
  a +0 dagger
(13, 28, D:1)
  a staff of conjuration
(23, 4, D:1)
  a +0 club
(23, 21, D:1)
  a +0 club
(32, 3, D:1)
  a +0 dagger
  5 stones
(39, 2, D:1)
  a +0 leather armour

Level 2 of the Dungeon
(0, 0, D:2)
  a +0 dagger
(10, -20, D:2)
  a +0 short sword
(15, 10, D:2)
  a +0 leather armour
(17, -26, D:2)
  a +0 mace
(18, 1, D:2)
  a +0 dagger
(21, -14, D:2)
  a +0 dagger
(21, 8, D:2)
  a +0 short sword
(24, -19, D:2)
  a +0 ring mail
(25, 16, D:2)
  9 stones
(26, -5, D:2)
  a +0 mace
(26, 1, D:2)
  2 stones
(35, -7, D:2)
  a +0 whip
  3 stones
(36, 1, D:2)
  a +0 short sword
(39, -27, D:2)
  a +0 dagger

Level 3 of the Dungeon
(0, 0, D:3)
  a +0 sling
(2, -19, D:3)
  a +0 spear
(7, 6, D:3)
  a +0 dagger of draining
  a +0 robe
(16, -5, D:3)
  6 stones
(31, -6, D:3)
  a +0 spear
(45, 3, D:3)
  6 stones
(47, 2, D:3)
  a +0 club

Level 4 of the Dungeon
[Shop] Yloikuv's Magic Scroll Shoppe
  a scroll of fog (56 gold)
  a scroll of torment (133 gold)
  a scroll of enchant armour (105 gold)
  a scroll of vulnerability (56 gold)
  a scroll of torment (133 gold)
  a scroll of magic mapping (105 gold)
  a scroll of fog (56 gold)
(15, 1, D:4)
  4 stones
  a +0 dagger
(16, 18, D:4)
  5 stones
(18, 2, D:4)
  a +0 dagger
(26, 19, D:4)
  2 scrolls of noise
(26, 25, D:4)
  2 scrolls of vulnerability
(34, 21, D:4)
  a +0 robe
(35, 2, D:4)
  a staff of earth
(35, 31, D:4)
  a +0 flail
(36, 28, D:4)
  a +0 dagger of protection
(37, 15, D:4)
  a +0 club
(38, 15, D:4)
  a +0 dagger
(44, 11, D:4)
  a +0 club
(50, 27, D:4)
  a scroll of noise

Level 5 of the Dungeon
(10, 0, D:5)
  a +0 hand axe
(20, 8, D:5)
  a scroll of teleportation
(24, 9, D:5)
  a javelin
(29, -9, D:5)
  an iguana corpse (skeletalised by now)
(30, -21, D:5)
  3 stones
(31, -12, D:5)
  a +0 club
  a +0 leather armour
  an orc corpse (skeletalised by now)
(31, 0, D:5)
  a +0 falchion
  a +0 club
  a +0 club
  an orc corpse (skeletalised by now)
(32, -11, D:5)
  a +0 hand axe
  a +0 mace
  2 boomerangs
  a +0 leather armour
  an orc corpse (skeletalised by now)
(32, -10, D:5)
  a +0 trident
  an orc corpse (skeletalised by now)
(33, -11, D:5)
  a +0 club
(33, -10, D:5)
  a +0 club
  a +0 scale mail
  an orc corpse (skeletalised by now)
(35, -1, D:5)
  a +0 robe
(36, -23, D:5)
  3 datura-tipped darts
(40, -14, D:5)
  6 gold pieces

