Kuzon

Level 1 of the Dungeon
(5, -41, D:1)
  a +0 dagger
(6, -18, D:1)
  21 stones
(27, -15, D:1)
  a +0 chain mail
(29, -25, D:1)
  a +0 dagger
(30, -23, D:1)
  a +0 short sword (still there?)
  3 stones (still there?)
(35, -19, D:1)
  9 bolts
(37, -26, D:1)
  a +0 leather armour
(42, -30, D:1)
  a +0 ring mail

Level 2 of the Dungeon
(0, 0, D:2)
  a +0 dagger
(8, 16, D:2)
  14 gold pieces
(15, 14, D:2)
  a +0 whip
(19, 18, D:2)
  a +0 ring mail
(22, 25, D:2)
  a +0 hunting sling
(22, 41, D:2)
  a ball python corpse (skeletalised by now)
(30, 40, D:2)
  a +0 dagger
(31, -4, D:2)
  a +0 whip
(55, 46, D:2)
  a ball python corpse
(58, 43, D:2)
  a potion of mutation

