Kuzon

Level 1 of the Dungeon
(0, 0, D:1)
  6 stones
(0, 11, D:1)
  a +0 rapier
(6, 19, D:1)
  a +0 dagger
(7, 7, D:1)
  6 stones
(15, 8, D:1)
  a +0 ring mail
(25, 15, D:1)
  a hobgoblin corpse (skeletalised by now)
(25, 17, D:1)
  a hobgoblin corpse (skeletalised by now)
(34, 13, D:1)
  a staff of conjuration
(37, 26, D:1)
  a rat corpse
(37, 28, D:1)
  a hobgoblin corpse
(40, 27, D:1)
  a +0 short sword
(41, 37, D:1)
  a ball python corpse
(42, 37, D:1)
  a +0 short sword
  5 stones
  a kobold corpse
(42, 44, D:1)
  2 scrolls of vulnerability
(43, 49, D:1)
  a +0 ring mail
(44, 43, D:1)
  a +0 dagger
  a +0 dagger
(52, 32, D:1)
  a scroll of brand weapon
(53, 32, D:1)
  a stone

