Kuzon

Level 1 of the Dungeon
(0, 0, D:1)
  23 bolts
(2, 11, D:1)
  a +0 short sword (still there?)
  5 stones (still there?)
(4, 33, D:1)
  a +0 club (still there?)
  4 stones (still there?)
(10, -1, D:1)
  a +0 leather armour
(13, 2, D:1)
  a +0 whip
(31, 30, D:1)
  a +0 robe
(47, 8, D:1)
  a +0 dagger
(47, 9, D:1)
  a +0 short sword
  5 stones
(47, 33, D:1)
  a +0 leather armour
(50, 32, D:1)
  a +0 dagger

Level 2 of the Dungeon
(21, 10, D:2)
  a +0 dagger
(22, 11, D:2)
  a +0 dagger
(24, 31, D:2)
  a +0 short sword (still there?)
  4 stones (still there?)
  10 gold pieces (still there?)
(56, 44, D:2)
  a +0 club

Level 3 of the Dungeon
(0, 0, D:3)
  a +0 leather armour
(2, 2, D:3)
  6 boomerangs
(7, 21, D:3)
  20 stones
(9, -6, D:3)
  a +0 dagger (still there?)
  a +0 robe (still there?)
(11, -5, D:3)
  a +0 club (still there?)
  a +0 whip (still there?)
(11, -4, D:3)
  a +0 dagger (still there?)
  5 poisoned darts (still there?)
(12, 1, D:3)
  3 poisoned darts
(14, 23, D:3)
  a +0 dagger
(18, 10, D:3)
  a +0 ring mail
(28, 18, D:3)
  a +0 robe
(37, 27, D:3)
  a +0 club

Level 4 of the Dungeon
(0, 0, D:4)
  a potion of ambrosia
(3, -1, D:4)
  the +0 ring mail "Retois" {+Blink rPois Will-}
    rPois:     It protects you from poison.
    +Blink:    It lets you blink.
    Will:      It decreases your willpower.
(5, -7, D:4)
  a +0 dagger
(10, -1, D:4)
  a +0 giant club
(15, 10, D:4)
  a hound skeleton
(16, 11, D:4)
  a +0 robe

