Bokogi

Level 1 of the Dungeon
(0, 0, D:1)
  a bat corpse (skeletalised by now)
(0, 3, D:1)
  a +0 helmet of see invisible
(6, 4, D:1)
  a +0 whip
(8, -3, D:1)
  a +0 club
  a goblin corpse (skeletalised by now)
(9, -2, D:1)
  a ball python corpse (skeletalised by now)
(10, -4, D:1)
  a +0 dagger
(11, -4, D:1)
  a +0 dagger
  a stone
(17, -2, D:1)
  a bat corpse (skeletalised by now)
(28, 38, D:1)
  a +0 short sword
(47, 3, D:1)
  4 stones

Level 2 of the Dungeon
(0, 0, D:2)
  a rat corpse
(2, -8, D:2)
  a +0 robe
(5, 9, D:2)
  a +0 club
  a goblin corpse
(5, 14, D:2)
  7 stones
(10, -5, D:2)
  6 stones
(10, 2, D:2)
  5 stones

