Bokogi

Level 1 of the Dungeon
(0, 0, D:1)
  a +0 short sword
(1, 8, D:1)
  a naga skeleton
(1, 9, D:1)
  a tengu skeleton
(1, 10, D:1)
  a draconian skeleton
(2, 8, D:1)
  a tengu skeleton
(2, 10, D:1)
  a spriggan skeleton
(3, 8, D:1)
  a felid skeleton
(3, 9, D:1)
  a human skeleton
(3, 10, D:1)
  an orc skeleton
(10, 1, D:1)
  a hobgoblin corpse
(18, -4, D:1)
  a +0 mace
(18, 4, D:1)
  a potion of curing
(18, 7, D:1)
  2 large rocks
(19, 13, D:1)
  a +0 chain mail
(24, 8, D:1)
  a potion of flight

