GoodOmen

Level 1 of the Dungeon
(0, 0, D:1)
  a +0 dagger
(9, -14, D:1)
  6 stones
(9, 14, D:1)
  a +0 dagger
(16, -10, D:1)
  3 stones
(17, -17, D:1)
  a book of the Senses
(20, -11, D:1)
  a +0 dagger
(27, -18, D:1)
  a +0 dagger
  2 stones
(36, 8, D:1)
  a +0 short sword
  3 stones
  a +0 short sword
(43, 16, D:1)
  a +0 club

Level 2 of the Dungeon
(0, 0, D:2)
  a +0 club
(2, 0, D:2)
  a +0 club
  a +2 robe of cold resistance
(7, -11, D:2)
  a +0 club
(15, 5, D:2)
  a +0 whip
(15, 7, D:2)
  a +0 sling
  a +0 club
(16, 15, D:2)
  a +0 leather armour
(20, -21, D:2)
  a +0 dagger
(23, -8, D:2)
  a +0 dagger
  a stone
(25, -9, D:2)
  a +0 whip
  5 stones
(29, -17, D:2)
  a +0 robe
(35, 3, D:2)
  a +0 dagger of venom
  a +0 leather armour
(40, -13, D:2)
  5 stones
(40, 18, D:2)
  a +0 dagger
(51, 0, D:2)
  a +0 robe
(52, 27, D:2)
  a book of Dreams

Level 3 of the Dungeon
(0, 0, D:3)
  a +0 helmet
(12, -24, D:3)
  a +0 mace
(20, -4, D:3)
  a +0 animal skin
(23, -43, D:3)
  6 stones
(26, -17, D:3)
  a +0 robe
(28, -5, D:3)
  a staff of fire
(35, -10, D:3)
  a book of Debilitation
(43, -40, D:3)
  a +0 short sword
  a +0 whip
  a +0 short sword
  a +0 ring mail
(43, -39, D:3)
  a +0 mace
(48, -5, D:3)
  a +0 hand axe of freezing

Level 4 of the Dungeon
(30, -9, D:4)
  a +0 falchion
(31, 15, D:4)
  a +0 dagger
  3 stones
(37, -19, D:4)
  8 stones
(38, 9, D:4)
  5 stones
(53, -15, D:4)
  a +0 dagger
  a +0 robe
  a +0 dagger
  a +0 robe
(54, -22, D:4)
  a +0 dagger
  a +0 leather armour
  a +0 short sword
  a +0 leather armour
  a +0 club
  a +0 leather armour
(54, -15, D:4)
  a +0 hand axe
(55, -21, D:4)
  a +0 hand axe
  a +0 hand axe
(59, 1, D:4)
  a +0 ring mail

Level 5 of the Dungeon
(0, 0, D:5)
  2 stones
(9, -13, D:5)
  5 stones
(11, 5, D:5)
  a +0 quarterstaff
(17, -3, D:5)
  a +0 short sword
(21, 27, D:5)
  a hound corpse (skeletalised by now)
(22, 23, D:5)
  a +0 war axe
(34, -9, D:5)
  a +0 falchion
  a +0 ring mail
(35, -10, D:5)
  a +0 whip
  a +0 dagger
  a +0 robe
  an orc corpse
(36, -10, D:5)
  a +0 club
(41, 27, D:5)
  a +0 helmet

Level 6 of the Dungeon
(0, 0, D:6)
  a +0 flail
(11, -9, D:6)
  a killer bee corpse
(13, -10, D:6)
  an adder corpse
(14, -8, D:6)
  a scroll of poison

