GoodOmen

Level 1 of the Dungeon
(0, 0, D:1)
  a +0 hand axe
(19, -12, D:1)
  a +0 scale mail
(20, -34, D:1)
  3 stones
(25, -20, D:1)
  a +0 ring mail
(41, -17, D:1)
  2 javelins
(43, -6, D:1)
  a scroll of immolation

Level 2 of the Dungeon
(0, 0, D:2)
  a rat corpse (skeletalised by now)
(10, 47, D:2)
  a +0 short sword

Level 3 of the Dungeon
(0, 0, D:3)
  a potion of lignification
(3, -10, D:3)
  2 scrolls of magic mapping
(5, -8, D:3)
  a +0 mace
(6, 0, D:3)
  a worm corpse
(7, 1, D:3)
  a hobgoblin corpse
(8, -4, D:3)
  the felid corpse of Natasha
(9, -2, D:3)
  a bat corpse
(14, -6, D:3)
  8 gold pieces

