Strahd

Level 1 of the Dungeon
(0, 0, D:1)
  5 stones
(4, 33, D:1)
  a +0 dagger
(4, 43, D:1)
  a +0 mace
(6, 13, D:1)
  a +0 dagger
(17, 33, D:1)
  3 stones
  a +0 short sword
(33, 35, D:1)
  a +0 dagger

Level 2 of the Dungeon
(0, 0, D:2)
  a +0 sling
(16, 14, D:2)
  a +0 ring mail
(21, -2, D:2)
  a +0 dagger
(22, 16, D:2)
  a +0 dagger
(23, 16, D:2)
  a +0 short sword
  a +0 dagger
  a +0 dagger
  4 stones
(24, 12, D:2)
  a +1 whip of venom
  a stone
(24, 16, D:2)
  a +0 short sword
  2 stones
(25, 13, D:2)
  a +0 short sword
(26, 5, D:2)
  a +0 dagger
(26, 13, D:2)
  a +0 dagger
(30, 32, D:2)
  a +0 dagger
  2 stones
(41, 34, D:2)
  a +0 club
(47, 18, D:2)
  8 stones
(47, 19, D:2)
  a +0 dagger
(49, -7, D:2)
  6 boomerangs
(50, 4, D:2)
  a +0 sling
(54, 6, D:2)
  the felid corpse of Natasha
(56, -10, D:2)
  a +0 dagger
(56, 4, D:2)
  a +0 sling
(57, -10, D:2)
  a +0 dagger
  a +0 club
(57, 2, D:2)
  a +0 club
(58, -10, D:2)
  a +0 trident
  a +0 animal skin
(59, -10, D:2)
  a +0 club
(61, -9, D:2)
  a +0 club
  a +0 club
  a +0 sling
  a +0 dagger
(62, 14, D:2)
  a +0 robe

Level 3 of the Dungeon
(0, 0, D:3)
  a scroll of immolation
(1, -7, D:3)
  a +0 whip
(2, 0, D:3)
  a +0 hand axe
(6, -2, D:3)
  a +0 spear
(13, 2, D:3)
  a +0 dagger
(13, 3, D:3)
  6 stones
(13, 4, D:3)
  3 gold pieces
(15, 8, D:3)
  a scarf of resistance
  (unseen)
(16, 0, D:3)
  a giant cockroach corpse
(17, 5, D:3)
  a wand of iceblast (9)
(17, 7, D:3)
  10 gold pieces
(18, -3, D:3)
  a scroll of teleportation
(21, -2, D:3)
  a scroll of identify
(21, 1, D:3)
  a potion of invisibility
(22, 10, D:3)
  a scroll of blinking
(28, -2, D:3)
  10 gold pieces
(28, 1, D:3)
  9 gold pieces
(31, 2, D:3)
  a potion of curing
(31, 13, D:3)
  a worm corpse
(32, 0, D:3)
  a scroll of vulnerability
(32, 4, D:3)
  a worm corpse
(33, 6, D:3)
  16 gold pieces
(37, 4, D:3)
  a scroll of brand weapon

