Bokogi

Level 1 of the Dungeon
(8, -8, D:1)
  a +0 dagger
  a hobgoblin corpse (skeletalised by now)
  a kobold corpse (skeletalised by now)
(9, -7, D:1)
  a +0 club
(12, -10, D:1)
  a +0 hand axe
(20, -17, D:1)
  a +0 club
  a goblin corpse (skeletalised by now)
(22, 19, D:1)
  a +0 dagger
(39, 5, D:1)
  3 poisoned darts
(44, 14, D:1)
  a +0 war axe
(48, 39, D:1)
  a +0 dagger
(52, 18, D:1)
  a +0 hand axe
(58, 25, D:1)
  a +0 dagger
(61, 37, D:1)
  a +0 falchion
(63, 28, D:1)
  a +0 hand axe

Level 2 of the Dungeon
(0, 0, D:2)
  a +0 pair of gloves
(16, -6, D:2)
  an adder corpse

Level 3 of the Dungeon
(0, 0, D:3)
  14 gold pieces
(2, -4, D:3)
  a +0 club
  a goblin corpse
(3, 3, D:3)
  a scroll of identify
(12, -12, D:3)
  a +0 ring mail
(13, -11, D:3)
  a +0 hand axe
(13, -8, D:3)
  a +0 short sword of venom
  (unseen)

