Good Omen

Level 1 of the Dungeon
(0, 0, D:1)
  19 stones
(4, 9, D:1)
  19 stones
(7, -16, D:1)
  a +0 animal skin
(30, 22, D:1)
  20 stones
(31, 10, D:1)
  a +0 ring mail
(56, -5, D:1)
  17 sling bullets
(56, 15, D:1)
  a +0 leather armour

Level 2 of the Dungeon
(6, 1, D:2)
  a +0 dagger
(27, 17, D:2)
  a +0 short sword
(30, 33, D:2)
  a +0 dagger
  a +0 hunting sling
  14 stones
(31, 52, D:2)
  a book of Spatial Translocations
(38, 25, D:2)
  a +0 dagger
(41, 17, D:2)
  a staff of air
(41, 25, D:2)
  a +0 hunting sling
(41, 33, D:2)
  a +0 spear
(42, 8, D:2)
  22 bolts

Level 3 of the Dungeon
(14, -10, D:3)
  a +0 robe
(20, -17, D:3)
  a +0 short sword
(32, -24, D:3)
  a +0 short sword
  (unseen)
(36, -16, D:3)
  a +0 hand axe
(37, -27, D:3)
  a +0 short sword
(38, -33, D:3)
  8 bolts
(38, -18, D:3)
  a +0 hunting sling
  a +0 club
  13 stones
  18 gold pieces
(39, -27, D:3)
  a +0 dagger
(40, -24, D:3)
  a potion of lignification
  a +0 whip
(40, -22, D:3)
  a +0 mace
  a +0 ring mail
(41, -25, D:3)
  a +0 dagger
  2 stones
  a +4 whip
  a +0 leather armour
(41, -24, D:3)
  a +0 whip
  a +0 club
(48, -28, D:3)
  a +0 short sword

Level 4 of the Dungeon
(0, 0, D:4)
  a +0 club
(1, 18, D:4)
  6 sling bullets
(2, 11, D:4)
  a +0 ring mail
(3, -4, D:4)
  a +0 short sword (still there?)
  a +0 leather armour (still there?)
(5, 27, D:4)
  21 bolts
(6, -5, D:4)
  a +0 short sword
  a stone
(6, 24, D:4)
  a +0 hand axe
(6, 29, D:4)
  a +0 short sword
(8, 4, D:4)
  a +0 club (still there?)
  26 stones (still there?)
  a +0 leather armour (still there?)
(9, 29, D:4)
  a +0 leather armour
  26 sling bullets
(11, 2, D:4)
  a +0 hand axe
  a +0 leather armour
(12, 2, D:4)
  a +0 club (still there?)
  a +0 short sword (still there?)
  a +0 ring mail (still there?)
(13, 3, D:4)
  a +0 flail (still there?)
  a +0 whip (still there?)
  a +0 ring mail (still there?)
(13, 43, D:4)
  a +0 dagger
(14, 30, D:4)
  a +2 rapier of protection
  a +0 leather armour
(15, 29, D:4)
  a +0 dagger
  15 stones
  a +0 whip
  a +0 club
  a +0 whip
(15, 40, D:4)
  a +3 dagger
(19, 12, D:4)
  a +0 club (still there?)
  a +0 chain mail (still there?)
(25, 21, D:4)
  a +0 dagger
  a +0 robe
(26, 20, D:4)
  a +3 short sword
  a +0 leather armour
(27, 20, D:4)
  a +0 dagger
(30, 8, D:4)
  15 stones
(39, 9, D:4)
  a +0 quarterstaff
(55, 17, D:4)
  an amulet of reflection

Level 5 of the Dungeon
(0, 0, D:5)
  a +0 halberd (still there?)
  a gnoll corpse (still there?)
(0, 1, D:5)
  a +0 spear
  a gnoll corpse
(1, -5, D:5)
  19 stones
(1, 1, D:5)
  a +0 club
  a +0 whip
  a +0 flail
  a +0 whip
  a +0 leather armour
  a gnoll corpse
  a gnoll corpse
  a gnoll corpse

