GoodOmen

Level 1 of the Dungeon
(0, 0, D:1)
  a +0 sling
(0, 28, D:1)
  a +0 ring mail
(5, 20, D:1)
  a +0 whip
(10, 1, D:1)
  a +0 club
(12, -15, D:1)
  a +0 plate armour
(15, 5, D:1)
  a +0 robe
(25, -5, D:1)
  6 stones
(52, -14, D:1)
  a +0 club

Level 2 of the Dungeon
(0, 0, D:2)
  a +0 robe
(13, -15, D:2)
  5 stones
(18, -15, D:2)
  a +1 dagger of electrocution
  a +0 robe
(19, -19, D:2)
  a +0 dagger
(21, -23, D:2)
  a +0 dagger
(21, -16, D:2)
  a +0 leather armour
(24, -17, D:2)
  a +0 leather armour
(45, -43, D:2)
  an adder corpse (skeletalised by now)

Level 3 of the Dungeon
(0, 0, D:3)
  a +0 mace
(2, -9, D:3)
  a +0 whip
  a +0 leather armour
(22, -4, D:3)
  a frilled lizard corpse (skeletalised by now)
(24, -2, D:3)
  8 stones
(28, 6, D:3)
  a +0 dagger
(30, 7, D:3)
  a rat corpse (skeletalised by now)
(31, 6, D:3)
  an adder corpse (skeletalised by now)
(31, 9, D:3)
  a +0 club
  a goblin corpse (skeletalised by now)
(33, 8, D:3)
  a +0 spear
(37, 20, D:3)
  a +0 dagger
  an orc corpse
(39, 16, D:3)
  a scroll of immolation
(45, -7, D:3)
  a dart slug corpse
(48, 1, D:3)
  2 potions of cancellation
  a potion of might
(51, 0, D:3)
  18 gold pieces
(52, -2, D:3)
  a scroll of identify
(53, 10, D:3)
  5 stones
(56, -11, D:3)
  a potion of heal wounds

