Kuzon

Level 1 of the Dungeon
(0, 0, D:1)
  a +0 leather armour
(16, -16, D:1)
  a +0 robe
(17, -23, D:1)
  a +0 robe
(29, -5, D:1)
  a +0 ring mail
(29, -3, D:1)
  a +0 hand axe
(36, -21, D:1)
  a +0 leather armour

Level 2 of the Dungeon
[Shop] Nuvu's General Store
  6 stones (7 gold)
  a +0 trident (42 gold)
  a +0 ring mail (48 gold)
  a +0 rapier (48 gold)
  a potion of heal wounds (60 gold)
  a ring of protection from cold (300 gold)
  a +0 quarterstaff (48 gold)
  a scroll of fear (48 gold)
(0, 0, D:2)
  3 stones
(2, 23, D:2)
  a +0 ring mail
(11, 25, D:2)
  a +0 club
(17, 25, D:2)
  a +0 hand axe
(22, 46, D:2)
  a +0 robe
(27, 30, D:2)
  a +0 robe
(29, 40, D:2)
  a +0 short sword
  8 poisoned darts
(32, 35, D:2)
  a +0 dagger
(33, 14, D:2)
  a +0 whip
  3 stones
(39, -7, D:2)
  6 stones
(41, 7, D:2)
  a +0 short sword
  5 stones
(42, 6, D:2)
  a +0 whip
  a stone
(42, 7, D:2)
  a +0 club
(43, 5, D:2)
  a +0 dagger
(43, 22, D:2)
  the +5 ring mail of Narcissism {rElec Str+3 Int+5 Stlth-}
    Str:       It affects your strength (+3).
    Int:       It affects your intelligence (+5).
    rElec:     It insulates you from electricity.
    Stlth:     It makes you less stealthy.
(47, -6, D:2)
  a +0 leather armour
  a +0 dagger
(49, 12, D:2)
  a +0 dagger
  a +0 ring mail
(52, 12, D:2)
  a +0 short sword
  4 stones

Level 3 of the Dungeon
(0, 0, D:3)
  a +0 club
  a +0 sling
(0, 1, D:3)
  a +0 club
  a +0 club
(1, 1, D:3)
  a +0 club
(1, 4, D:3)
  a +0 sling
(3, 0, D:3)
  a +0 sling
(3, 1, D:3)
  a +0 club
(5, 1, D:3)
  a +0 club
  a +0 club
(5, 2, D:3)
  a +0 club
(7, 2, D:3)
  a +0 club
(9, 1, D:3)
  a +0 club
(10, 1, D:3)
  a +0 club
(13, 2, D:3)
  a +0 spear
(14, -2, D:3)
  a +0 club
(15, 3, D:3)
  a +0 spear
(17, -2, D:3)
  a +0 sling
(17, 0, D:3)
  a +0 hand axe
(17, 1, D:3)
  a +0 club
  a +0 club
(17, 4, D:3)
  a +0 club
(18, -3, D:3)
  a +0 club
(18, 0, D:3)
  a +0 club
(18, 1, D:3)
  a +0 dagger
  2 stones
(24, -12, D:3)
  a +0 plate armour
(26, -6, D:3)
  a +0 sling
(27, -8, D:3)
  a +0 scale mail
(27, -1, D:3)
  a +0 club
(27, 0, D:3)
  a +0 sling
  a +0 sling
(28, -10, D:3)
  a +0 sling
(28, -2, D:3)
  a +0 club
(28, -1, D:3)
  a +0 club
(31, -38, D:3)
  a +0 dagger
(31, -34, D:3)
  the felid corpse of Natasha (skeletalised by now)
(35, 1, D:3)
  a +0 whip
  a +0 dagger
(35, 2, D:3)
  a +0 club
(36, -37, D:3)
  a +0 sling
  a +0 dagger
(36, 1, D:3)
  a +0 club
  a +0 spear
(37, -38, D:3)
  a +0 whip
  a +0 chain mail
(39, 1, D:3)
  a +0 flail
(40, 4, D:3)
  a +0 club
(42, -9, D:3)
  a +0 sling
(43, -8, D:3)
  a +0 ring mail
(45, -31, D:3)
  a scroll of enchant armour
(45, 4, D:3)
  a +0 dagger
  4 stones
(46, -31, D:3)
  a scroll of silence
(46, 3, D:3)
  a +0 short sword
(47, 4, D:3)
  a +0 spear
(50, -1, D:3)
  a +0 sling
(51, 0, D:3)
  a +0 club
(51, 3, D:3)
  a +0 club
(52, 3, D:3)
  a +0 club
  a +0 spear
  a +0 spear
(53, 2, D:3)
  a +0 club
(56, -43, D:3)
  a +0 robe

Level 4 of the Dungeon
(0, 0, D:4)
  a hobgoblin corpse
(1, 0, D:4)
  a +0 club
  a +0 club
  a goblin corpse
  a goblin corpse
(7, 1, D:4)
  a +0 rapier
(8, -3, D:4)
  7 gold pieces
(8, 4, D:4)
  a dart slug corpse
(10, 10, D:4)
  a potion of heal wounds
(13, 1, D:4)
  2 stones

