GoodOmen

Level 1 of the Dungeon
(0, 0, D:1)
  a +0 chain mail
(6, 14, D:1)
  a staff of poison
(10, 4, D:1)
  a +0 club
(15, 16, D:1)
  a +0 whip
  a stone
(24, -21, D:1)
  a hobgoblin corpse (skeletalised by now)
(28, 9, D:1)
  a +0 dagger
(28, 23, D:1)
  a +0 dagger
(29, 25, D:1)
  a +0 sling
(40, 8, D:1)
  a +0 whip
  a stone
(46, 5, D:1)
  a +0 scale mail
(49, 8, D:1)
  a +0 dagger
(56, -1, D:1)
  5 stones

Level 2 of the Dungeon
(0, 0, D:2)
  a +0 glaive
(14, -1, D:2)
  a jackal corpse
(16, -33, D:2)
  a potion of cancellation
(16, 2, D:2)
  a +0 whip
  2 stones
(20, -16, D:2)
  a +0 dagger
(23, -18, D:2)
  a +0 whip
(26, -17, D:2)
  9 stones
(32, -11, D:2)
  5 stones

