Bokogi

Level 1 of the Dungeon
(0, 0, D:1)
  a +0 short sword
  3 stones
(6, -26, D:1)
  a +0 leather armour
(12, -13, D:1)
  4 javelins
(13, -19, D:1)
  a +0 chain mail
(13, 9, D:1)
  a +0 mace
(28, -26, D:1)
  a +0 dagger
  4 stones
(33, 7, D:1)
  2 javelins
(43, -14, D:1)
  a +0 chain mail
(46, -16, D:1)
  a +0 leather armour
(51, -19, D:1)
  a +0 club
(60, -2, D:1)
  a +0 dagger
  3 stones

Level 2 of the Dungeon
(0, 0, D:2)
  a +0 club
(9, 15, D:2)
  a +0 leather armour
(11, 3, D:2)
  a +0 dagger
(12, 14, D:2)
  a +0 short sword
(17, -21, D:2)
  2 poisoned darts
(19, -4, D:2)
  a +0 trident
(26, -15, D:2)
  a +0 hand axe
  a +0 chain mail
(27, -12, D:2)
  a +0 whip
(37, -16, D:2)
  6 boomerangs

Level 3 of the Dungeon
(3, -20, D:3)
  a +0 club
(4, -23, D:3)
  3 stones
  a +0 club
(4, 14, D:3)
  3 stones
(12, 14, D:3)
  a rat corpse (skeletalised by now)
(13, 6, D:3)
  a +0 club
  a goblin corpse (skeletalised by now)

