GoodOmen

Level 1 of the Dungeon
(0, 0, D:1)
  a +0 dagger
(0, 6, D:1)
  a +0 club
(0, 13, D:1)
  a +0 whip
(0, 26, D:1)
  a +0 mace
(1, 22, D:1)
  a +0 dagger
(32, 27, D:1)
  a +0 mace
(41, 9, D:1)
  a +0 short sword
(51, 9, D:1)
  8 stones

Level 2 of the Dungeon
(0, 0, D:2)
  a +1 dagger of venom
(8, -4, D:2)
  6 stones
(14, -3, D:2)
  a +0 dagger
(17, 36, D:2)
  a +0 whip
  a stone
(21, 6, D:2)
  a +0 club
(27, -12, D:2)
  a +0 short sword
  2 stones

Level 3 of the Dungeon
(0, 0, D:3)
  a +0 leather armour
(10, -43, D:3)
  a scroll of magic mapping
(13, -12, D:3)
  a +0 long sword
(19, 7, D:3)
  a +0 dagger
(20, -39, D:3)
  a staff of earth
  (unseen)
(24, -12, D:3)
  5 poisoned darts
(27, -17, D:3)
  an adder corpse
  an adder corpse
(28, -22, D:3)
  a +3 scale mail of willpower
  a +0 dagger
(29, -18, D:3)
  a +0 war axe
(29, -14, D:3)
  a +0 short sword
(31, -17, D:3)
  a +0 dagger of electrocution
  a goblin corpse

