GoodOmen

Level 1 of the Dungeon
(5, 6, D:1)
  a +0 falchion
(7, 3, D:1)
  4 stones
(11, 7, D:1)
  2 poisoned darts
(13, 13, D:1)
  a +0 leather armour
(24, 17, D:1)
  a +0 leather armour
(30, -7, D:1)
  8 stones
(44, 0, D:1)
  a +0 sling

Level 2 of the Dungeon
(0, 0, D:2)
  a +0 dagger
  2 stones
(19, -1, D:2)
  a +0 morningstar
(21, 21, D:2)
  a +0 ring mail
(23, 20, D:2)
  a +0 whip
(26, 19, D:2)
  a +0 club
(30, -4, D:2)
  4 silver boomerangs
(35, 3, D:2)
  a +0 pair of boots
(37, 28, D:2)
  a +0 club
(39, 28, D:2)
  4 stones
(45, 8, D:2)
  a +0 kite shield

Level 3 of the Dungeon
(0, 0, D:3)
  a +0 whip
  a +0 whip
  a +0 ring mail
  an orc corpse
(3, -12, D:3)
  5 large rocks
(7, 1, D:3)
  a +0 whip
  a +0 leather armour
  a scroll of identify
(25, -24, D:3)
  a quokka corpse
(26, 15, D:3)
  a +0 robe
(33, -24, D:3)
  the +0 ring mail of Nihilism {rF- rCorr Dex+7 Stlth-}
    Dex:       It affects your dexterity (+7).
    rF:        It makes you vulnerable to fire.
    rCorr:     It protects you from acid and corrosion.
    Stlth:     It makes you less stealthy.
(38, -31, D:3)
  a frilled lizard corpse

