Bokogi

Level 1 of the Dungeon
(0, 0, D:1)
  a +0 club
(8, 9, D:1)
  2 poisoned darts
(15, 13, D:1)
  9 stones
(16, 44, D:1)
  a +0 club
(17, 36, D:1)
  a +0 dagger
  3 stones
(21, 16, D:1)
  a +0 sling
(23, -2, D:1)
  2 stones
(26, 37, D:1)
  7 stones
(29, 21, D:1)
  a +0 leather armour
(43, 6, D:1)
  a +0 club
(43, 7, D:1)
  a +0 dagger
(46, 25, D:1)
  a +0 short sword
  a +0 short sword
  4 stones
(47, 6, D:1)
  a +0 club

Level 2 of the Dungeon
(0, 0, D:2)
  4 stones
(19, -3, D:2)
  a +0 dagger
(26, -7, D:2)
  6 stones
(33, -6, D:2)
  a +0 dagger
(33, -5, D:2)
  a worm corpse
(37, 20, D:2)
  a +0 dagger
(38, 32, D:2)
  a +0 club
(49, 30, D:2)
  a +0 club
(51, 31, D:2)
  a +0 dagger
(54, 16, D:2)
  a +0 war axe
(56, 0, D:2)
  11 gold pieces
(57, 1, D:2)
  a +0 club
  a +0 club
  a potion of flight
  a hobgoblin corpse

