Kuzon

Level 1 of the Dungeon
(2, -5, D:1)
  a +0 club
(18, 1, D:1)
  a +0 chain mail
(19, -4, D:1)
  a +0 short sword
  5 stones
(26, 4, D:1)
  a +0 short sword
(36, -23, D:1)
  5 large rocks
(36, -18, D:1)
  a +0 dagger
(38, 4, D:1)
  5 stones
(44, -21, D:1)
  3 stones
(45, -32, D:1)
  a +0 dagger
(53, -32, D:1)
  a +0 club
(55, -13, D:1)
  a +0 hand axe
(57, -9, D:1)
  a +0 club

Level 2 of the Dungeon
(0, 0, D:2)
  a +0 club
(3, 26, D:2)
  a bat corpse (skeletalised by now)
(9, 32, D:2)
  a hobgoblin corpse (skeletalised by now)
(12, -17, D:2)
  a +0 hand axe
(18, 14, D:2)
  a wand of paralysis (9)
(23, -6, D:2)
  a frilled lizard corpse
(26, 17, D:2)
  3 gold pieces
(28, 14, D:2)
  16 gold pieces
(28, 15, D:2)
  a +0 short sword
(31, 10, D:2)
  the +2 helmet of Bad Feelings {rPois Regen+ Dex-2 SInv}
    Dex:       It affects your dexterity (-2).
    rPois:     It protects you from poison.
    SInv:      It lets you see invisible.
    Regen:     It increases your rate of health regeneration.
  (unseen)
(32, 12, D:2)
  a scroll of identify
(34, 5, D:2)
  4 stones
(34, 15, D:2)
  11 gold pieces

