Bokogi

Level 1 of the Dungeon
(12, 3, D:1)
  a +0 club
(13, 32, D:1)
  5 stones
(22, 3, D:1)
  a +0 robe
(25, 34, D:1)
  a +0 hand axe
(27, 7, D:1)
  a +0 short sword
(47, 21, D:1)
  a +0 whip

Level 2 of the Dungeon
[Shop] Kaeramnytal's Antique Weapon Emporium
  a +3 mace of holy wrath (537 gold)
  a +0 trident (84 gold)
  a +0 mace (72 gold)
  a +0 dagger (48 gold)
  a +0 rapier (96 gold)
  a +4 dagger of speed (672 gold)
(0, 0, D:2)
  a +0 spear
(4, -21, D:2)
  a +0 club
(14, -19, D:2)
  a +0 short sword
(15, -7, D:2)
  a +0 ring mail
(16, -30, D:2)
  2 boomerangs
(22, -40, D:2)
  a +0 dagger
(31, -29, D:2)
  a +0 dagger

Level 3 of the Dungeon
(0, 0, D:3)
  a +0 dagger
  a +0 leather armour
  an orc corpse
(5, -4, D:3)
  a ball python corpse
(6, -3, D:3)
  a quokka corpse
(11, -30, D:3)
  a +0 dagger
(12, -14, D:3)
  a +0 club
  a +2 antimagic hand axe
  an orc corpse
  a ball python corpse
(13, -13, D:3)
  a +0 whip
  a +0 scale mail
  an orc corpse
(31, -37, D:3)
  an adder corpse (skeletalised by now)
(33, -39, D:3)
  a +0 short sword
(36, -40, D:3)
  a +0 war axe
(39, -35, D:3)
  a +0 flail
  an orc corpse (skeletalised by now)

Level 4 of the Dungeon
(0, 0, D:4)
  a +0 leather armour
(11, 4, D:4)
  a +1 dagger of holy wrath
  a +0 leather armour
  the goblin corpse of Ijyb

