Kuzon

Level 1 of the Dungeon
(2, -32, D:1)
  3 poisoned darts
(7, -22, D:1)
  a +0 club
(7, -21, D:1)
  a +0 ring mail
(11, -28, D:1)
  a +0 club
(22, 4, D:1)
  6 stones
(25, -23, D:1)
  a +0 whip
  2 stones
(26, -23, D:1)
  5 stones
(28, -17, D:1)
  a +0 dagger
(29, -13, D:1)
  a +0 club
(38, -19, D:1)
  a +0 scale mail
(40, -8, D:1)
  3 boomerangs

Level 2 of the Dungeon
(0, 0, D:2)
  a potion of lignification
(2, 2, D:2)
  a staff of conjuration
(3, 7, D:2)
  a +0 sling
  a +0 dagger
(7, 13, D:2)
  6 stones
(7, 37, D:2)
  a +0 whip
(17, -13, D:2)
  a +0 ring mail
(17, 1, D:2)
  a +0 club
(51, -18, D:2)
  a +0 leather armour
(53, 21, D:2)
  a +0 short sword
(60, -2, D:2)
  3 stones

Level 3 of the Dungeon
(0, 0, D:3)
  a book of the Hunter
(4, 0, D:3)
  a scroll of noise
(8, -11, D:3)
  a +0 club
(9, 2, D:3)
  4 boomerangs
(10, -6, D:3)
  a +0 mace
(23, -4, D:3)
  a +0 sling
  a +0 dagger
(26, 9, D:3)
  a +0 club
  4 stones
(42, -1, D:3)
  a +0 flail
(44, 1, D:3)
  a +0 flail
  a +0 trident
  a +0 leather armour
(46, 2, D:3)
  a +0 club

Level 4 of the Dungeon
(0, 0, D:4)
  a +0 club
  a +0 club
  a gnoll corpse
(0, 1, D:4)
  a +0 halberd
  a gnoll corpse
(2, 0, D:4)
  a +0 dagger
(3, 1, D:4)
  a +0 club
  a goblin corpse
(5, -2, D:4)
  a +0 club
  a +0 club
  a +0 animal skin
  a +0 helmet
  a goblin corpse
(8, -1, D:4)
  a hobgoblin corpse
(9, -1, D:4)
  a +0 club
  a +0 dagger
  a +0 dagger
  a +0 sling
  a hobgoblin corpse
  a goblin corpse
  a goblin corpse
(10, -1, D:4)
  a +0 club

