Kuzon

Level 1 of the Dungeon
(2, -20, D:1)
  a +0 dagger
(16, -16, D:1)
  2 atropa-tipped darts
(22, -38, D:1)
  a +0 short sword
(33, 14, D:1)
  4 javelins
(44, 15, D:1)
  4 stones
(52, 9, D:1)
  a +0 dagger
(55, 4, D:1)
  a +0 dagger

Level 2 of the Dungeon
(0, 0, D:2)
  a +0 club
  a +0 sling
(7, 1, D:2)
  a +0 scale mail
(27, -30, D:2)
  a +0 hand axe
(32, -1, D:2)
  a +0 robe
(33, -21, D:2)
  5 stones
  a +0 dagger
(33, 20, D:2)
  a +0 short sword
(41, 13, D:2)
  a +0 club
(56, 9, D:2)
  a +0 sling of freezing
(63, 6, D:2)
  3 stones
(65, 7, D:2)
  a +0 dagger

Level 3 of the Dungeon
(12, -2, D:3)
  a +0 dagger
(14, -5, D:3)
  a +0 dagger
(17, -6, D:3)
  a +0 dagger of venom
(19, -10, D:3)
  a +0 leather armour
(19, -6, D:3)
  a +0 ring mail
(20, -25, D:3)
  a +0 whip of freezing
(23, 0, D:3)
  a +0 short sword
(29, -15, D:3)
  a +0 dagger
(29, 13, D:3)
  a +0 short sword
(33, -21, D:3)
  a +0 short sword
  a +0 leather armour
(34, -21, D:3)
  a +0 dagger
  a +0 robe
(36, -36, D:3)
  a +0 barding
(40, -13, D:3)
  a +0 flail
  a +0 leather armour
(40, -11, D:3)
  a +0 short sword
(40, -10, D:3)
  a +0 dagger
  2 boomerangs

Level 4 of the Dungeon
(5, -24, D:4)
  a +0 hand axe
  3 stones
  a +0 leather armour
(5, -23, D:4)
  a +0 mace
(6, -24, D:4)
  a +0 flail
  a +0 leather armour
(13, -21, D:4)
  a +0 dagger
  a +0 robe
(14, -34, D:4)
  a +0 club
(17, -27, D:4)
  3 stones
(18, -32, D:4)
  a +0 short sword
  a stone
(23, -2, D:4)
  5 poisoned darts
(25, -10, D:4)
  a +0 ring mail
(27, -2, D:4)
  a +0 dagger
  a +0 robe
(28, -1, D:4)
  a +0 dagger
  a +0 robe
(29, -28, D:4)
  a +0 flail
(29, -1, D:4)
  a +0 dagger
  a +0 robe
  a +0 whip
(31, -12, D:4)
  a +0 falchion
(33, -11, D:4)
  a +0 club
  a +0 leather armour
(34, -10, D:4)
  a +0 club
  a +0 dagger
  2 boomerangs
(35, -10, D:4)
  a +0 war axe
(38, -3, D:4)
  a +0 club

Level 5 of the Dungeon
(0, 0, D:5)
  a +0 dagger
  an orc corpse
(1, 4, D:5)
  a +0 war axe
  an orc corpse (skeletalised by now)
(2, -18, D:5)
  a +0 morningstar
  an orc corpse
(2, 4, D:5)
  a +0 whip
  a +0 leather armour
(15, -12, D:5)
  a +0 dagger
(15, -10, D:5)
  a hound skeleton
(15, 1, D:5)
  a water moccasin corpse
  an adder corpse
(15, 2, D:5)
  a +0 dagger
(15, 3, D:5)
  an iguana corpse
(16, -6, D:5)
  a jackal skeleton
(17, -6, D:5)
  a jackal skeleton
  a jackal skeleton
  a jackal skeleton
(27, -18, D:5)
  a +0 dagger
(32, -10, D:5)
  8 gold pieces
(33, -25, D:5)
  a +0 leather armour
(37, -15, D:5)
  an adder corpse

