GoodOmen

Level 1 of the Dungeon
(0, 0, D:1)
  a +0 dagger
(6, -16, D:1)
  3 datura-tipped darts
(17, 13, D:1)
  a +0 dagger
(31, 0, D:1)
  a +0 dagger
  4 stones
(33, 0, D:1)
  a +0 dagger
(41, -2, D:1)
  a +0 dagger
(44, -39, D:1)
  5 poisoned darts
(55, 10, D:1)
  a +0 shortbow

Level 2 of the Dungeon
(0, 0, D:2)
  a +0 dagger

Level 3 of the Dungeon
(0, 0, D:3)
  a +0 spear
(6, 1, D:3)
  7 stones
(10, -2, D:3)
  6 boomerangs
(10, 1, D:3)
  a dart slug corpse
(13, -12, D:3)
  a +0 short sword
  2 stones
  a kobold corpse (skeletalised by now)
(17, -21, D:3)
  a +0 ring mail
(18, -19, D:3)
  an adder corpse (skeletalised by now)
(19, -11, D:3)
  an adder corpse
(21, 6, D:3)
  a +0 hand axe
(22, 3, D:3)
  a quokka corpse
(25, -14, D:3)
  a frilled lizard corpse

Level 4 of the Dungeon
(12, 28, D:4)
  a +0 buckler
(14, 14, D:4)
  a +0 dagger
(33, -3, D:4)
  8 stones

