Bokogi

Level 1 of the Dungeon
(0, 0, D:1)
  a +0 short sword
  4 stones
(5, -32, D:1)
  a +0 spear
(9, -21, D:1)
  a +0 hand axe
(11, 1, D:1)
  a +0 chain mail
(16, -8, D:1)
  a +0 club
(16, 3, D:1)
  a +0 dagger
(22, 5, D:1)
  4 poisoned darts
(24, 6, D:1)
  a staff of poison
(31, -23, D:1)
  5 stones
(35, -25, D:1)
  a +0 whip
(44, -34, D:1)
  2 stones
(52, -4, D:1)
  a +0 club
(53, -28, D:1)
  7 stones

Level 2 of the Dungeon
(2, 9, D:2)
  a +0 club
  4 stones
(18, 32, D:2)
  a +0 whip
(18, 34, D:2)
  a +0 ring mail
(19, -10, D:2)
  a +0 club
(20, 38, D:2)
  a +0 spear
(21, 29, D:2)
  a +0 hand axe
(23, 17, D:2)
  3 stones
(26, -10, D:2)
  a +0 dagger
(30, 8, D:2)
  a +0 sling
(37, 9, D:2)
  6 boomerangs
(48, 12, D:2)
  a +0 dagger

Level 3 of the Dungeon
(0, 0, D:3)
  a +0 mace
(0, 1, D:3)
  5 poisoned darts
(11, 17, D:3)
  a +0 short sword
  an orc corpse
(12, 16, D:3)
  a +0 falchion
(12, 17, D:3)
  a +0 short sword
  a +0 chain mail
(25, 20, D:3)
  a rat corpse
(27, 3, D:3)
  a rat corpse (skeletalised by now)
(31, 19, D:3)
  a ball python corpse

