GoodOmen

Level 1 of the Dungeon
[Shop] Agosaq's Antique Weapon Emporium
  a +0 hand axe (60 gold)
  a +5 antimagic battleaxe (930 gold)
  a +0 hand axe (60 gold)
  a +0 mace (60 gold)
  the +5 quarterstaff of Perversion {flame, rElec rN+ rCorr} (1120 gold)
    rElec:     It insulates you from electricity.
    rN:        It protects you from negative energy.
    rCorr:     It protects you from acid and corrosion.
  a +5 mace of protection (612 gold)
  the +6 dagger of Ulitzufatz {drain, rElec rC+ Int+3} (1218 gold)
    Int:       It affects your intelligence (+3).
    rC:        It protects you from cold.
    rElec:     It insulates you from electricity.
  a +0 club (20 gold)
(0, 0, D:1)
  4 javelins
(3, 38, D:1)
  6 stones
(24, 36, D:1)
  a +0 ring mail
(27, 6, D:1)
  a +0 club
(29, 4, D:1)
  a +0 dagger
  4 stones
(30, 11, D:1)
  a +0 scale mail
(31, 3, D:1)
  3 stones
(35, 31, D:1)
  a +0 antimagic dagger
(41, 42, D:1)
  a stone
(57, 36, D:1)
  a jackal corpse (skeletalised by now)

Level 2 of the Dungeon
(0, 0, D:2)
  a +0 club
(3, -3, D:2)
  a worm corpse

