Kuzon

Level 1 of the Dungeon
(0, 0, D:1)
  5 stones
(5, -11, D:1)
  a +0 club
(5, 13, D:1)
  a +0 whip
  a +0 scale mail
(6, -10, D:1)
  a +0 dagger
(7, -10, D:1)
  a +0 dagger
(17, 9, D:1)
  a +0 dagger
(17, 12, D:1)
  a +0 scale mail
(21, -18, D:1)
  4 stones
(22, 1, D:1)
  8 stones
(37, 2, D:1)
  3 stones
(42, 10, D:1)
  a +0 flail
(42, 12, D:1)
  a +0 club
(43, 9, D:1)
  a +0 robe
(43, 10, D:1)
  a +0 club

Level 2 of the Dungeon
(0, 0, D:2)
  a +0 dagger
  a goblin corpse
(1, 3, D:2)
  a +0 robe
(13, 6, D:2)
  a +0 club
  a goblin corpse
(28, 3, D:2)
  a +0 dagger
  an adder corpse
  a kobold corpse
(33, 7, D:2)
  a hobgoblin corpse
(34, 7, D:2)
  a +0 ring mail
(35, 5, D:2)
  9 gold pieces

