Kuzon

Level 1 of the Dungeon
[Shop] Leotraos's General Store
  a +0 short sword (39 gold)
  a +0 mace (39 gold)
  a wand of polymorph (7) (127 gold)
  a +0 trident (45 gold)
  a scroll of noise (13 gold)
  a potion of curing (39 gold)
  a scroll of teleportation (39 gold)
  2 potions of curing (78 gold)
  a wand of flame (14) (127 gold)
(0, 0, D:1)
  a +0 mace
(7, 26, D:1)
  a +0 spear
(12, 47, D:1)
  a +0 leather armour
(13, 40, D:1)
  5 stones
(41, 34, D:1)
  a +0 dagger
(48, 40, D:1)
  a +0 sling
(49, 27, D:1)
  a +0 war axe
(54, 21, D:1)
  a +0 club
(56, 20, D:1)
  a +0 dagger
(59, 18, D:1)
  4 stones

Level 2 of the Dungeon
(0, 0, D:2)
  a +0 dagger
  3 stones
(1, 20, D:2)
  a +0 club
(7, 5, D:2)
  a +0 leather armour
(10, 20, D:2)
  a +0 club
(16, 21, D:2)
  a +0 flail
(17, 20, D:2)
  a +0 spear
(18, 20, D:2)
  a +0 whip
(21, 24, D:2)
  a +0 dagger
  3 stones
(22, 6, D:2)
  a +0 dagger
(27, 1, D:2)
  a +0 whip
(36, 4, D:2)
  4 stones
(38, 1, D:2)
  a +0 club
(39, 4, D:2)
  a +0 chain mail

Level 3 of the Dungeon
(10, -8, D:3)
  a +0 short sword
(11, 23, D:3)
  7 stones
(18, -19, D:3)
  a +0 sling
(21, -15, D:3)
  9 stones
(21, -5, D:3)
  a +0 short sword
  a +0 flail
(21, -4, D:3)
  a +0 dagger
(22, -19, D:3)
  a +0 dagger
(24, -12, D:3)
  a +0 club
(27, 2, D:3)
  5 stones
(33, 9, D:3)
  a +0 leather armour
(35, 6, D:3)
  the +11 dagger of Outrage {drain, Will+ rCorr Int-5}
    Int:       It affects your intelligence (-5).
    rCorr:     It protects you from acid and corrosion.
    Will:      It increases your willpower.
  (unseen)
(36, 16, D:3)
  a +0 dagger
(40, 16, D:3)
  3 scrolls of vulnerability

Level 4 of the Dungeon
(0, 0, D:4)
  a scroll of vulnerability
(15, -7, D:4)
  a +0 robe
  a +0 whip of electrocution
(20, -36, D:4)
  a +0 dagger
(23, -23, D:4)
  a +0 dagger
(23, -8, D:4)
  a +0 dagger
(23, -7, D:4)
  a +0 ring mail
(24, -34, D:4)
  a +5 short sword of protection
  a +1 chain mail of fire resistance
  a +0 helmet
(24, -27, D:4)
  a +0 club
(24, -26, D:4)
  a +2 dagger of venom
(24, -25, D:4)
  a +0 dagger
  a +0 dagger
(25, -33, D:4)
  a +0 dagger
(25, -32, D:4)
  a +0 club
(27, -31, D:4)
  a +0 club
(28, -43, D:4)
  5 stones
(30, 5, D:4)
  4 stones
(35, -30, D:4)
  a +0 robe

Level 5 of the Dungeon
(0, 0, D:5)
  6 stones
(4, 6, D:5)
  5 stones
(7, 0, D:5)
  5 stones
(9, 3, D:5)
  a +0 whip
  a +0 robe
(9, 21, D:5)
  a scroll of vulnerability
(18, -2, D:5)
  a +0 quarterstaff
(24, 13, D:5)
  5 stones
(29, 18, D:5)
  6 boomerangs of dispersal
(45, 37, D:5)
  7 stones

Level 6 of the Dungeon
(0, 0, D:6)
  a +0 club
  a +0 club
(1, 0, D:6)
  a +0 spear
  a +0 spear
  a +0 scale mail
(16, -30, D:6)
  a +0 hand axe
  a +0 ring mail
(20, -31, D:6)
  a +1 animal skin
(21, -3, D:6)
  a +0 robe
  a +0 dagger
(23, -42, D:6)
  8 stones
(23, -41, D:6)
  a +0 spear
(24, -42, D:6)
  5 boomerangs
(24, -41, D:6)
  a +0 spear
(27, -6, D:6)
  a +0 leather armour
  a +0 war axe
(27, 1, D:6)
  a +0 robe
(28, -11, D:6)
  a +0 giant spiked club
(32, -9, D:6)
  a +0 leather armour
  a +0 hand axe
(37, -15, D:6)
  a +0 ring mail
(39, -39, D:6)
  4 stones

Level 7 of the Dungeon
(0, 0, D:7)
  a +0 flail
(3, 14, D:7)
  a +0 rapier
(10, 28, D:7)
  a +0 short sword
  a +0 robe
(11, 22, D:7)
  a +0 spear
(11, 25, D:7)
  a +0 scimitar
  a +0 robe
(11, 27, D:7)
  a +0 short sword
  a +1 robe of cold resistance
(16, 3, D:7)
  a +0 scale mail
(22, -6, D:7)
  4 poisoned darts
(24, 34, D:7)
  a +0 hand axe
(25, 32, D:7)
  a +0 halberd
  a +0 chain mail
(25, 33, D:7)
  a +0 dagger
  a +0 robe
(25, 34, D:7)
  a +0 whip
(27, 33, D:7)
  a +0 short sword
(31, 18, D:7)
  a +0 flail
(38, 25, D:7)
  a +0 falchion
(40, 20, D:7)
  a +5 mace
  a +0 leather armour
  a +0 club
(41, 21, D:7)
  a +0 flail
  a +0 dagger
  a +0 robe
(43, 18, D:7)
  7 stones

Level 8 of the Dungeon
(0, 0, D:8)
  a +0 falchion
(28, 6, D:8)
  5 stones
(29, -6, D:8)
  a +0 flail
  a +0 plate armour
(29, -5, D:8)
  a +0 dagger of protection
  a +0 robe
(29, 8, D:8)
  a +1 sling of draining
(29, 15, D:8)
  a +0 leather armour
(31, -6, D:8)
  a +0 dagger
  a +0 robe
(31, -5, D:8)
  a +0 mace
(34, -4, D:8)
  a +0 hand axe
(40, 18, D:8)
  a scroll of torment
(46, -14, D:8)
  a +0 leather armour

Level 9 of the Dungeon
(0, 0, D:9)
  5 poisoned darts
(17, 30, D:9)
  a +0 trident
(19, 26, D:9)
  a +0 ring mail
(29, 1, D:9)
  a stone
(29, 24, D:9)
  a +0 spear
(31, -8, D:9)
  a +0 falchion
(31, 24, D:9)
  a +0 pair of boots
(34, -3, D:9)
  a +0 dagger
  a +0 robe of positive energy
(35, -1, D:9)
  a +0 dagger
  a stone
(35, 0, D:9)
  a +0 short sword
(36, 1, D:9)
  a +0 club
  5 stones
(37, 2, D:9)
  a +0 short sword
  a +0 dagger
  a curare-tipped dart
(50, 34, D:9)
  a +0 dagger of electrocution
  a +0 robe
(51, 35, D:9)
  a +0 trident
(52, 36, D:9)
  a +2 flail of protection
  a +0 chain mail

Level 10 of the Dungeon
(0, 0, D:10)
  a +0 robe
(13, -33, D:10)
  a ring of magical power
(15, -27, D:10)
  a staff of fire
  (unseen)

