Bokogi

Level 1 of the Dungeon
[Shop] Feunwa's Armour Emporium
  a +0 leather armour (26 gold)
  a +3 ring mail of cold resistance (338 gold)
  a +2 helmet of intelligence (279 gold)
  a +3 leather armour of poison resistance (273 gold)
  a +0 leather armour (26 gold)
  a +0 leather armour (26 gold)
  a +0 pair of gloves of stealth (149 gold)
  a scarf of invisibility (156 gold)
  a +3 scale mail of poison resistance (299 gold)
  the +3 leather armour of Amelioration {Str+3} (393 gold)
    Str:       It affects your strength (+3).
[Shop] Pewunto's Antique Weapon Boutique
  the +7 short sword of Fedhas's Displeasure {elec, rC+ Str+3 Dex+4} (1708 gold)
    Str:       It affects your strength (+3).
    Dex:       It affects your dexterity (+4).
    rC:        It protects you from cold.
  a +0 flail (84 gold)
  a +2 battleaxe of flaming (568 gold)
  a +0 dagger (48 gold)
  a +0 war axe of electrocution (256 gold)
  a +0 mace (72 gold)
  a +0 short sword (72 gold)
  a +0 vampiric war axe (300 gold)
(0, 0, D:1)
  a +0 ring mail
(1, -11, D:1)
  a ball python corpse (skeletalised by now)
(3, -14, D:1)
  a +0 trident
(3, 12, D:1)
  a +0 chain mail
(3, 20, D:1)
  6 stones
(4, 20, D:1)
  a staff of fire
(7, 3, D:1)
  5 stones
(11, -16, D:1)
  3 javelins
(12, 1, D:1)
  a +0 club
  a goblin corpse (skeletalised by now)
(15, -16, D:1)
  a rat corpse (skeletalised by now)
(19, -12, D:1)
  a +0 rapier
(21, -20, D:1)
  a +0 club
  a +0 club
  a goblin corpse (skeletalised by now)
  a kobold corpse (skeletalised by now)
(25, 14, D:1)
  a giant cockroach corpse
(28, -2, D:1)
  a +0 sling
(34, 14, D:1)
  a +0 short sword
(39, -3, D:1)
  a +2 dagger of electrocution
(39, 7, D:1)
  a +0 helmet

Level 2 of the Dungeon
(0, 0, D:2)
  a +0 club
  an adder corpse
(1, -3, D:2)
  a ball python corpse
(2, 6, D:2)
  a scroll of identify
(2, 8, D:2)
  10 gold pieces
(3, 3, D:2)
  a +0 club
  a kobold corpse
(3, 7, D:2)
  14 gold pieces

