Bokogi

Level 1 of the Dungeon
(0, 0, D:1)
  a +1 long sword of holy wrath
(0, 23, D:1)
  a +0 whip
(2, 22, D:1)
  a +0 dagger of venom
  2 stones
(20, 13, D:1)
  a +0 scale mail
(27, -1, D:1)
  a +0 club
(33, 31, D:1)
  a +0 whip
(37, 25, D:1)
  7 stones
(43, -9, D:1)
  9 stones
(44, 0, D:1)
  a +0 short sword

Level 2 of the Dungeon
(4, -3, D:2)
  4 poisoned darts
(13, -9, D:2)
  7 gold pieces
(13, -8, D:2)
  a potion of invisibility
(13, -7, D:2)
  6 stones
(14, -9, D:2)
  13 gold pieces
(14, -8, D:2)
  a scroll of teleportation
(14, -7, D:2)
  a potion of invisibility
(15, -9, D:2)
  9 gold pieces
(15, -8, D:2)
  5 gold pieces
(15, -7, D:2)
  10 gold pieces
(22, 13, D:2)
  a +0 robe
(24, -30, D:2)
  a +0 short sword
(25, -34, D:2)
  2 curare-tipped darts
(31, 8, D:2)
  a +0 short sword
(32, -22, D:2)
  a +0 scythe
  a +0 robe
(32, -19, D:2)
  a +0 short sword
(34, 18, D:2)
  a +0 dagger
  a +0 sling of flaming
(37, -33, D:2)
  a scroll of poison
(39, 6, D:2)
  a +0 club
(41, -11, D:2)
  a +0 club
(45, 3, D:2)
  a +0 dagger
  3 stones
(46, -11, D:2)
  a +0 dagger
(47, -13, D:2)
  a +0 club
  a +0 dagger
  a +0 club
(49, -13, D:2)
  a +0 spear
  a +0 animal skin
  a +0 helmet
(50, -14, D:2)
  a +0 dagger
(50, -13, D:2)
  a +0 dagger
  a +0 club

Level 3 of the Dungeon
(0, 0, D:3)
  a +0 club
(0, 3, D:3)
  a +0 robe
(3, 21, D:3)
  a +0 dagger
(8, -15, D:3)
  8 stones
(8, 11, D:3)
  3 stones
(11, 1, D:3)
  a +0 club
  3 boomerangs
(13, -23, D:3)
  7 poisoned darts
  a +0 club
(22, 0, D:3)
  a +0 whip
(27, 7, D:3)
  a +0 leather armour
(36, -22, D:3)
  a +0 flail
  a +0 ring mail
  a +0 mace
  a +0 dagger
(36, -21, D:3)
  a +0 chain mail
  a +0 war axe
(36, 0, D:3)
  a +0 robe
(37, -21, D:3)
  a +0 hand axe
(46, -12, D:3)
  a +0 dagger
  2 poisoned darts
  a +2 animal skin

Level 4 of the Dungeon
(0, 0, D:4)
  4 stones
(1, -18, D:4)
  a +1 pair of gloves
(8, 26, D:4)
  a +0 short sword
  5 stones
(9, 31, D:4)
  a +0 longbow
(30, -5, D:4)
  5 atropa-tipped darts
(33, -1, D:4)
  a +0 whip
  a +0 club
(34, -2, D:4)
  a +0 dagger
  a +0 robe
(34, -1, D:4)
  a +0 whip
  a +0 leather armour
(42, -8, D:4)
  a +0 club
(49, -13, D:4)
  a +0 robe

Level 5 of the Dungeon
[Shop] Emoghibb's Fire Supplies
  a +0 rapier of flaming (138 gold)
  a ring of protection from fire (375 gold)
  a scroll of immolation (60 gold)
  a scroll of immolation (60 gold)
  a ring of fire (375 gold)
  a +2 shortbow of flaming (261 gold)
  a +2 kite shield of fire resistance (322 gold)
  a +0 ring mail of fire resistance (165 gold)
  a ring of protection from fire (375 gold)
  a +1 ring mail of fire resistance (240 gold)
(0, 0, D:5)
  a +0 whip (still there?)
  a +0 club (still there?)
  a +0 whip (still there?)
  a +0 leather armour (still there?)
  a +0 whip of flaming (still there?)
  a +0 robe (still there?)
  a +0 club (still there?)
  a gnoll corpse (still there?)
  a gnoll corpse (still there?)
  a gnoll corpse (still there?)
  a gnoll corpse (still there?)
(1, 9, D:5)
  an adder corpse
(5, 11, D:5)
  4 stones
(9, 13, D:5)
  a +0 robe
(11, 13, D:5)
  a +0 hand axe
  an orc corpse
(13, 13, D:5)
  a +0 flail
  a +0 ring mail
(14, 17, D:5)
  a +0 heavy falchion
  a +0 leather armour
(15, 16, D:5)
  a +0 hand axe
  3 stones
  a +0 leather armour
  a +0 dagger
  a +0 leather armour
(16, 6, D:5)
  a quokka corpse
(23, -11, D:5)
  a +0 giant club
(26, 10, D:5)
  a +0 dagger
(29, 22, D:5)
  a +0 short sword
(30, -2, D:5)
  a +0 falchion
(33, 4, D:5)
  a +0 scale mail
(36, 7, D:5)
  a +0 ring mail
(38, -11, D:5)
  a +0 spear
(45, 11, D:5)
  a +0 ring mail
  a +0 mace
  a +0 leather armour
  a +0 whip
  3 boomerangs
  a +0 dagger
  a +0 leather armour
  a +0 club
  a +0 flail
(50, 22, D:5)
  a -1 dagger of freezing
(55, 31, D:5)
  a black bear corpse (skeletalised by now)

