Bokogi

Level 1 of the Dungeon
[Shop] Nilegir's Armour Shoppe
  a +0 robe (7 gold)
  a +0 leather armour (20 gold)
  a +1 leather armour of fire resistance (140 gold)
  a +0 plate armour (230 gold)
  a +0 leather armour (20 gold)
  a +0 ring mail (40 gold)
  a +0 ring mail (40 gold)
  a +0 cloak (45 gold)
  a +0 leather armour (20 gold)
  a +0 robe (7 gold)
(5, -34, D:1)
  a +0 dagger
(5, 1, D:1)
  a +2 heavy hand axe
(7, -41, D:1)
  a +0 whip
  3 stones
(8, 7, D:1)
  a +0 flail
(18, -28, D:1)
  a +0 dagger
(35, -24, D:1)
  a +0 dagger
(42, -11, D:1)
  a +0 short sword
(44, -46, D:1)
  a +0 dagger

Level 2 of the Dungeon
(0, 0, D:2)
  a +0 dagger
(17, -16, D:2)
  a +0 club
(20, -42, D:2)
  7 stones
(29, -24, D:2)
  4 stones
(34, -14, D:2)
  a +0 dagger
  4 stones
(35, 4, D:2)
  6 stones
(38, -13, D:2)
  a +0 scale mail
(52, -8, D:2)
  a +0 short sword
  a stone
(58, -29, D:2)
  a +0 dagger

Level 3 of the Dungeon
(0, 0, D:3)
  a frilled lizard corpse (skeletalised by now)
(1, -3, D:3)
  3 stones
(8, -37, D:3)
  a +0 dagger
  a +0 robe
(12, -38, D:3)
  a throwing net
(14, -44, D:3)
  a +0 falchion of electrocution
  an orc corpse
(14, -40, D:3)
  a +0 hand axe
(14, -39, D:3)
  a +0 mace
  an orc corpse
(16, -33, D:3)
  a quokka corpse
(19, -40, D:3)
  a +0 whip
(36, 8, D:3)
  an orb of mayhem
(39, -42, D:3)
  a +0 short sword
  3 poisoned darts
(43, -22, D:3)
  3 stones
(55, 2, D:3)
  5 stones

