Bokogi

Level 1 of the Dungeon
(0, 0, D:1)
  a +0 dagger
(2, 10, D:1)
  a +0 short sword
  a stone
(7, 9, D:1)
  a +0 robe
(16, -15, D:1)
  a +0 mace
(19, 8, D:1)
  a +0 ring mail
(26, 5, D:1)
  5 stones
(28, 12, D:1)
  a +0 whip
(45, -24, D:1)
  a +0 ring mail

Level 2 of the Dungeon
[Shop] Ceri's Armour Shoppe
  an orb of mayhem (169 gold)
  a +0 robe (9 gold)
  the +1 robe of Sif Muna's Regard {Dex+6} (328 gold)
    Dex:       It affects your dexterity (+6).
  a +0 scale mail (52 gold)
  a +0 leather armour (26 gold)
  a +0 ring mail (52 gold)
  a +0 scale mail (52 gold)
  a +0 scale mail (52 gold)
(2, 16, D:2)
  a +0 leather armour
(7, 37, D:2)
  a +0 club
(13, 25, D:2)
  3 stones
(16, -4, D:2)
  a +0 short sword
(17, 9, D:2)
  a +0 club
(23, 14, D:2)
  a +0 club
(26, -3, D:2)
  a +0 dagger
  a +0 flail
  a +0 scale mail
(29, -7, D:2)
  a +0 club
(33, 24, D:2)
  a +0 ring mail
(35, 0, D:2)
  a +0 robe
(38, 20, D:2)
  a +0 scale mail
(40, -8, D:2)
  a +0 hand axe
(44, 5, D:2)
  a +0 ring mail
(51, -6, D:2)
  6 stones
(56, 8, D:2)
  a stone

Level 3 of the Dungeon
(12, 6, D:3)
  a +0 quarterstaff
(19, -18, D:3)
  a +0 sling
(19, 8, D:3)
  a +0 robe
(22, 12, D:3)
  a +0 morningstar
(30, -16, D:3)
  a +0 sling
(34, -16, D:3)
  a +0 dagger
(34, 20, D:3)
  a +0 scale mail
(37, -30, D:3)
  a +0 robe
(50, 5, D:3)
  a +0 dagger of venom

Level 4 of the Dungeon
(0, 0, D:4)
  a +0 dagger
(3, 10, D:4)
  4 stones
(4, -11, D:4)
  a +0 leather armour
(7, 4, D:4)
  a +0 barding
(18, -12, D:4)
  a +0 ring mail
(26, -16, D:4)
  a +0 mace
(26, 15, D:4)
  a +0 chain mail
(52, 22, D:4)
  a +0 short sword
  a +0 leather armour
(53, 22, D:4)
  a +0 hand axe
  a +0 leather armour
(54, 23, D:4)
  a +0 trident
  a +0 chain mail
(65, 4, D:4)
  2 stones

Level 5 of the Dungeon
[Shop] Qeluiw's Weapon Boutique
  the +9 triple crossbow of Strategic Superiority {freeze, rF+ Dex+3 Stlth-} (982 gold)
    Dex:       It affects your dexterity (+3).
    rF:        It protects you from fire.
    Stlth:     It makes you less stealthy.
  a +0 sling (18 gold)
  8 stones (9 gold)
  a +0 flail (42 gold)
  a +0 longbow (78 gold)
  a +2 spear of venom (187 gold)
  a +0 dagger (24 gold)
  a +1 lajatang of speed (624 gold)
  a +0 hand axe (36 gold)
[Shop] Lepan's Assorted Antiques
  a +1 trident of venom (369 gold)
  a +0 trident (115 gold)
  a +0 chain mail (148 gold)
  a scroll of magic mapping (247 gold)
  a staff of conjuration (825 gold)
  a scroll of enchant weapon (247 gold)
  a +2 antimagic halberd (792 gold)
  a potion of invisibility (264 gold)
[Shop] Jameunn's Magic Scroll Emporium
  a scroll of silence (104 gold)
  a scroll of teleportation (33 gold)
  a scroll of fog (44 gold)
  a scroll of noise (11 gold)
  a scroll of acquirement (572 gold)
[Shop] Tufioss's Jewellery Emporium
  an amulet of guardian spirit (390 gold)
  a ring of ice (325 gold)
  an amulet of faith (520 gold)
  a +6 ring of dexterity (468 gold)
  an amulet of reflection (390 gold)
  the amulet "Neecic" {Reflect Int+5 Dex+2 SH+5} (672 gold)
    [amulet of reflection]
    
    It reflects blocked missile attacks.
    Int:       It affects your intelligence (+5).
    Dex:       It affects your dexterity (+2).
    SH:        It affects your SH (+5).
  the ring "Qoju" {rCorr Dex+3} (432 gold)
    [ring of resist corrosion]
    
    Dex:       It affects your dexterity (+3).
    rCorr:     It protects you from acid and corrosion.
  a ring of wizardry (390 gold)
  a +6 ring of strength (468 gold)
  an amulet of the acrobat (390 gold)
  a ring of fire (325 gold)
(1, -26, D:5)
  the +1 ring mail of Vyoqustre {Drain rC++ Stlth+}
    rC:        It greatly protects you from cold.
    Drain:     It drains your maximum health when unequipped.
    Stlth:     It makes you more stealthy.
(3, -27, D:5)
  a +0 leather armour
(8, -49, D:5)
  a +0 robe
(12, -2, D:5)
  a +0 chain mail
  a +0 war axe
(13, 3, D:5)
  a scroll of torment
  a scroll of noise
(26, -45, D:5)
  a scroll of vulnerability
  a +0 kite shield
  a +0 ring mail
  a +0 spear
(26, -44, D:5)
  a +0 halberd
(27, -44, D:5)
  a +0 spear
(30, -43, D:5)
  a +3 mace
  a +0 robe
(31, -13, D:5)
  a scroll of vulnerability
(33, 8, D:5)
  6 stones
(38, -2, D:5)
  8 stones
(45, -4, D:5)
  a +0 long sword
(47, -41, D:5)
  a +0 flail
(49, 5, D:5)
  a +0 robe
(60, -42, D:5)
  a +0 flail of holy wrath
(61, -30, D:5)
  a +0 robe
  a +2 trident
(61, -26, D:5)
  a +0 robe
  a +2 hand axe
(62, -30, D:5)
  a +0 robe
  a +4 war axe

Level 6 of the Dungeon
[Shop] Fismurirgh's Neck Hole
  a +0 cloak (49 gold)
  a +0 cloak (49 gold)
  a scarf of invisibility (132 gold)
  a scarf of invisibility (132 gold)
  an amulet of guardian spirit (330 gold)
  an amulet of reflection (330 gold)
  an amulet of reflection (330 gold)
(0, 0, D:6)
  a +0 spear
(1, -1, D:6)
  a +0 whip
(1, 0, D:6)
  a +0 spear
(9, -19, D:6)
  5 stones
(12, -18, D:6)
  a scroll of torment
(16, -21, D:6)
  a +0 ring mail
(17, -24, D:6)
  a +0 spear
  a +1 animal skin
(18, -16, D:6)
  a +0 flail
  a +0 whip
  a +0 flail
(18, -15, D:6)
  a +0 club
(18, -10, D:6)
  a +0 spear
(19, 0, D:6)
  a +0 short sword
(23, -20, D:6)
  a +0 whip
(24, -18, D:6)
  a +0 flail
  a +0 robe
(31, 6, D:6)
  a +0 dagger
(31, 7, D:6)
  a +0 club
(32, 10, D:6)
  a stone
(33, 7, D:6)
  a +0 dagger
  5 stones
(33, 8, D:6)
  a +0 dagger
  a stone
(38, 16, D:6)
  a +0 scale mail
  a +0 flail of protection
(39, -31, D:6)
  a +0 robe
(41, -29, D:6)
  a +3 heavy spear
  a +0 scale mail
(42, -3, D:6)
  a +0 whip
(42, 1, D:6)
  a +0 chain mail
(44, -31, D:6)
  a +0 halberd
(44, -30, D:6)
  a +0 halberd
(44, 14, D:6)
  a +2 leather armour of fire resistance
  a +0 falchion
(47, -2, D:6)
  a +0 flail
(48, -1, D:6)
  a +4 flail

Level 7 of the Dungeon
(0, 0, D:7)
  a +0 sling
(10, -17, D:7)
  a +0 ring mail
(13, -21, D:7)
  a +0 short sword
(17, -8, D:7)
  a +0 scale mail
(23, 15, D:7)
  5 stones
(30, -20, D:7)
  a +0 giant club
(36, 18, D:7)
  a +0 quarterstaff
(39, 2, D:7)
  a +0 war axe
(44, -15, D:7)
  a +5 long sword
  a +0 robe
(44, 6, D:7)
  a +0 dagger
  a +0 robe
(45, 6, D:7)
  a +0 dagger
  a +0 robe
(48, -13, D:7)
  a +2 falchion
  a +0 robe
(48, 5, D:7)
  a +0 dagger
  a +0 robe
(50, -13, D:7)
  a +0 flail
  a +0 robe
  a +0 dire flail
  a +0 robe
(59, -6, D:7)
  a +0 pair of gloves

Level 8 of the Dungeon
[Shop] Oxus Ell's Magic Scroll Boutique
  a scroll of torment (133 gold)
  a scroll of poison (56 gold)
  a scroll of poison (56 gold)
  a scroll of vulnerability (56 gold)
  a scroll of enchant armour (105 gold)
  a scroll of vulnerability (56 gold)
(0, 0, D:8)
  a +0 short sword
  an orc corpse (skeletalised by now)
(0, 1, D:8)
  a +1 vampiric dagger
  an orc corpse (skeletalised by now)
(1, 0, D:8)
  a +0 trident
(1, 1, D:8)
  a +4 war axe
  a +4 plate armour
  an orc corpse (skeletalised by now)
(9, -1, D:8)
  a +0 chain mail
(11, -38, D:8)
  a +0 dagger
  a +0 robe
(12, -38, D:8)
  a +0 dagger
  a +0 robe
(12, -37, D:8)
  a +0 dagger
  a +0 robe
  a +0 trident
  a +0 chain mail
(24, -23, D:8)
  3 large rocks
  a +0 longbow
  a centaur corpse
(25, -22, D:8)
  a book of Alchemy
(25, -21, D:8)
  a +2 heavy longbow
  (unseen)
(25, -20, D:8)
  an orb of wrath
  (unseen)
(26, -22, D:8)
  a +6 ring of strength
(26, -21, D:8)
  a +2 scale mail of fire resistance
(26, -20, D:8)
  a +1 halberd of venom
  (unseen)
(27, -22, D:8)
  an amulet of faith
(27, -21, D:8)
  the +7 plate armour of Ymohamuu {Rampage *Corrode rC++ Int+4}
    Int:       It affects your intelligence (+4).
    rC:        It greatly protects you from cold.
    *Corrode:  It may corrode you when you take damage.
    Rampage:   It bestows one free step when moving towards enemies.
(31, -4, D:8)
  a bullfrog corpse (skeletalised by now)
(33, -23, D:8)
  7 stones
(43, -42, D:8)
  a +1 falchion of venom
(50, -5, D:8)
  a stone
(60, 14, D:8)
  a +0 robe

the Ecumenical Temple

