Bokogi

Level 1 of the Dungeon
(0, 0, D:1)
  a +0 short sword
  3 stones
(1, -13, D:1)
  a +0 dagger of venom
(1, -3, D:1)
  a +0 leather armour
(2, 11, D:1)
  a +0 dagger
(3, -31, D:1)
  a +0 dagger
(8, -26, D:1)
  5 poisoned darts
(8, -20, D:1)
  a +0 short sword
(16, 13, D:1)
  a +0 club
(26, -23, D:1)
  5 poisoned darts
(27, -29, D:1)
  a +0 leather armour
(30, -30, D:1)
  4 stones
(44, -22, D:1)
  8 stones
(46, -2, D:1)
  8 stones
(54, -2, D:1)
  a +0 scale mail

Level 2 of the Dungeon
(0, 0, D:2)
  a +0 mace
(16, -14, D:2)
  a +0 dagger
(26, -19, D:2)
  3 boomerangs
(29, -16, D:2)
  a +0 quarterstaff
(30, -5, D:2)
  a +0 club
(30, 0, D:2)
  a +0 dagger
(31, -2, D:2)
  a +0 club
(32, 16, D:2)
  a +0 short sword
(43, 20, D:2)
  6 stones

Level 3 of the Dungeon
(0, 0, D:3)
  a +0 whip
(14, -23, D:3)
  a +0 club
  a +0 dagger
  a +0 leather armour
  a +0 whip
(15, -35, D:3)
  a +0 sling
(15, -23, D:3)
  a +0 dagger
  a +0 club
  a +0 dagger
  a +0 club
  a +0 club
  a +0 sling
  a +0 club
(16, -35, D:3)
  a +0 scale mail
(16, -24, D:3)
  a +0 club
  a +0 club
  a +0 animal skin
  a +0 helmet
  a +0 dagger
  a +0 robe
(16, -23, D:3)
  a +0 dagger
  a +0 shortbow
  a +0 mace
(17, -26, D:3)
  a +0 robe
(18, -41, D:3)
  a +0 dagger
(35, -6, D:3)
  a +0 sling
(42, -14, D:3)
  a +0 sling
(48, -40, D:3)
  a +0 mace

Level 4 of the Dungeon
(0, 0, D:4)
  a +0 dagger
(2, 2, D:4)
  6 poisoned darts
(6, -2, D:4)
  a +0 club
(11, -35, D:4)
  a +0 club
  a +0 ring mail
(11, 17, D:4)
  a +0 long sword
(15, -38, D:4)
  5 stones
(15, -8, D:4)
  a +0 dagger
(20, -27, D:4)
  a +0 flail
  a +0 club
  a +0 spear
(21, -27, D:4)
  a +0 spear
(28, -2, D:4)
  a +0 leather armour

Level 5 of the Dungeon
(0, 0, D:5)
  a +0 ring mail
(1, 0, D:5)
  a +0 giant club
(5, -16, D:5)
  8 stones
(12, -6, D:5)
  a +0 scale mail
(16, 23, D:5)
  a +0 sling
(20, -4, D:5)
  a +0 glaive
  a +0 robe
(26, 33, D:5)
  an orb of mayhem
(49, 8, D:5)
  8 stones
(55, -11, D:5)
  +0 steam dragon scales
  a steam dragon skeleton
(55, 30, D:5)
  a +0 hand axe
(60, 26, D:5)
  a +0 ring mail

Level 6 of the Dungeon
(0, 0, D:6)
  a potion of heal wounds
(4, -11, D:6)
  a +0 robe
  a +4 short sword of freezing
(4, 1, D:6)
  a +0 giant club
(5, -8, D:6)
  a +0 robe
  a +0 halberd
(6, -11, D:6)
  a +0 robe
  a +5 short sword

