Kuzon

Level 1 of the Dungeon
(1, 17, D:1)
  a +0 dagger
(21, 13, D:1)
  a +1 dagger of pain
(29, 28, D:1)
  a +0 robe
(32, 5, D:1)
  a +0 short sword
(36, 12, D:1)
  a +0 dagger
  a stone
(48, -3, D:1)
  a +0 ring mail
(56, 45, D:1)
  a +0 mace of protection
(64, 18, D:1)
  a +0 dagger

Level 2 of the Dungeon
(0, 0, D:2)
  2 stones
(0, 1, D:2)
  a +0 falchion
(5, -13, D:2)
  a +0 ring mail
(7, -20, D:2)
  a +0 robe
(7, -14, D:2)
  a +0 robe
(13, -20, D:2)
  a +0 whip
(14, -26, D:2)
  a +0 whip
(15, -19, D:2)
  a +0 spear
(17, -40, D:2)
  a +0 ring mail
(24, -13, D:2)
  a +0 dagger
(24, -4, D:2)
  a +0 hand axe
(36, -27, D:2)
  the +6 scale mail of the Thistle {rF- Int+3 Slay+6}
    Int:       It affects your intelligence (+3).
    Slay:      It affects your accuracy & damage with ranged weapons and melee
    (+6).
    rF:        It makes you vulnerable to fire.
(41, -25, D:2)
  a +0 short sword
  a stone

Level 3 of the Dungeon
(0, 0, D:3)
  a +0 whip
(1, 0, D:3)
  a +0 club
(1, 30, D:3)
  a +0 dagger
(4, -9, D:3)
  a +0 halberd
(5, 5, D:3)
  a +1 mace of holy wrath
(6, 28, D:3)
  a +0 short sword
  2 stones
(6, 34, D:3)
  a +0 dagger
(8, 32, D:3)
  a +0 flail
(9, -9, D:3)
  a +0 club
(11, -1, D:3)
  5 stones
(15, 43, D:3)
  12 gold pieces
(21, 41, D:3)
  5 poisoned darts
(23, 26, D:3)
  a +0 ring mail
(26, -1, D:3)
  a +0 dagger
(28, 0, D:3)
  6 stones
(33, -1, D:3)
  a +0 ring mail
(34, 26, D:3)
  a +0 club
(35, 36, D:3)
  4 stones

Level 4 of the Dungeon
(19, -29, D:4)
  a +0 hand axe
(21, 2, D:4)
  a +0 hand axe
(23, -11, D:4)
  a +0 ring mail
  a +0 short sword
(24, 5, D:4)
  a scroll of immolation
(28, -12, D:4)
  a +0 short sword
  5 stones
(32, -17, D:4)
  4 stones
(33, -25, D:4)
  a +0 whip of flaming
(42, -18, D:4)
  a +0 vampiric dagger
  7 poisoned darts
(42, -6, D:4)
  a +0 dagger
(43, -18, D:4)
  a +0 dagger
  a +2 short sword of venom
  4 stones
(43, -17, D:4)
  a +0 whip
  5 stones
(44, -19, D:4)
  a +0 whip
(44, -18, D:4)
  a +0 dagger
  a +0 dagger
(45, -20, D:4)
  a +0 short sword of venom
  2 stones
(45, -19, D:4)
  4 stones
  a +0 short sword
(46, -19, D:4)
  a +0 dagger
  4 stones
(47, -20, D:4)
  a +0 short sword
(47, -5, D:4)
  a +0 dagger
(47, 2, D:4)
  a +0 leather armour
  a +0 hand axe
(48, -19, D:4)
  a +0 short sword
  3 stones
(50, -17, D:4)
  4 stones
  a +0 whip
(51, -11, D:4)
  a +0 chain mail
(54, -14, D:4)
  a +0 short sword
  5 stones
  a kobold skeleton
(55, 10, D:4)
  a +0 dagger
  2 stones
(56, -12, D:4)
  a +0 dagger
  3 poisoned darts
  a kobold skeleton
(57, -12, D:4)
  a +0 club
  7 poisoned darts
(58, -10, D:4)
  a +0 dagger
(58, 9, D:4)
  6 gold pieces
(61, -15, D:4)
  a human corpse (skeletalised by now)
(61, -11, D:4)
  a +0 club
(61, -10, D:4)
  a human corpse (skeletalised by now)
(63, -11, D:4)
  a human corpse (skeletalised by now)
(64, -11, D:4)
  a human corpse (skeletalised by now)
(64, -10, D:4)
  a human corpse (skeletalised by now)

the Ecumenical Temple

