Gyatzo

Level 1 of the Dungeon
[Shop] Resafaoph's Antique Weapon Emporium
  a +0 whip (60 gold)
  a +0 whip (60 gold)
  a +2 falchion of electrocution (468 gold)
  a +0 sling (36 gold)
  a +0 sling (36 gold)
  a +0 rapier (96 gold)
  a +0 great mace (156 gold)
(0, 0, D:1)
  7 stones
(1, 32, D:1)
  a +0 club
(12, 26, D:1)
  a +0 dagger
(14, 16, D:1)
  a +0 leather armour
(17, 0, D:1)
  a +0 whip
(17, 12, D:1)
  5 stones
(24, -16, D:1)
  a +0 club
(28, 2, D:1)
  5 stones
(31, 8, D:1)
  a +0 robe
(33, 18, D:1)
  a +0 dagger
  5 stones
(36, 24, D:1)
  a +0 whip
(43, -9, D:1)
  a +0 leather armour
(43, 18, D:1)
  2 poisoned darts
(44, 16, D:1)
  4 poisoned darts
(56, 13, D:1)
  a +0 short sword
(61, 22, D:1)
  a +0 robe

Level 2 of the Dungeon
(14, 29, D:2)
  a staff of fire
(32, -12, D:2)
  a +0 club

Level 3 of the Dungeon
(0, 0, D:3)
  a +0 dagger
(3, -28, D:3)
  a +0 robe
(13, -18, D:3)
  3 stones
(13, -8, D:3)
  4 stones
(15, -9, D:3)
  a +0 trident
(15, 4, D:3)
  a +0 whip
  6 poisoned darts
  a +0 robe
(16, -40, D:3)
  2 stones
(24, -4, D:3)
  a ball python corpse
(25, -21, D:3)
  a +0 scale mail
(31, -2, D:3)
  a +0 hand axe
(37, -42, D:3)
  a +0 mace
(50, -30, D:3)
  a +0 dagger
(51, -21, D:3)
  5 stones

