GoodOmen

Level 1 of the Dungeon
(0, 3, D:1)
  a +0 short sword
  5 stones
(4, 4, D:1)
  8 stones
(6, -3, D:1)
  a +0 leather armour
(7, 6, D:1)
  5 large rocks
(25, 0, D:1)
  a +0 short sword
  a stone
(26, 4, D:1)
  a +0 dagger
(34, 24, D:1)
  a +0 ring mail
(38, -3, D:1)
  a +0 short sword
(39, -1, D:1)
  a +0 hand axe
(49, -2, D:1)
  a +0 dagger

Level 2 of the Dungeon
[Shop] Mechuleumuwn's Antique Armour Emporium
  a +0 ring mail (96 gold)
  a +0 leather armour (48 gold)
  a +0 robe (16 gold)
  a +0 leather armour (48 gold)
  a +0 leather armour (48 gold)
  a +2 plate armour of fire resistance (960 gold)
  a +2 ring mail of poison resistance (432 gold)
  a +0 scale mail (96 gold)
(0, 0, D:2)
  a +0 dagger
(3, 31, D:2)
  +0 ice dragon scales
(8, 4, D:2)
  a +0 dagger
  a +0 robe
(10, 2, D:2)
  a +0 leather armour
(10, 7, D:2)
  a +0 dagger
(19, 6, D:2)
  6 stones
(29, -1, D:2)
  3 poisoned darts
(44, 14, D:2)
  6 stones
(46, 28, D:2)
  a +0 dagger
(52, 35, D:2)
  a +0 club

Level 3 of the Dungeon
(0, 0, D:3)
  a +0 short sword
  a +0 leather armour
(0, 1, D:3)
  a +0 giant club
(0, 2, D:3)
  a +0 dagger
  a +0 leather armour
(0, 7, D:3)
  a +0 flail
(1, 7, D:3)
  a +0 dagger
(10, -17, D:3)
  a +0 spear
(10, -16, D:3)
  a +0 hand axe
(11, -18, D:3)
  a +0 spear
  a +0 flail
  a +0 whip
(13, -19, D:3)
  a +0 hand axe
(15, -13, D:3)
  a +0 heavy hand axe
(16, -17, D:3)
  a +0 halberd
  a +0 spear
  a +0 ring mail
(18, -21, D:3)
  a +0 hand axe
(26, 2, D:3)
  a +0 spear
(34, 5, D:3)
  a +0 dagger
(34, 11, D:3)
  a +0 ring mail
(38, -9, D:3)
  a +0 leather armour
  a +0 flail of draining
(38, -8, D:3)
  a +0 leather armour
  a +0 whip
(39, -8, D:3)
  a +0 flail
(39, -7, D:3)
  a +0 mace
(40, -9, D:3)
  a +0 short sword
(41, -9, D:3)
  a +0 hand axe
(41, -5, D:3)
  a +0 mace
  a +0 ring mail
(44, -7, D:3)
  a +0 whip
  a +0 scale mail
(44, -6, D:3)
  a +0 whip
  a +0 club
  a +0 ring mail
(44, -5, D:3)
  a +0 whip
  3 stones
(46, -4, D:3)
  a +0 dagger

Level 4 of the Dungeon
(1, -8, D:4)
  a +0 club
(3, 6, D:4)
  a +0 ring mail
(5, -15, D:4)
  a +0 ring mail
(7, 40, D:4)
  a +0 dagger
(8, -15, D:4)
  a +0 mace
(9, -17, D:4)
  a +0 dagger
  a +0 leather armour
(12, -19, D:4)
  a +0 dagger
  a +0 leather armour
(13, 26, D:4)
  a +0 club
(14, -19, D:4)
  a +0 dagger
  a +0 robe
(32, 12, D:4)
  6 stones
(38, 8, D:4)
  a +0 dagger
(47, 41, D:4)
  a +0 robe
(57, -8, D:4)
  a +0 dagger
(57, 21, D:4)
  a +0 flail
  a +0 club
  a +0 whip
  a +0 spear
(58, -15, D:4)
  a +0 chain mail
(61, -15, D:4)
  a +0 spear

Level 5 of the Dungeon
(3, -24, D:5)
  a +0 dagger of speed
(3, -13, D:5)
  a book of Minor Magic
(9, -17, D:5)
  a +0 sling
(14, 14, D:5)
  a +0 whip
  a +0 ring mail
(18, 12, D:5)
  4 boomerangs
(21, -24, D:5)
  a +0 mace
  2 boomerangs
  a +0 flail of protection
  a +0 robe
  a +0 dagger
(23, -24, D:5)
  a +0 robe
  a +0 dagger
(23, -22, D:5)
  a +0 whip
(24, -5, D:5)
  a +0 club
(31, -10, D:5)
  a +0 leather armour
(32, -9, D:5)
  a +0 war axe
(43, 2, D:5)
  a +0 rapier
  a +0 leather armour
(44, 17, D:5)
  3 stones

Level 6 of the Dungeon
(0, 0, D:6)
  a +0 dagger
  a +0 leather armour
(5, -1, D:6)
  4 boomerangs
(5, 0, D:6)
  a +0 club
(5, 1, D:6)
  a +0 dagger
(6, 2, D:6)
  a +0 scale mail
  a +0 club
(7, 2, D:6)
  a +0 club
(18, 17, D:6)
  a +0 helmet
(21, -29, D:6)
  a +0 club
(24, -22, D:6)
  a +0 kite shield
(26, -29, D:6)
  a +0 dagger
  a +0 giant spiked club
  a +0 club
  a +0 dagger
  a +0 club
  a +0 dagger
  a +2 dagger of venom
  a +0 dagger
(26, -27, D:6)
  5 large rocks
(27, -26, D:6)
  6 large rocks
(28, -15, D:6)
  a +0 robe
(39, -4, D:6)
  a +0 shortbow
(50, -13, D:6)
  a +0 leather armour
(65, -7, D:6)
  a +0 whip

Level 7 of the Dungeon
(0, 0, D:7)
  a +0 war axe
(0, 10, D:7)
  a +0 hand axe
(5, -16, D:7)
  a +0 scale mail
(11, 16, D:7)
  a +0 robe
  a +0 short sword
(14, 16, D:7)
  a +0 long sword
  a +0 robe
(16, 18, D:7)
  a +3 short sword
  a +0 robe
(25, 0, D:7)
  a +4 spear of flaming
  a +0 ring mail
(26, 0, D:7)
  a +0 flail
(27, 0, D:7)
  a +0 spear
  a +0 halberd
(30, 21, D:7)
  a +0 ring mail
(32, -15, D:7)
  6 stones
(38, 31, D:7)
  a +5 flail
  a +0 robe
  a +3 mace
  a +0 robe
  a +0 flail
  a +0 scale mail
(40, -11, D:7)
  a +0 dagger
  a +0 ring mail
(41, -10, D:7)
  a +0 dagger
(41, -9, D:7)
  a +0 short sword
  a +0 short sword
  6 poisoned darts
(41, -7, D:7)
  a +0 short sword
(42, -7, D:7)
  a +0 whip
(45, 25, D:7)
  a +0 short sword
(50, 10, D:7)
  3 stones

Level 8 of the Dungeon
(0, 0, D:8)
  a potion of attraction
(3, -31, D:8)
  4 stones
(12, -31, D:8)
  9 stones
(13, -5, D:8)
  a wolf skeleton
(13, -2, D:8)
  a +0 flail
  a +0 ring mail
(14, -5, D:8)
  a +0 halberd
  a +0 animal skin
(15, -1, D:8)
  a +0 short sword
  a +0 ring mail
  an orc corpse
(15, 0, D:8)
  a +0 hand axe
  an orc corpse
(16, 3, D:8)
  a +0 ring mail
(17, -6, D:8)
  a wolf skeleton
(18, -6, D:8)
  a wolf skeleton
(19, -17, D:8)
  a +0 quarterstaff
(29, -13, D:8)
  a +0 rapier
(32, -13, D:8)
  a +0 hand axe
  a +0 robe
(35, -22, D:8)
  a +3 short sword of freezing
  a +0 robe
(35, -14, D:8)
  a +2 flail
  a +0 robe
(37, -31, D:8)
  a +0 dagger
(37, -22, D:8)
  a +0 spear
  a +0 robe
(38, -2, D:8)
  a +0 ring mail
(50, -8, D:8)
  a +0 robe
(53, 5, D:8)
  a +3 battleaxe of freezing
  a +0 robe
(53, 6, D:8)
  a +0 scimitar
  a +0 plate armour
  a +1 flail
  a +0 robe
(54, 5, D:8)
  a +3 morningstar of freezing
  8 stones
  a +0 robe

the Ecumenical Temple

