Z

Level 1 of the Dungeon
(3, 14, D:1)
  a +0 club
(6, 13, D:1)
  a +0 ring mail
(10, -16, D:1)
  15 stones
(10, 37, D:1)
  a +0 dagger
(12, 1, D:1)
  a +0 dagger of draining
(15, -20, D:1)
  a +0 flail
(17, -16, D:1)
  a +0 falchion
(18, 18, D:1)
  an amulet of regeneration
(19, 9, D:1)
  a +0 dagger
(20, -1, D:1)
  a +0 club
(21, -1, D:1)
  a +3 dagger of protection
(23, 16, D:1)
  a +0 dagger (still there?)
  5 stones (still there?)
  18 gold pieces (still there?)
(24, 36, D:1)
  a +0 club
(29, 7, D:1)
  a +0 club
(33, 21, D:1)
  a +0 whip
(44, 5, D:1)
  a +0 short sword

Level 2 of the Dungeon
(0, 0, D:2)
  23 stones
(0, 1, D:2)
  4 gold pieces
(2, 3, D:2)
  10 gold pieces
(9, -16, D:2)
  a giant cockroach corpse
(12, -22, D:2)
  10 gold pieces

