Bokogi

Level 1 of the Dungeon
(0, 0, D:1)
  a +0 dagger
  4 stones
(0, 3, D:1)
  a +0 dagger
(11, 12, D:1)
  a +0 club
(12, 19, D:1)
  7 stones
(12, 21, D:1)
  7 stones
(20, 18, D:1)
  a +0 halberd
(31, 1, D:1)
  a +0 dagger
(31, 4, D:1)
  a +0 dagger
(39, 21, D:1)
  a +0 dagger
(44, 17, D:1)
  a +0 dagger
(50, 20, D:1)
  a +1 sling of electrocution
(56, 31, D:1)
  6 stones

Level 2 of the Dungeon
(0, 0, D:2)
  a +0 trident
  a +0 scale mail
(4, 12, D:2)
  2 stones
(11, -13, D:2)
  a stone
(11, 9, D:2)
  a +0 dagger
(11, 27, D:2)
  a +0 dagger
(17, -1, D:2)
  a +0 robe
(18, 34, D:2)
  4 poisoned darts
(19, 36, D:2)
  8 stones
(20, 27, D:2)
  a +0 leather armour
(22, -2, D:2)
  a +0 dagger
(25, 11, D:2)
  a +0 club
(25, 28, D:2)
  a +0 dagger
(29, 27, D:2)
  a +0 scale mail
(37, -9, D:2)
  a +0 flail
(49, 11, D:2)
  a +0 hammer
(50, 28, D:2)
  a +0 hand axe
(51, 12, D:2)
  a +0 hammer
(51, 16, D:2)
  a +0 hammer
(52, 20, D:2)
  a +2 heavy hammer

Level 3 of the Dungeon
(4, 17, D:3)
  a +0 leather armour
(4, 22, D:3)
  a +0 leather armour of cold resistance
(14, 30, D:3)
  a +0 sling
(15, 1, D:3)
  a +1 sling of freezing
(17, 38, D:3)
  a +0 hand axe
(19, 13, D:3)
  6 stones
(22, 25, D:3)
  4 stones
(31, 32, D:3)
  a +0 long sword
(33, 10, D:3)
  4 poisoned darts
(42, 32, D:3)
  5 poisoned darts
(53, 19, D:3)
  a +0 dagger of venom

Level 4 of the Dungeon
[Shop] Zatasmu's Armour Shoppe
  a +0 robe (7 gold)
  a +7 plate armour of ponderousness (385 gold)
  a +0 leather armour (22 gold)
  a +2 robe of cold resistance (194 gold)
  a +2 robe of cold resistance (194 gold)
  a +0 ring mail (44 gold)
  a +1 pair of gloves of infusion (181 gold)
  a +0 chain mail (49 gold)
(9, -20, D:4)
  a +0 club
(9, -11, D:4)
  a scroll of poison
(9, -9, D:4)
  14 gold pieces
(9, 1, D:4)
  3 stones
(20, -6, D:4)
  a +0 dagger
  a +0 robe
(21, 2, D:4)
  4 stones
(24, 1, D:4)
  a +0 sling
  2 boomerangs
  a potion of lignification
  a scroll of fog
  31 gold pieces
(25, 2, D:4)
  a +0 flail
  a gnoll corpse
(27, 6, D:4)
  a +1 dagger of freezing (still there?)
  a +0 robe (still there?)
  the elf corpse of Dowan (still there?)
(28, 21, D:4)
  a +0 flail
(28, 22, D:4)
  a +0 club
  a +0 leather armour
(29, -11, D:4)
  a +0 trident
(29, 5, D:4)
  a +0 whip
  10 gold pieces
(29, 22, D:4)
  a +0 dagger
  a +0 club
  a +0 dagger
(31, 0, D:4)
  2 potions of might
(35, 9, D:4)
  a +0 mace
  5 stones
(36, -2, D:4)
  a +0 dagger
(45, -20, D:4)
  a +0 halberd
  a +0 robe
(45, 13, D:4)
  10 gold pieces
(46, -9, D:4)
  a potion of flight
(49, -6, D:4)
  a +0 ring mail

