Bokogi

Level 1 of the Dungeon
(0, 0, D:1)
  a +0 short sword
  3 stones
(3, 21, D:1)
  5 stones
(12, 19, D:1)
  4 stones
(17, 22, D:1)
  a +0 dagger
(21, 26, D:1)
  a +0 dagger
  2 stones
(24, -2, D:1)
  a +0 club
(24, 6, D:1)
  a +0 leather armour
(24, 37, D:1)
  a +0 whip
  2 stones
(30, -5, D:1)
  a +0 sling
(31, 1, D:1)
  7 stones
(34, 4, D:1)
  a +2 dagger
(40, 4, D:1)
  a +0 dagger

Level 2 of the Dungeon
(0, 0, D:2)
  a +0 dagger
(7, -33, D:2)
  2 stones
(8, -6, D:2)
  a +0 short sword
(9, -23, D:2)
  a poisoned dart
(9, -20, D:2)
  a +3 quarterstaff of chaos
  a +0 cloak
(10, -23, D:2)
  a +0 hammer
(11, 2, D:2)
  a +0 dagger
(11, 8, D:2)
  a +3 dagger
(12, 1, D:2)
  a +0 sling
(19, 8, D:2)
  8 stones
(20, 8, D:2)
  a +0 ring mail
(21, -14, D:2)
  a ball python corpse
(32, -8, D:2)
  a +0 dagger
  3 stones
(35, -4, D:2)
  a +0 robe
(40, -24, D:2)
  a +0 pair of gloves

