Good Omen

Level 1 of the Dungeon
(0, 0, D:1)
  5 poisoned darts
(4, 31, D:1)
  a +0 whip
(9, 26, D:1)
  a +0 club
  a +0 dagger
(16, 49, D:1)
  16 stones
(20, 15, D:1)
  a +0 animal skin
(22, 19, D:1)
  22 stones
(22, 21, D:1)
  a +0 dagger
(25, 30, D:1)
  26 arrows

Level 2 of the Dungeon
(5, 17, D:2)
  the +0 robe of a Labyrinth {Contam +Inv Will+++ SInv}
    SInv:      It lets you see invisible.
    +Inv:      It lets you turn invisible.
    Contam:    It causes magical contamination when unequipped.
    Will:      It greatly increases your willpower.
  a +0 hand axe
(34, 16, D:2)
  the +10 falchion "Conservator" {vorpal, rC+}
    It inflicts extra damage upon your enemies.
    
    rC:        It protects you from cold.
(39, 3, D:2)
  a +0 short sword
(43, 34, D:2)
  22 arrows
(50, 1, D:2)
  a +0 dagger
(51, 37, D:2)
  17 arrows
(52, 49, D:2)
  a +0 leather armour
(56, 41, D:2)
  18 bolts

Level 3 of the Dungeon
(0, 0, D:3)
  a +0 robe
(8, 6, D:3)
  a +0 club
(11, -2, D:3)
  a throwing net
(12, -30, D:3)
  17 sling bullets
(18, -27, D:3)
  a +0 club
  a +1 short sword of venom
  a +0 whip
  a +0 short sword
  3 stones
(21, -22, D:3)
  a +0 short sword
  3 poisoned darts
(32, -8, D:3)
  12 arrows
(41, 6, D:3)
  a +0 helmet

Level 4 of the Dungeon
[Shop] Horazug's Fire Supplies
  (Shop contents are unknown)
(0, 0, D:4)
  a jackal corpse
(0, 1, D:4)
  a jackal corpse
(4, 22, D:4)
  a +0 hand axe
  an orc corpse
(5, 22, D:4)
  a +0 dagger
  a +0 robe
  a +0 club
  a +0 chain mail
  an orc corpse
  an orc corpse
(6, 22, D:4)
  a +0 falchion
  a +0 leather armour
(7, 24, D:4)
  a +0 trident
(9, 9, D:4)
  a +0 falchion
  2 boomerangs
(13, 1, D:4)
  a +0 falchion
(22, 4, D:4)
  a +0 short sword
  a +0 leather armour
(23, 19, D:4)
  a +2 long sword (still there?)
  a +0 robe (still there?)
(29, 3, D:4)
  a +0 dagger
  3 stones
(39, -5, D:4)
  a wand of iceblast (1)
(45, -9, D:4)
  30 bolts
(46, -3, D:4)
  a +0 ring mail

