Gyatzo

Level 1 of the Dungeon
(0, 12, D:1)
  5 stones
(2, 14, D:1)
  a +0 club
  a +0 short sword
(23, -7, D:1)
  a +0 dagger
(27, 6, D:1)
  a +0 robe
(41, 15, D:1)
  a +0 whip
(44, 17, D:1)
  6 stones
(47, 24, D:1)
  5 poisoned darts

Level 2 of the Dungeon
(0, 0, D:2)
  a +0 dagger
(4, -23, D:2)
  a +0 club
(10, -9, D:2)
  a +0 dagger
(26, -1, D:2)
  a +0 club
(33, -8, D:2)
  a +0 leather armour
(38, -24, D:2)
  a +0 whip
(46, -19, D:2)
  9 stones
(47, -21, D:2)
  a +0 dagger
(54, -22, D:2)
  a +0 dagger

Level 3 of the Dungeon
(0, 0, D:3)
  8 stones
(10, -35, D:3)
  a +0 short sword
  a stone
(22, 13, D:3)
  a +0 kite shield
(25, -37, D:3)
  a +0 scale mail
(25, -2, D:3)
  a +0 dagger
  a +0 short sword
  4 stones
(27, 0, D:3)
  a +0 falchion
(34, -32, D:3)
  a +0 short sword
(43, -45, D:3)
  a +0 hand axe
(44, -43, D:3)
  the +3 scale mail of the Garden {rElec rN++ Str-4 Int-2}
    Str:       It affects your strength (-4).
    Int:       It affects your intelligence (-2).
    rElec:     It insulates you from electricity.
    rN:        It greatly protects you from negative energy.
(64, -35, D:3)
  a +0 hand axe

Level 4 of the Dungeon
(0, 0, D:4)
  5 stones
(4, 5, D:4)
  a +0 short sword
(4, 29, D:4)
  a +0 short sword
(11, -4, D:4)
  a +0 short sword
(12, 25, D:4)
  a +0 sling
(14, 18, D:4)
  a +0 hand axe
(19, 38, D:4)
  a +0 whip
  3 stones
(25, 6, D:4)
  a +0 giant club
(28, 9, D:4)
  7 stones
(28, 25, D:4)
  a +0 shortbow
(37, 35, D:4)
  4 stones

