GoodOmen

Level 1 of the Dungeon
(1, 17, D:1)
  15 sling bullets
(3, 7, D:1)
  an amulet of faith
(7, 11, D:1)
  a quokka corpse (skeletalised by now)
(10, 16, D:1)
  a +0 whip
(15, 0, D:1)
  5 stones
(18, 20, D:1)
  a ball python skeleton
(22, -6, D:1)
  a +0 club (still there?)
  4 stones (still there?)
  a kobold corpse (skeletalised by now) (still there?)
(22, 7, D:1)
  a bat corpse (skeletalised by now)
(23, 3, D:1)
  a rat corpse (skeletalised by now)
(26, 19, D:1)
  a +0 dagger
  2 stones
  a kobold corpse
(26, 20, D:1)
  a +0 club
(27, 26, D:1)
  14 arrows
(31, -2, D:1)
  a bat corpse
(33, 5, D:1)
  a staff of poison
(33, 14, D:1)
  a +0 leather armour
(34, 7, D:1)
  a bat corpse
(35, -7, D:1)
  a +0 whip
(36, 2, D:1)
  a ball python corpse

