Good Omen

Level 1 of the Dungeon
(0, 0, D:1)
  a potion of degeneration
(9, -1, D:1)
  a frilled lizard corpse
(13, 1, D:1)
  18 gold pieces
(13, 8, D:1)
  a giant cockroach corpse
(13, 9, D:1)
  a jackal corpse
(14, 0, D:1)
  a +0 whip
(33, -13, D:1)
  a +0 short sword
(33, -11, D:1)
  a hobgoblin corpse
(39, -20, D:1)
  a scroll of teleportation
(42, -10, D:1)
  a ball python corpse (skeletalised by now)
(43, -10, D:1)
  a rat corpse (skeletalised by now)
(45, -15, D:1)
  a +0 whip
  a +0 dagger
  a rat corpse (skeletalised by now)
  a kobold corpse (skeletalised by now)
(56, -24, D:1)
  21 arrows
(56, -12, D:1)
  a +0 club
  a goblin corpse (skeletalised by now)

